#
# There is insufficient memory for the Java Runtime Environment to continue.
# Native memory allocation (mmap) failed to map 121634816 bytes. Error detail: G1 virtual space
# Possible reasons:
#   The system is out of physical RAM or swap space
#   This process is running with CompressedOops enabled, and the Java Heap may be blocking the growth of the native heap
# Possible solutions:
#   Reduce memory load on the system
#   Increase physical memory or swap space
#   Check if swap backing store is full
#   Decrease Java heap size (-Xmx/-Xms)
#   Decrease number of Java threads
#   Decrease Java thread stack sizes (-Xss)
#   Set larger code cache with -XX:ReservedCodeCacheSize=
#   JVM is running with Zero Based Compressed Oops mode in which the Java heap is
#     placed in the first 32GB address space. The Java Heap base address is the
#     maximum limit for the native heap growth. Please use -XX:HeapBaseMinAddress
#     to set the Java Heap base and to place the Java Heap above 32GB virtual address.
# This output file may be truncated or incomplete.
#
#  Out of Memory Error (os_windows.cpp:3631), pid=11712, tid=8576
#
# JRE version: OpenJDK Runtime Environment (22.0.2+9) (build 22.0.2+9-70)
# Java VM: OpenJDK 64-Bit Server VM (22.0.2+9-70, mixed mode, emulated-client, sharing, tiered, compressed oops, compressed class ptrs, g1 gc, windows-amd64)
# No core dump will be written. Minidumps are not enabled by default on client versions of Windows
#

---------------  S U M M A R Y ------------

Command Line: -XX:TieredStopAtLevel=1 -Dspring.output.ansi.enabled=always -Dcom.sun.management.jmxremote -Dspring.jmx.enabled=true -Dspring.liveBeansView.mbeanDomain -Dspring.application.admin.enabled=true -Dmanagement.endpoints.jmx.exposure.include=* -javaagent:C:\Program Files\JetBrains\IntelliJ IDEA 2024.2.3\lib\idea_rt.jar=54306:C:\Program Files\JetBrains\IntelliJ IDEA 2024.2.3\bin -Dfile.encoding=UTF-8 -Dsun.stdout.encoding=UTF-8 -Dsun.stderr.encoding=UTF-8 com.example.customer.CustomerApplication

Host: Intel(R) Core(TM) i7-8750H CPU @ 2.20GHz, 12 cores, 15G,  Windows 11 , 64 bit Build 22621 (10.0.22621.4391)
Time: Mon Oct 28 12:04:31 2024 SE Asia Standard Time elapsed time: 6.838682 seconds (0d 0h 0m 6s)

---------------  T H R E A D  ---------------

Current thread (0x0000029ceef7ead0):  VMThread "VM Thread"          [id=8576, stack(0x000000e927000000,0x000000e927100000) (1024K)]

Stack: [0x000000e927000000,0x000000e927100000]
Native frames: (J=compiled Java code, j=interpreted, Vv=VM code, C=native code)
V  [jvm.dll+0x6e26e9]  (no source info available)
V  [jvm.dll+0x875753]  (no source info available)
V  [jvm.dll+0x877b7e]  (no source info available)
V  [jvm.dll+0x878253]  (no source info available)
V  [jvm.dll+0x27fc86]  (no source info available)
V  [jvm.dll+0x6ded85]  (no source info available)
V  [jvm.dll+0x6d388a]  (no source info available)
V  [jvm.dll+0x358b8a]  (no source info available)
V  [jvm.dll+0x3610b6]  (no source info available)
V  [jvm.dll+0x3b419e]  (no source info available)
V  [jvm.dll+0x3b4448]  (no source info available)
V  [jvm.dll+0x32c5ec]  (no source info available)
V  [jvm.dll+0x32c677]  (no source info available)
V  [jvm.dll+0x37244c]  (no source info available)
V  [jvm.dll+0x370b46]  (no source info available)
V  [jvm.dll+0x32bcd7]  (no source info available)
V  [jvm.dll+0x370304]  (no source info available)
V  [jvm.dll+0x87e0f0]  (no source info available)
V  [jvm.dll+0x87f477]  (no source info available)
V  [jvm.dll+0x87f9f0]  (no source info available)
V  [jvm.dll+0x87fc93]  (no source info available)
V  [jvm.dll+0x81dc0b]  (no source info available)
V  [jvm.dll+0x6e0d85]  (no source info available)
C  [ucrtbase.dll+0x29333]  (no source info available)
C  [KERNEL32.DLL+0x1259d]  (no source info available)
C  [ntdll.dll+0x5af38]  (no source info available)

VM_Operation (0x000000e929cfd4c0): G1CollectForAllocation, mode: safepoint, requested by thread 0x0000029cc8b4b4c0


---------------  P R O C E S S  ---------------

Threads class SMR info:
_java_thread_list=0x0000029cc8d93850, length=44, elements={
0x0000029cd9a77830, 0x0000029ceef982d0, 0x0000029ceef9d200, 0x0000029ceefa29a0,
0x0000029ceefa3400, 0x0000029ceefa5e70, 0x0000029ceefaa030, 0x0000029ceefab2a0,
0x0000029cc528b620, 0x0000029cc5290150, 0x0000029cc5291630, 0x0000029cc5292b20,
0x0000029cc59d1360, 0x0000029cc59d19d0, 0x0000029cc5b9afe0, 0x0000029cc645b2f0,
0x0000029cc64ab970, 0x0000029cc750d020, 0x0000029cc750d690, 0x0000029cc746dae0,
0x0000029cc71c8f20, 0x0000029cc71ca960, 0x0000029cc71c95b0, 0x0000029cc71cc3a0,
0x0000029cc71c9c40, 0x0000029cc71ca2d0, 0x0000029cc71cbd10, 0x0000029cc8b50a10,
0x0000029cc8b4ae30, 0x0000029cc8b4e940, 0x0000029cc8b4fcf0, 0x0000029cc8b4a7a0,
0x0000029cc8b4b4c0, 0x0000029cc8b50380, 0x0000029cc8b4dc20, 0x0000029cc8b4f660,
0x0000029cc8b4cf00, 0x0000029cc8b4e2b0, 0x0000029cc8b4bb50, 0x0000029cc8b4a110,
0x0000029cc8b4c1e0, 0x0000029cc8b4efd0, 0x0000029cc8b4d590, 0x0000029cc8b510a0
}

Java Threads: ( => current thread )
  0x0000029cd9a77830 JavaThread "main"                              [_thread_blocked, id=24016, stack(0x000000e926900000,0x000000e926a00000) (1024K)]
  0x0000029ceef982d0 JavaThread "Reference Handler"          daemon [_thread_blocked, id=10768, stack(0x000000e927100000,0x000000e927200000) (1024K)]
  0x0000029ceef9d200 JavaThread "Finalizer"                  daemon [_thread_blocked, id=20204, stack(0x000000e927200000,0x000000e927300000) (1024K)]
  0x0000029ceefa29a0 JavaThread "Signal Dispatcher"          daemon [_thread_blocked, id=21680, stack(0x000000e927300000,0x000000e927400000) (1024K)]
  0x0000029ceefa3400 JavaThread "Attach Listener"            daemon [_thread_blocked, id=2164, stack(0x000000e927400000,0x000000e927500000) (1024K)]
  0x0000029ceefa5e70 JavaThread "Service Thread"             daemon [_thread_blocked, id=25280, stack(0x000000e927500000,0x000000e927600000) (1024K)]
  0x0000029ceefaa030 JavaThread "Monitor Deflation Thread"   daemon [_thread_blocked, id=18864, stack(0x000000e927600000,0x000000e927700000) (1024K)]
  0x0000029ceefab2a0 JavaThread "C1 CompilerThread0"         daemon [_thread_blocked, id=3816, stack(0x000000e927700000,0x000000e927800000) (1024K)]
  0x0000029cc528b620 JavaThread "Common-Cleaner"             daemon [_thread_blocked, id=4560, stack(0x000000e927800000,0x000000e927900000) (1024K)]
  0x0000029cc5290150 JavaThread "C1 CompilerThread1"         daemon [_thread_blocked, id=9176, stack(0x000000e927900000,0x000000e927a00000) (1024K)]
  0x0000029cc5291630 JavaThread "C1 CompilerThread2"         daemon [_thread_blocked, id=26336, stack(0x000000e927a00000,0x000000e927b00000) (1024K)]
  0x0000029cc5292b20 JavaThread "C1 CompilerThread3"         daemon [_thread_blocked, id=4252, stack(0x000000e927b00000,0x000000e927c00000) (1024K)]
  0x0000029cc59d1360 JavaThread "Monitor Ctrl-Break"         daemon [_thread_in_native, id=14440, stack(0x000000e927c00000,0x000000e927d00000) (1024K)]
  0x0000029cc59d19d0 JavaThread "Notification Thread"        daemon [_thread_blocked, id=4796, stack(0x000000e927d00000,0x000000e927e00000) (1024K)]
  0x0000029cc5b9afe0 JavaThread "RMI TCP Accept-0"           daemon [_thread_in_native, id=10640, stack(0x000000e927e00000,0x000000e927f00000) (1024K)]
  0x0000029cc645b2f0 JavaThread "RMI TCP Connection(1)-172.18.112.1" daemon [_thread_blocked, id=18496, stack(0x000000e928400000,0x000000e928500000) (1024K)]
  0x0000029cc64ab970 JavaThread "RMI Scheduler(0)"           daemon [_thread_blocked, id=17956, stack(0x000000e928500000,0x000000e928600000) (1024K)]
  0x0000029cc750d020 JavaThread "Catalina-utility-1"                [_thread_blocked, id=3480, stack(0x000000e928a00000,0x000000e928b00000) (1024K)]
  0x0000029cc750d690 JavaThread "Catalina-utility-2"                [_thread_blocked, id=21512, stack(0x000000e928d00000,0x000000e928e00000) (1024K)]
  0x0000029cc746dae0 JavaThread "container-0"                       [_thread_blocked, id=26132, stack(0x000000e928e00000,0x000000e928f00000) (1024K)]
  0x0000029cc71c8f20 JavaThread "PostgreSQL-JDBC-Cleaner"    daemon [_thread_blocked, id=7216, stack(0x000000e929000000,0x000000e929100000) (1024K)]
  0x0000029cc71ca960 JavaThread "HikariPool-1 housekeeper"   daemon [_thread_blocked, id=11580, stack(0x000000e929100000,0x000000e929200000) (1024K)]
  0x0000029cc71c95b0 JavaThread "HikariPool-1 connection adder" daemon [_thread_blocked, id=21704, stack(0x000000e929200000,0x000000e929300000) (1024K)]
  0x0000029cc71cc3a0 JavaThread "Cleaner-0"                  daemon [_thread_blocked, id=8652, stack(0x000000e929300000,0x000000e929400000) (1024K)]
  0x0000029cc71c9c40 JavaThread "HttpClient-1-SelectorManager" daemon [_thread_in_native, id=13168, stack(0x000000e929400000,0x000000e929500000) (1024K)]
  0x0000029cc71ca2d0 JavaThread "ClassGraph-worker-114"      daemon [_thread_blocked, id=17096, stack(0x000000e929500000,0x000000e929600000) (1024K)]
  0x0000029cc71cbd10 JavaThread "ClassGraph-worker-115"      daemon [_thread_blocked, id=6092, stack(0x000000e929600000,0x000000e929700000) (1024K)]
  0x0000029cc8b50a10 JavaThread "ClassGraph-worker-116"      daemon [_thread_blocked, id=26160, stack(0x000000e929700000,0x000000e929800000) (1024K)]
  0x0000029cc8b4ae30 JavaThread "ClassGraph-worker-117"      daemon [_thread_blocked, id=15052, stack(0x000000e929800000,0x000000e929900000) (1024K)]
  0x0000029cc8b4e940 JavaThread "ClassGraph-worker-118"      daemon [_thread_blocked, id=22260, stack(0x000000e929900000,0x000000e929a00000) (1024K)]
  0x0000029cc8b4fcf0 JavaThread "ClassGraph-worker-119"      daemon [_thread_blocked, id=1980, stack(0x000000e929a00000,0x000000e929b00000) (1024K)]
  0x0000029cc8b4a7a0 JavaThread "ClassGraph-worker-120"      daemon [_thread_blocked, id=1896, stack(0x000000e929b00000,0x000000e929c00000) (1024K)]
  0x0000029cc8b4b4c0 JavaThread "ClassGraph-worker-121"      daemon [_thread_blocked, id=7536, stack(0x000000e929c00000,0x000000e929d00000) (1024K)]
  0x0000029cc8b50380 JavaThread "ClassGraph-worker-122"      daemon [_thread_blocked, id=3528, stack(0x000000e929d00000,0x000000e929e00000) (1024K)]
  0x0000029cc8b4dc20 JavaThread "ClassGraph-worker-123"      daemon [_thread_blocked, id=22268, stack(0x000000e929e00000,0x000000e929f00000) (1024K)]
  0x0000029cc8b4f660 JavaThread "ClassGraph-worker-124"      daemon [_thread_blocked, id=16408, stack(0x000000e929f00000,0x000000e92a000000) (1024K)]
  0x0000029cc8b4cf00 JavaThread "ClassGraph-worker-125"      daemon [_thread_blocked, id=11180, stack(0x000000e92a000000,0x000000e92a100000) (1024K)]
  0x0000029cc8b4e2b0 JavaThread "ClassGraph-worker-126"      daemon [_thread_blocked, id=19960, stack(0x000000e92a100000,0x000000e92a200000) (1024K)]
  0x0000029cc8b4bb50 JavaThread "ClassGraph-worker-127"      daemon [_thread_blocked, id=17688, stack(0x000000e92a200000,0x000000e92a300000) (1024K)]
  0x0000029cc8b4a110 JavaThread "ClassGraph-worker-128"      daemon [_thread_blocked, id=6232, stack(0x000000e92a300000,0x000000e92a400000) (1024K)]
  0x0000029cc8b4c1e0 JavaThread "ClassGraph-worker-129"      daemon [_thread_blocked, id=11508, stack(0x000000e92a400000,0x000000e92a500000) (1024K)]
  0x0000029cc8b4efd0 JavaThread "ClassGraph-worker-130"      daemon [_thread_blocked, id=13680, stack(0x000000e92a500000,0x000000e92a600000) (1024K)]
  0x0000029cc8b4d590 JavaThread "ClassGraph-worker-131"      daemon [_thread_blocked, id=11852, stack(0x000000e92a600000,0x000000e92a700000) (1024K)]
  0x0000029cc8b510a0 JavaThread "ClassGraph-worker-132"      daemon [_thread_blocked, id=11164, stack(0x000000e92a700000,0x000000e92a800000) (1024K)]
Total: 44

Other Threads:
=>0x0000029ceef7ead0 VMThread "VM Thread"                           [id=8576, stack(0x000000e927000000,0x000000e927100000) (1024K)]
  0x0000029ceef67640 WatcherThread "VM Periodic Task Thread"        [id=18688, stack(0x000000e926f00000,0x000000e927000000) (1024K)]
  0x0000029cd9d9db30 WorkerThread "GC Thread#0"                     [id=23624, stack(0x000000e926a00000,0x000000e926b00000) (1024K)]
  0x0000029cc5c1e0d0 WorkerThread "GC Thread#1"                     [id=1132, stack(0x000000e927f00000,0x000000e928000000) (1024K)]
  0x0000029cc5c1e480 WorkerThread "GC Thread#2"                     [id=23992, stack(0x000000e928000000,0x000000e928100000) (1024K)]
  0x0000029cc5c20e50 WorkerThread "GC Thread#3"                     [id=3896, stack(0x000000e928100000,0x000000e928200000) (1024K)]
  0x0000029cc5c21200 WorkerThread "GC Thread#4"                     [id=24652, stack(0x000000e928200000,0x000000e928300000) (1024K)]
  0x0000029cc5c219c0 WorkerThread "GC Thread#5"                     [id=10724, stack(0x000000e928300000,0x000000e928400000) (1024K)]
  0x0000029cc6543fe0 WorkerThread "GC Thread#6"                     [id=6872, stack(0x000000e928600000,0x000000e928700000) (1024K)]
  0x0000029cc65434d0 WorkerThread "GC Thread#7"                     [id=18364, stack(0x000000e928700000,0x000000e928800000) (1024K)]
  0x0000029cc6544740 WorkerThread "GC Thread#8"                     [id=13344, stack(0x000000e928800000,0x000000e928900000) (1024K)]
  0x0000029cc6543880 WorkerThread "GC Thread#9"                     [id=12220, stack(0x000000e928900000,0x000000e928a00000) (1024K)]
  0x0000029cd9dafa80 ConcurrentGCThread "G1 Main Marker"            [id=16160, stack(0x000000e926b00000,0x000000e926c00000) (1024K)]
  0x0000029cd9db1540 WorkerThread "G1 Conc#0"                       [id=9164, stack(0x000000e926c00000,0x000000e926d00000) (1024K)]
  0x0000029cc6543c30 WorkerThread "G1 Conc#1"                       [id=3344, stack(0x000000e928b00000,0x000000e928c00000) (1024K)]
  0x0000029cc6544390 WorkerThread "G1 Conc#2"                       [id=21412, stack(0x000000e928c00000,0x000000e928d00000) (1024K)]
  0x0000029ceee39af0 ConcurrentGCThread "G1 Refine#0"               [id=7712, stack(0x000000e926d00000,0x000000e926e00000) (1024K)]
  0x0000029ceee3a670 ConcurrentGCThread "G1 Service"                [id=13140, stack(0x000000e926e00000,0x000000e926f00000) (1024K)]
Total: 18

Threads with active compile tasks:
Total: 0

VM state: at safepoint (normal execution)

VM Mutex/Monitor currently owned by a thread:  ([mutex/lock_event])
[0x00007ffc0691cb80] Threads_lock - owner thread: 0x0000029ceef7ead0
[0x00007ffc0691cc80] Heap_lock - owner thread: 0x0000029cc8b4b4c0

Heap address: 0x0000000702600000, size: 4058 MB, Compressed Oops mode: Zero based, Oop shift amount: 3

CDS archive(s) mapped at: [0x0000029c80000000-0x0000029c80c60000-0x0000029c80c60000), size 12976128, SharedBaseAddress: 0x0000029c80000000, ArchiveRelocationMode: 1.
Compressed class space mapped at: 0x0000029c81000000-0x0000029cc1000000, reserved size: 1073741824
Narrow klass base: 0x0000029c80000000, Narrow klass shift: 0, Narrow klass range: 0x41000000

GC Precious Log:
 CardTable entry size: 512
 Card Set container configuration: InlinePtr #cards 4 size 8 Array Of Cards #cards 16 size 48 Howl #buckets 8 coarsen threshold 3686 Howl Bitmap #cards 512 size 80 coarsen threshold 460 Card regions per heap region 1 cards per card region 4096
 CPUs: 12 total, 12 available
 Memory: 16227M
 Large Page Support: Disabled
 NUMA Support: Disabled
 Compressed Oops: Enabled (Zero based)
 Heap Region Size: 2M
 Heap Min Capacity: 8M
 Heap Initial Capacity: 254M
 Heap Max Capacity: 4058M
 Pre-touch: Disabled
 Parallel Workers: 10
 Concurrent Workers: 3
 Concurrent Refinement Workers: 10
 Periodic GC: Disabled

Heap:
 garbage-first heap   total reserved 4155392K, committed 262144K, used 73105K [0x0000000702600000, 0x0000000800000000)
  region size 2048K, 2 young (4096K), 2 survivors (4096K)
 Metaspace       used 72866K, committed 73664K, reserved 1114112K
  class space    used 10410K, committed 10752K, reserved 1048576K

Heap Regions: E=young(eden), S=young(survivor), O=old, HS=humongous(starts), HC=humongous(continues), CS=collection set, F=free, TAMS=top-at-mark-start, PB=parsable bottom
|   0|0x0000000702600000, 0x0000000702800000, 0x0000000702800000|100%| O|  |TAMS 0x0000000702600000| PB 0x0000000702600000| Untracked |  0
|   1|0x0000000702800000, 0x0000000702a00000, 0x0000000702a00000|100%| O|  |TAMS 0x0000000702800000| PB 0x0000000702800000| Untracked |  0
|   2|0x0000000702a00000, 0x0000000702c00000, 0x0000000702c00000|100%| O|  |TAMS 0x0000000702a00000| PB 0x0000000702a00000| Untracked |  0
|   3|0x0000000702c00000, 0x0000000702e00000, 0x0000000702e00000|100%| O|  |TAMS 0x0000000702c00000| PB 0x0000000702c00000| Untracked |  0
|   4|0x0000000702e00000, 0x0000000703000000, 0x0000000703000000|100%| O|  |TAMS 0x0000000702e00000| PB 0x0000000702e00000| Untracked |  0
|   5|0x0000000703000000, 0x0000000703200000, 0x0000000703200000|100%| O|  |TAMS 0x0000000703000000| PB 0x0000000703000000| Untracked |  0
|   6|0x0000000703200000, 0x0000000703400000, 0x0000000703400000|100%| O|  |TAMS 0x0000000703200000| PB 0x0000000703200000| Untracked |  0
|   7|0x0000000703400000, 0x0000000703600000, 0x0000000703600000|100%| O|  |TAMS 0x0000000703400000| PB 0x0000000703400000| Untracked |  0
|   8|0x0000000703600000, 0x0000000703800000, 0x0000000703800000|100%| O|  |TAMS 0x0000000703600000| PB 0x0000000703600000| Untracked |  0
|   9|0x0000000703800000, 0x0000000703a00000, 0x0000000703a00000|100%| O|  |TAMS 0x0000000703800000| PB 0x0000000703800000| Untracked |  0
|  10|0x0000000703a00000, 0x0000000703c00000, 0x0000000703c00000|100%| O|  |TAMS 0x0000000703a00000| PB 0x0000000703a00000| Untracked |  0
|  11|0x0000000703c00000, 0x0000000703e00000, 0x0000000703e00000|100%| O|  |TAMS 0x0000000703c00000| PB 0x0000000703c00000| Untracked |  0
|  12|0x0000000703e00000, 0x0000000704000000, 0x0000000704000000|100%| O|  |TAMS 0x0000000703e00000| PB 0x0000000703e00000| Untracked |  0
|  13|0x0000000704000000, 0x0000000704200000, 0x0000000704200000|100%| O|  |TAMS 0x0000000704000000| PB 0x0000000704000000| Untracked |  0
|  14|0x0000000704200000, 0x0000000704400000, 0x0000000704400000|100%| O|  |TAMS 0x0000000704200000| PB 0x0000000704200000| Untracked |  0
|  15|0x0000000704400000, 0x0000000704600000, 0x0000000704600000|100%| O|  |TAMS 0x0000000704400000| PB 0x0000000704400000| Untracked |  0
|  16|0x0000000704600000, 0x0000000704600000, 0x0000000704800000|  0%| F|  |TAMS 0x0000000704600000| PB 0x0000000704600000| Untracked |  0
|  17|0x0000000704800000, 0x0000000704a00000, 0x0000000704a00000|100%| O|  |TAMS 0x0000000704800000| PB 0x0000000704800000| Untracked |  0
|  18|0x0000000704a00000, 0x0000000704c00000, 0x0000000704c00000|100%| O|  |TAMS 0x0000000704a00000| PB 0x0000000704a00000| Untracked |  0
|  19|0x0000000704c00000, 0x0000000704e00000, 0x0000000704e00000|100%| O|  |TAMS 0x0000000704c00000| PB 0x0000000704c00000| Untracked |  0
|  20|0x0000000704e00000, 0x0000000705000000, 0x0000000705000000|100%| O|  |TAMS 0x0000000704e00000| PB 0x0000000704e00000| Untracked |  0
|  21|0x0000000705000000, 0x0000000705200000, 0x0000000705200000|100%| O|  |TAMS 0x0000000705000000| PB 0x0000000705000000| Untracked |  0
|  22|0x0000000705200000, 0x0000000705200000, 0x0000000705400000|  0%| F|  |TAMS 0x0000000705200000| PB 0x0000000705200000| Untracked |  0
|  23|0x0000000705400000, 0x0000000705400000, 0x0000000705600000|  0%| F|  |TAMS 0x0000000705400000| PB 0x0000000705400000| Untracked |  0
|  24|0x0000000705600000, 0x0000000705600000, 0x0000000705800000|  0%| F|  |TAMS 0x0000000705600000| PB 0x0000000705600000| Untracked |  0
|  25|0x0000000705800000, 0x0000000705800000, 0x0000000705a00000|  0%| F|  |TAMS 0x0000000705800000| PB 0x0000000705800000| Untracked |  0
|  26|0x0000000705a00000, 0x0000000705c00000, 0x0000000705c00000|100%| O|  |TAMS 0x0000000705a00000| PB 0x0000000705a00000| Untracked |  0
|  27|0x0000000705c00000, 0x0000000705e00000, 0x0000000705e00000|100%| O|Cm|TAMS 0x0000000705c00000| PB 0x0000000705c00000| Complete |  0
|  28|0x0000000705e00000, 0x0000000705e00000, 0x0000000706000000|  0%| F|  |TAMS 0x0000000705e00000| PB 0x0000000705e00000| Untracked |  0
|  29|0x0000000706000000, 0x0000000706200000, 0x0000000706200000|100%| O|Cm|TAMS 0x0000000706000000| PB 0x0000000706000000| Complete |  0
|  30|0x0000000706200000, 0x0000000706400000, 0x0000000706400000|100%| O|Cm|TAMS 0x0000000706200000| PB 0x0000000706200000| Complete |  0
|  31|0x0000000706400000, 0x0000000706600000, 0x0000000706600000|100%| O|  |TAMS 0x0000000706400000| PB 0x0000000706400000| Untracked |  0
|  32|0x0000000706600000, 0x0000000706600000, 0x0000000706800000|  0%| F|  |TAMS 0x0000000706600000| PB 0x0000000706600000| Untracked |  0
|  33|0x0000000706800000, 0x0000000706a00000, 0x0000000706a00000|100%| O|Cm|TAMS 0x0000000706800000| PB 0x0000000706800000| Complete |  0
|  34|0x0000000706a00000, 0x0000000706c00000, 0x0000000706c00000|100%| O|  |TAMS 0x0000000706a00000| PB 0x0000000706a00000| Untracked |  0
|  35|0x0000000706c00000, 0x0000000706e00000, 0x0000000706e00000|100%| O|  |TAMS 0x0000000706c00000| PB 0x0000000706c00000| Untracked |  0
|  36|0x0000000706e00000, 0x0000000707000000, 0x0000000707000000|100%| O|  |TAMS 0x0000000706e00000| PB 0x0000000706e00000| Untracked |  0
|  37|0x0000000707000000, 0x0000000707200000, 0x0000000707200000|100%| O|  |TAMS 0x0000000707000000| PB 0x0000000707000000| Untracked |  0
|  38|0x0000000707200000, 0x0000000707400000, 0x0000000707400000|100%| O|  |TAMS 0x0000000707200000| PB 0x0000000707200000| Untracked |  0
|  39|0x0000000707400000, 0x0000000707600000, 0x0000000707600000|100%| O|  |TAMS 0x0000000707400000| PB 0x0000000707400000| Untracked |  0
|  40|0x0000000707600000, 0x00000007077645e0, 0x0000000707800000| 69%| O|  |TAMS 0x0000000707600000| PB 0x0000000707600000| Untracked |  0
|  41|0x0000000707800000, 0x0000000707800000, 0x0000000707a00000|  0%| F|  |TAMS 0x0000000707800000| PB 0x0000000707800000| Untracked |  0
|  42|0x0000000707a00000, 0x0000000707a00000, 0x0000000707c00000|  0%| F|  |TAMS 0x0000000707a00000| PB 0x0000000707a00000| Untracked |  0
|  43|0x0000000707c00000, 0x0000000707c00000, 0x0000000707e00000|  0%| F|  |TAMS 0x0000000707c00000| PB 0x0000000707c00000| Untracked |  0
|  44|0x0000000707e00000, 0x0000000707e00000, 0x0000000708000000|  0%| F|  |TAMS 0x0000000707e00000| PB 0x0000000707e00000| Untracked |  0
|  45|0x0000000708000000, 0x0000000708000000, 0x0000000708200000|  0%| F|  |TAMS 0x0000000708000000| PB 0x0000000708000000| Untracked |  0
|  46|0x0000000708200000, 0x0000000708400000, 0x0000000708400000|100%| S|CS|TAMS 0x0000000708200000| PB 0x0000000708200000| Complete |  0
|  47|0x0000000708400000, 0x0000000708600000, 0x0000000708600000|100%| S|CS|TAMS 0x0000000708400000| PB 0x0000000708400000| Complete |  0
|  48|0x0000000708600000, 0x0000000708600000, 0x0000000708800000|  0%| F|  |TAMS 0x0000000708600000| PB 0x0000000708600000| Untracked |  0
|  49|0x0000000708800000, 0x0000000708800000, 0x0000000708a00000|  0%| F|  |TAMS 0x0000000708800000| PB 0x0000000708800000| Untracked |  0
|  50|0x0000000708a00000, 0x0000000708a00000, 0x0000000708c00000|  0%| F|  |TAMS 0x0000000708a00000| PB 0x0000000708a00000| Untracked |  0
|  51|0x0000000708c00000, 0x0000000708c00000, 0x0000000708e00000|  0%| F|  |TAMS 0x0000000708c00000| PB 0x0000000708c00000| Untracked |  0
|  52|0x0000000708e00000, 0x0000000708e00000, 0x0000000709000000|  0%| F|  |TAMS 0x0000000708e00000| PB 0x0000000708e00000| Untracked |  0
|  53|0x0000000709000000, 0x0000000709000000, 0x0000000709200000|  0%| F|  |TAMS 0x0000000709000000| PB 0x0000000709000000| Untracked |  0
|  54|0x0000000709200000, 0x0000000709200000, 0x0000000709400000|  0%| F|  |TAMS 0x0000000709200000| PB 0x0000000709200000| Untracked |  0
|  55|0x0000000709400000, 0x0000000709400000, 0x0000000709600000|  0%| F|  |TAMS 0x0000000709400000| PB 0x0000000709400000| Untracked |  0
|  56|0x0000000709600000, 0x0000000709600000, 0x0000000709800000|  0%| F|  |TAMS 0x0000000709600000| PB 0x0000000709600000| Untracked |  0
|  57|0x0000000709800000, 0x0000000709800000, 0x0000000709a00000|  0%| F|  |TAMS 0x0000000709800000| PB 0x0000000709800000| Untracked |  0
|  58|0x0000000709a00000, 0x0000000709a00000, 0x0000000709c00000|  0%| F|  |TAMS 0x0000000709a00000| PB 0x0000000709a00000| Untracked |  0
|  59|0x0000000709c00000, 0x0000000709c00000, 0x0000000709e00000|  0%| F|  |TAMS 0x0000000709c00000| PB 0x0000000709c00000| Untracked |  0
|  60|0x0000000709e00000, 0x0000000709e00000, 0x000000070a000000|  0%| F|  |TAMS 0x0000000709e00000| PB 0x0000000709e00000| Untracked |  0
|  61|0x000000070a000000, 0x000000070a000000, 0x000000070a200000|  0%| F|  |TAMS 0x000000070a000000| PB 0x000000070a000000| Untracked |  0
|  62|0x000000070a200000, 0x000000070a200000, 0x000000070a400000|  0%| F|  |TAMS 0x000000070a200000| PB 0x000000070a200000| Untracked |  0
|  63|0x000000070a400000, 0x000000070a400000, 0x000000070a600000|  0%| F|  |TAMS 0x000000070a400000| PB 0x000000070a400000| Untracked |  0
|  64|0x000000070a600000, 0x000000070a600000, 0x000000070a800000|  0%| F|  |TAMS 0x000000070a600000| PB 0x000000070a600000| Untracked |  0
|  65|0x000000070a800000, 0x000000070a800000, 0x000000070aa00000|  0%| F|  |TAMS 0x000000070a800000| PB 0x000000070a800000| Untracked |  0
|  66|0x000000070aa00000, 0x000000070aa00000, 0x000000070ac00000|  0%| F|  |TAMS 0x000000070aa00000| PB 0x000000070aa00000| Untracked |  0
|  67|0x000000070ac00000, 0x000000070ac00000, 0x000000070ae00000|  0%| F|  |TAMS 0x000000070ac00000| PB 0x000000070ac00000| Untracked |  0
|  68|0x000000070ae00000, 0x000000070ae00000, 0x000000070b000000|  0%| F|  |TAMS 0x000000070ae00000| PB 0x000000070ae00000| Untracked |  0
|  69|0x000000070b000000, 0x000000070b000000, 0x000000070b200000|  0%| F|  |TAMS 0x000000070b000000| PB 0x000000070b000000| Untracked |  0
|  70|0x000000070b200000, 0x000000070b200000, 0x000000070b400000|  0%| F|  |TAMS 0x000000070b200000| PB 0x000000070b200000| Untracked |  0
|  71|0x000000070b400000, 0x000000070b400000, 0x000000070b600000|  0%| F|  |TAMS 0x000000070b400000| PB 0x000000070b400000| Untracked |  0
|  72|0x000000070b600000, 0x000000070b600000, 0x000000070b800000|  0%| F|  |TAMS 0x000000070b600000| PB 0x000000070b600000| Untracked |  0
|  73|0x000000070b800000, 0x000000070b800000, 0x000000070ba00000|  0%| F|  |TAMS 0x000000070b800000| PB 0x000000070b800000| Untracked |  0
|  74|0x000000070ba00000, 0x000000070ba00000, 0x000000070bc00000|  0%| F|  |TAMS 0x000000070ba00000| PB 0x000000070ba00000| Untracked |  0
|  75|0x000000070bc00000, 0x000000070bc00000, 0x000000070be00000|  0%| F|  |TAMS 0x000000070bc00000| PB 0x000000070bc00000| Untracked |  0
|  76|0x000000070be00000, 0x000000070be00000, 0x000000070c000000|  0%| F|  |TAMS 0x000000070be00000| PB 0x000000070be00000| Untracked |  0
|  77|0x000000070c000000, 0x000000070c000000, 0x000000070c200000|  0%| F|  |TAMS 0x000000070c000000| PB 0x000000070c000000| Untracked |  0
|  78|0x000000070c200000, 0x000000070c200000, 0x000000070c400000|  0%| F|  |TAMS 0x000000070c200000| PB 0x000000070c200000| Untracked |  0
|  79|0x000000070c400000, 0x000000070c400000, 0x000000070c600000|  0%| F|  |TAMS 0x000000070c400000| PB 0x000000070c400000| Untracked |  0
|  80|0x000000070c600000, 0x000000070c600000, 0x000000070c800000|  0%| F|  |TAMS 0x000000070c600000| PB 0x000000070c600000| Untracked |  0
|  81|0x000000070c800000, 0x000000070c800000, 0x000000070ca00000|  0%| F|  |TAMS 0x000000070c800000| PB 0x000000070c800000| Untracked |  0
|  82|0x000000070ca00000, 0x000000070ca00000, 0x000000070cc00000|  0%| F|  |TAMS 0x000000070ca00000| PB 0x000000070ca00000| Untracked |  0
|  83|0x000000070cc00000, 0x000000070cc00000, 0x000000070ce00000|  0%| F|  |TAMS 0x000000070cc00000| PB 0x000000070cc00000| Untracked |  0
|  84|0x000000070ce00000, 0x000000070ce00000, 0x000000070d000000|  0%| F|  |TAMS 0x000000070ce00000| PB 0x000000070ce00000| Untracked |  0
|  85|0x000000070d000000, 0x000000070d000000, 0x000000070d200000|  0%| F|  |TAMS 0x000000070d000000| PB 0x000000070d000000| Untracked |  0
|  86|0x000000070d200000, 0x000000070d200000, 0x000000070d400000|  0%| F|  |TAMS 0x000000070d200000| PB 0x000000070d200000| Untracked |  0
|  87|0x000000070d400000, 0x000000070d400000, 0x000000070d600000|  0%| F|  |TAMS 0x000000070d400000| PB 0x000000070d400000| Untracked |  0
|  88|0x000000070d600000, 0x000000070d600000, 0x000000070d800000|  0%| F|  |TAMS 0x000000070d600000| PB 0x000000070d600000| Untracked |  0
|  89|0x000000070d800000, 0x000000070d800000, 0x000000070da00000|  0%| F|  |TAMS 0x000000070d800000| PB 0x000000070d800000| Untracked |  0
|  90|0x000000070da00000, 0x000000070da00000, 0x000000070dc00000|  0%| F|  |TAMS 0x000000070da00000| PB 0x000000070da00000| Untracked |  0
|  91|0x000000070dc00000, 0x000000070dc00000, 0x000000070de00000|  0%| F|  |TAMS 0x000000070dc00000| PB 0x000000070dc00000| Untracked |  0
|  92|0x000000070de00000, 0x000000070de00000, 0x000000070e000000|  0%| F|  |TAMS 0x000000070de00000| PB 0x000000070de00000| Untracked |  0
|  93|0x000000070e000000, 0x000000070e000000, 0x000000070e200000|  0%| F|  |TAMS 0x000000070e000000| PB 0x000000070e000000| Untracked |  0
|  94|0x000000070e200000, 0x000000070e200000, 0x000000070e400000|  0%| F|  |TAMS 0x000000070e200000| PB 0x000000070e200000| Untracked |  0
|  95|0x000000070e400000, 0x000000070e400000, 0x000000070e600000|  0%| F|  |TAMS 0x000000070e400000| PB 0x000000070e400000| Untracked |  0
|  96|0x000000070e600000, 0x000000070e600000, 0x000000070e800000|  0%| F|  |TAMS 0x000000070e600000| PB 0x000000070e600000| Untracked |  0
|  97|0x000000070e800000, 0x000000070e800000, 0x000000070ea00000|  0%| F|  |TAMS 0x000000070e800000| PB 0x000000070e800000| Untracked |  0
|  98|0x000000070ea00000, 0x000000070ea00000, 0x000000070ec00000|  0%| F|  |TAMS 0x000000070ea00000| PB 0x000000070ea00000| Untracked |  0
|  99|0x000000070ec00000, 0x000000070ec00000, 0x000000070ee00000|  0%| F|  |TAMS 0x000000070ec00000| PB 0x000000070ec00000| Untracked |  0
| 100|0x000000070ee00000, 0x000000070ee00000, 0x000000070f000000|  0%| F|  |TAMS 0x000000070ee00000| PB 0x000000070ee00000| Untracked |  0
| 101|0x000000070f000000, 0x000000070f000000, 0x000000070f200000|  0%| F|  |TAMS 0x000000070f000000| PB 0x000000070f000000| Untracked |  0
| 102|0x000000070f200000, 0x000000070f200000, 0x000000070f400000|  0%| F|  |TAMS 0x000000070f200000| PB 0x000000070f200000| Untracked |  0
| 103|0x000000070f400000, 0x000000070f400000, 0x000000070f600000|  0%| F|  |TAMS 0x000000070f400000| PB 0x000000070f400000| Untracked |  0
| 104|0x000000070f600000, 0x000000070f600000, 0x000000070f800000|  0%| F|  |TAMS 0x000000070f600000| PB 0x000000070f600000| Untracked |  0
| 105|0x000000070f800000, 0x000000070f800000, 0x000000070fa00000|  0%| F|  |TAMS 0x000000070f800000| PB 0x000000070f800000| Untracked |  0
| 106|0x000000070fa00000, 0x000000070fa00000, 0x000000070fc00000|  0%| F|  |TAMS 0x000000070fa00000| PB 0x000000070fa00000| Untracked |  0
| 107|0x000000070fc00000, 0x000000070fc00000, 0x000000070fe00000|  0%| F|  |TAMS 0x000000070fc00000| PB 0x000000070fc00000| Untracked |  0
| 108|0x000000070fe00000, 0x000000070fe00000, 0x0000000710000000|  0%| F|  |TAMS 0x000000070fe00000| PB 0x000000070fe00000| Untracked |  0
| 109|0x0000000710000000, 0x0000000710000000, 0x0000000710200000|  0%| F|  |TAMS 0x0000000710000000| PB 0x0000000710000000| Untracked |  0
| 110|0x0000000710200000, 0x0000000710200000, 0x0000000710400000|  0%| F|  |TAMS 0x0000000710200000| PB 0x0000000710200000| Untracked |  0
| 111|0x0000000710400000, 0x0000000710400000, 0x0000000710600000|  0%| F|  |TAMS 0x0000000710400000| PB 0x0000000710400000| Untracked |  0
| 112|0x0000000710600000, 0x0000000710600000, 0x0000000710800000|  0%| F|  |TAMS 0x0000000710600000| PB 0x0000000710600000| Untracked |  0
| 113|0x0000000710800000, 0x0000000710800000, 0x0000000710a00000|  0%| F|  |TAMS 0x0000000710800000| PB 0x0000000710800000| Untracked |  0
| 114|0x0000000710a00000, 0x0000000710a00000, 0x0000000710c00000|  0%| F|  |TAMS 0x0000000710a00000| PB 0x0000000710a00000| Untracked |  0
| 115|0x0000000710c00000, 0x0000000710c00000, 0x0000000710e00000|  0%| F|  |TAMS 0x0000000710c00000| PB 0x0000000710c00000| Untracked |  0
| 116|0x0000000710e00000, 0x0000000710e00000, 0x0000000711000000|  0%| F|  |TAMS 0x0000000710e00000| PB 0x0000000710e00000| Untracked |  0
| 117|0x0000000711000000, 0x0000000711000000, 0x0000000711200000|  0%| F|  |TAMS 0x0000000711000000| PB 0x0000000711000000| Untracked |  0
| 118|0x0000000711200000, 0x0000000711200000, 0x0000000711400000|  0%| F|  |TAMS 0x0000000711200000| PB 0x0000000711200000| Untracked |  0
| 119|0x0000000711400000, 0x0000000711400000, 0x0000000711600000|  0%| F|  |TAMS 0x0000000711400000| PB 0x0000000711400000| Untracked |  0
| 120|0x0000000711600000, 0x0000000711600000, 0x0000000711800000|  0%| F|  |TAMS 0x0000000711600000| PB 0x0000000711600000| Untracked |  0
| 121|0x0000000711800000, 0x0000000711800000, 0x0000000711a00000|  0%| F|  |TAMS 0x0000000711800000| PB 0x0000000711800000| Untracked |  0
| 122|0x0000000711a00000, 0x0000000711a00000, 0x0000000711c00000|  0%| F|  |TAMS 0x0000000711a00000| PB 0x0000000711a00000| Untracked |  0
| 123|0x0000000711c00000, 0x0000000711c00000, 0x0000000711e00000|  0%| F|  |TAMS 0x0000000711c00000| PB 0x0000000711c00000| Untracked |  0
| 124|0x0000000711e00000, 0x0000000711e00000, 0x0000000712000000|  0%| F|  |TAMS 0x0000000711e00000| PB 0x0000000711e00000| Untracked |  0
| 125|0x0000000712000000, 0x0000000712000000, 0x0000000712200000|  0%| F|  |TAMS 0x0000000712000000| PB 0x0000000712000000| Untracked |  0
| 126|0x0000000712200000, 0x0000000712200000, 0x0000000712400000|  0%| F|  |TAMS 0x0000000712200000| PB 0x0000000712200000| Untracked |  0
|2028|0x00000007ffe00000, 0x00000007ffe00000, 0x0000000800000000|  0%| F|  |TAMS 0x00000007ffe00000| PB 0x00000007ffe00000| Untracked |  0

Card table byte_map: [0x0000029ce7b30000,0x0000029ce8320000] _byte_map_base: 0x0000029ce431d000

Marking Bits: (CMBitMap*) 0x0000029cd9d9e240
 Bits: [0x0000029ce8320000, 0x0000029cec288000)

Polling page: 0x0000029ce3810000

Metaspace:

Usage:
  Non-class:     60.99 MB used.
      Class:     10.17 MB used.
       Both:     71.16 MB used.

Virtual space:
  Non-class space:       64.00 MB reserved,      61.44 MB ( 96%) committed,  1 nodes.
      Class space:        1.00 GB reserved,      10.50 MB (  1%) committed,  1 nodes.
             Both:        1.06 GB reserved,      71.94 MB (  7%) committed. 

Chunk freelists:
   Non-Class:  2.55 MB
       Class:  5.47 MB
        Both:  8.02 MB

MaxMetaspaceSize: unlimited
CompressedClassSpaceSize: 1.00 GB
Initial GC threshold: 21.00 MB
Current GC threshold: 119.81 MB
CDS: on
 - commit_granule_bytes: 65536.
 - commit_granule_words: 8192.
 - virtual_space_node_default_size: 8388608.
 - enlarge_chunks_in_place: 1.
 - use_allocation_guard: 0.


Internal statistics:

num_allocs_failed_limit: 9.
num_arena_births: 1042.
num_arena_deaths: 0.
num_vsnodes_births: 2.
num_vsnodes_deaths: 0.
num_space_committed: 1151.
num_space_uncommitted: 0.
num_chunks_returned_to_freelist: 9.
num_chunks_taken_from_freelist: 3494.
num_chunk_merges: 9.
num_chunk_splits: 2586.
num_chunks_enlarged: 2077.
num_inconsistent_stats: 0.

CodeCache: size=49152Kb used=12147Kb max_used=12857Kb free=37004Kb
 bounds [0x0000029ce3830000, 0x0000029ce44c0000, 0x0000029ce6830000]
 total_blobs=6164 nmethods=5442 adapters=642
 compilation: enabled
              stopped_count=0, restarted_count=0
 full_count=0

Compilation events (20 events):
Event: 6.813 Thread 0x0000029cc5292b20 6108       1       jdk.internal.misc.Unsafe::setMemory (10 bytes)
Event: 6.813 Thread 0x0000029cc5292b20 nmethod 6108 0x0000029ce3945f90 code [0x0000029ce3946140, 0x0000029ce39462e8]
Event: 6.814 Thread 0x0000029ceefab2a0 6110   !   1       java.nio.DirectByteBuffer::<init> (171 bytes)
Event: 6.814 Thread 0x0000029cc5291630 6111       1       java.nio.DirectByteBuffer$Deallocator::<init> (41 bytes)
Event: 6.814 Thread 0x0000029cc5292b20 6112       1       jdk.internal.misc.VM::isDirectMemoryPageAligned (4 bytes)
Event: 6.815 Thread 0x0000029cc5290150 6113       1       jdk.internal.ref.Cleaner::create (19 bytes)
Event: 6.815 Thread 0x0000029cc5291630 nmethod 6111 0x0000029ce3957b10 code [0x0000029ce3957ca0, 0x0000029ce3957d70]
Event: 6.815 Thread 0x0000029cc5292b20 nmethod 6112 0x0000029ce395be90 code [0x0000029ce395c020, 0x0000029ce395c0d8]
Event: 6.815 Thread 0x0000029cc5291630 6114       1       jdk.internal.ref.Cleaner::<init> (24 bytes)
Event: 6.815 Thread 0x0000029cc5292b20 6115  s    1       jdk.internal.ref.Cleaner::add (26 bytes)
Event: 6.815 Thread 0x0000029cc5292b20 nmethod 6115 0x0000029ce3c50b10 code [0x0000029ce3c50cc0, 0x0000029ce3c50f98]
Event: 6.815 Thread 0x0000029cc5291630 nmethod 6114 0x0000029ce3b6e290 code [0x0000029ce3b6e420, 0x0000029ce3b6e688]
Event: 6.815 Thread 0x0000029cc5292b20 6116       1       java.nio.Bits::pageSize (20 bytes)
Event: 6.815 Thread 0x0000029cc5290150 nmethod 6113 0x0000029ce3ba0290 code [0x0000029ce3ba0460, 0x0000029ce3ba09b8]
Event: 6.815 Thread 0x0000029cc5291630 6117   !   1       java.nio.Bits::reserveMemory (232 bytes)
Event: 6.815 Thread 0x0000029cc5292b20 nmethod 6116 0x0000029ce396f410 code [0x0000029ce396f5a0, 0x0000029ce396f680]
Event: 6.816 Thread 0x0000029ceefab2a0 nmethod 6110 0x0000029ce3c47790 code [0x0000029ce3c47a20, 0x0000029ce3c48458]
Event: 6.816 Thread 0x0000029cc5292b20 6118       1       java.nio.Bits::tryReserveMemory (52 bytes)
Event: 6.816 Thread 0x0000029cc5292b20 nmethod 6118 0x0000029ce3b85690 code [0x0000029ce3b85840, 0x0000029ce3b859e8]
Event: 6.817 Thread 0x0000029cc5291630 nmethod 6117 0x0000029ce3c64190 code [0x0000029ce3c644c0, 0x0000029ce3c650d8]

GC Heap History (20 events):
Event: 5.245 GC heap after
{Heap after GC invocations=12 (full 0):
 garbage-first heap   total reserved 4155392K, committed 90112K, used 29595K [0x0000000702600000, 0x0000000800000000)
  region size 2048K, 4 young (8192K), 4 survivors (8192K)
 Metaspace       used 59437K, committed 60032K, reserved 1114112K
  class space    used 8587K, committed 8832K, reserved 1048576K
}
Event: 5.281 GC heap before
{Heap before GC invocations=12 (full 0):
 garbage-first heap   total reserved 4155392K, committed 90112K, used 31643K [0x0000000702600000, 0x0000000800000000)
  region size 2048K, 6 young (12288K), 4 survivors (8192K)
 Metaspace       used 59902K, committed 60480K, reserved 1114112K
  class space    used 8648K, committed 8896K, reserved 1048576K
}
Event: 5.287 GC heap after
{Heap after GC invocations=13 (full 0):
 garbage-first heap   total reserved 4155392K, committed 90112K, used 29853K [0x0000000702600000, 0x0000000800000000)
  region size 2048K, 2 young (4096K), 2 survivors (4096K)
 Metaspace       used 59902K, committed 60480K, reserved 1114112K
  class space    used 8648K, committed 8896K, reserved 1048576K
}
Event: 6.017 GC heap before
{Heap before GC invocations=14 (full 0):
 garbage-first heap   total reserved 4155392K, committed 90112K, used 76957K [0x0000000702600000, 0x0000000800000000)
  region size 2048K, 26 young (53248K), 2 survivors (4096K)
 Metaspace       used 69201K, committed 69888K, reserved 1114112K
  class space    used 9876K, committed 10176K, reserved 1048576K
}
Event: 6.024 GC heap after
{Heap after GC invocations=15 (full 0):
 garbage-first heap   total reserved 4155392K, committed 90112K, used 34894K [0x0000000702600000, 0x0000000800000000)
  region size 2048K, 4 young (8192K), 4 survivors (8192K)
 Metaspace       used 69201K, committed 69888K, reserved 1114112K
  class space    used 9876K, committed 10176K, reserved 1048576K
}
Event: 6.389 GC heap before
{Heap before GC invocations=15 (full 0):
 garbage-first heap   total reserved 4155392K, committed 90112K, used 71758K [0x0000000702600000, 0x0000000800000000)
  region size 2048K, 23 young (47104K), 4 survivors (8192K)
 Metaspace       used 72763K, committed 73536K, reserved 1114112K
  class space    used 10391K, committed 10752K, reserved 1048576K
}
Event: 6.400 GC heap after
{Heap after GC invocations=16 (full 0):
 garbage-first heap   total reserved 4155392K, committed 90112K, used 40721K [0x0000000702600000, 0x0000000800000000)
  region size 2048K, 3 young (6144K), 3 survivors (6144K)
 Metaspace       used 72763K, committed 73536K, reserved 1114112K
  class space    used 10391K, committed 10752K, reserved 1048576K
}
Event: 6.466 GC heap before
{Heap before GC invocations=16 (full 0):
 garbage-first heap   total reserved 4155392K, committed 90112K, used 75537K [0x0000000702600000, 0x0000000800000000)
  region size 2048K, 21 young (43008K), 3 survivors (6144K)
 Metaspace       used 72763K, committed 73536K, reserved 1114112K
  class space    used 10391K, committed 10752K, reserved 1048576K
}
Event: 6.472 GC heap after
{Heap after GC invocations=17 (full 0):
 garbage-first heap   total reserved 4155392K, committed 112640K, used 48709K [0x0000000702600000, 0x0000000800000000)
  region size 2048K, 3 young (6144K), 3 survivors (6144K)
 Metaspace       used 72763K, committed 73536K, reserved 1114112K
  class space    used 10391K, committed 10752K, reserved 1048576K
}
Event: 6.566 GC heap before
{Heap before GC invocations=17 (full 0):
 garbage-first heap   total reserved 4155392K, committed 112640K, used 93765K [0x0000000702600000, 0x0000000800000000)
  region size 2048K, 25 young (51200K), 3 survivors (6144K)
 Metaspace       used 72851K, committed 73600K, reserved 1114112K
  class space    used 10406K, committed 10752K, reserved 1048576K
}
Event: 6.573 GC heap after
{Heap after GC invocations=18 (full 0):
 garbage-first heap   total reserved 4155392K, committed 112640K, used 59392K [0x0000000702600000, 0x0000000800000000)
  region size 2048K, 4 young (8192K), 4 survivors (8192K)
 Metaspace       used 72851K, committed 73600K, reserved 1114112K
  class space    used 10406K, committed 10752K, reserved 1048576K
}
Event: 6.667 GC heap before
{Heap before GC invocations=19 (full 0):
 garbage-first heap   total reserved 4155392K, committed 112640K, used 92160K [0x0000000702600000, 0x0000000800000000)
  region size 2048K, 21 young (43008K), 4 survivors (8192K)
 Metaspace       used 72865K, committed 73664K, reserved 1114112K
  class space    used 10410K, committed 10752K, reserved 1048576K
}
Event: 6.675 GC heap after
{Heap after GC invocations=20 (full 0):
 garbage-first heap   total reserved 4155392K, committed 112640K, used 69483K [0x0000000702600000, 0x0000000800000000)
  region size 2048K, 3 young (6144K), 3 survivors (6144K)
 Metaspace       used 72865K, committed 73664K, reserved 1114112K
  class space    used 10410K, committed 10752K, reserved 1048576K
}
Event: 6.697 GC heap before
{Heap before GC invocations=20 (full 0):
 garbage-first heap   total reserved 4155392K, committed 112640K, used 94059K [0x0000000702600000, 0x0000000800000000)
  region size 2048K, 16 young (32768K), 3 survivors (6144K)
 Metaspace       used 72865K, committed 73664K, reserved 1114112K
  class space    used 10410K, committed 10752K, reserved 1048576K
}
Event: 6.702 GC heap after
{Heap after GC invocations=21 (full 0):
 garbage-first heap   total reserved 4155392K, committed 112640K, used 75724K [0x0000000702600000, 0x0000000800000000)
  region size 2048K, 2 young (4096K), 2 survivors (4096K)
 Metaspace       used 72865K, committed 73664K, reserved 1114112K
  class space    used 10410K, committed 10752K, reserved 1048576K
}
Event: 6.734 GC heap before
{Heap before GC invocations=21 (full 0):
 garbage-first heap   total reserved 4155392K, committed 112640K, used 96204K [0x0000000702600000, 0x0000000800000000)
  region size 2048K, 13 young (26624K), 2 survivors (4096K)
 Metaspace       used 72865K, committed 73664K, reserved 1114112K
  class space    used 10410K, committed 10752K, reserved 1048576K
}
Event: 6.738 GC heap after
{Heap after GC invocations=22 (full 0):
 garbage-first heap   total reserved 4155392K, committed 112640K, used 81061K [0x0000000702600000, 0x0000000800000000)
  region size 2048K, 2 young (4096K), 2 survivors (4096K)
 Metaspace       used 72865K, committed 73664K, reserved 1114112K
  class space    used 10410K, committed 10752K, reserved 1048576K
}
Event: 6.796 GC heap before
{Heap before GC invocations=23 (full 0):
 garbage-first heap   total reserved 4155392K, committed 126976K, used 91301K [0x0000000702600000, 0x0000000800000000)
  region size 2048K, 11 young (22528K), 2 survivors (4096K)
 Metaspace       used 72866K, committed 73664K, reserved 1114112K
  class space    used 10410K, committed 10752K, reserved 1048576K
}
Event: 6.802 GC heap after
{Heap after GC invocations=24 (full 0):
 garbage-first heap   total reserved 4155392K, committed 126976K, used 81323K [0x0000000702600000, 0x0000000800000000)
  region size 2048K, 2 young (4096K), 2 survivors (4096K)
 Metaspace       used 72866K, committed 73664K, reserved 1114112K
  class space    used 10410K, committed 10752K, reserved 1048576K
}
Event: 6.831 GC heap before
{Heap before GC invocations=24 (full 0):
 garbage-first heap   total reserved 4155392K, committed 126976K, used 103851K [0x0000000702600000, 0x0000000800000000)
  region size 2048K, 14 young (28672K), 2 survivors (4096K)
 Metaspace       used 72866K, committed 73664K, reserved 1114112K
  class space    used 10410K, committed 10752K, reserved 1048576K
}

Dll operation events (13 events):
Event: 0.014 Loaded shared library C:\Users\dotai\.jdks\openjdk-22.0.2\bin\java.dll
Event: 0.220 Loaded shared library C:\Users\dotai\.jdks\openjdk-22.0.2\bin\zip.dll
Event: 0.224 Loaded shared library C:\Users\dotai\.jdks\openjdk-22.0.2\bin\instrument.dll
Event: 0.228 Loaded shared library C:\Users\dotai\.jdks\openjdk-22.0.2\bin\net.dll
Event: 0.230 Loaded shared library C:\Users\dotai\.jdks\openjdk-22.0.2\bin\nio.dll
Event: 0.233 Loaded shared library C:\Users\dotai\.jdks\openjdk-22.0.2\bin\zip.dll
Event: 0.501 Loaded shared library C:\Program Files\JetBrains\IntelliJ IDEA 2024.2.3\bin\breakgen64.dll
Event: 0.511 Loaded shared library C:\Users\dotai\.jdks\openjdk-22.0.2\bin\extnet.dll
Event: 0.515 Loaded shared library C:\Users\dotai\.jdks\openjdk-22.0.2\bin\jimage.dll
Event: 0.534 Loaded shared library C:\Users\dotai\.jdks\openjdk-22.0.2\bin\management.dll
Event: 0.543 Loaded shared library C:\Users\dotai\.jdks\openjdk-22.0.2\bin\management_ext.dll
Event: 2.126 Loaded shared library C:\Users\dotai\.jdks\openjdk-22.0.2\bin\sunmscapi.dll
Event: 3.830 Loaded shared library C:\Users\dotai\.jdks\openjdk-22.0.2\bin\verify.dll

Deoptimization events (8 events):
Event: 5.577 Thread 0x0000029cd9a77830 DEOPT PACKING pc=0x0000029ce3e97b69 sp=0x000000e9269fbf30
Event: 5.577 Thread 0x0000029cd9a77830 DEOPT UNPACKING pc=0x0000029ce3884e42 sp=0x000000e9269fb438 mode 3
Event: 5.755 Thread 0x0000029cd9a77830 DEOPT PACKING pc=0x0000029ce3e9363c sp=0x000000e9269fc5f0
Event: 5.755 Thread 0x0000029cd9a77830 DEOPT UNPACKING pc=0x0000029ce3884e42 sp=0x000000e9269fbb48 mode 0
Event: 5.824 Thread 0x0000029cc645b2f0 DEOPT PACKING pc=0x0000029ce3f93c9c sp=0x000000e9284fec30
Event: 5.824 Thread 0x0000029cc645b2f0 DEOPT UNPACKING pc=0x0000029ce3884e42 sp=0x000000e9284fe100 mode 0
Event: 5.824 Thread 0x0000029cc645b2f0 DEOPT PACKING pc=0x0000029ce3f94c54 sp=0x000000e9284feca0
Event: 5.824 Thread 0x0000029cc645b2f0 DEOPT UNPACKING pc=0x0000029ce3884e42 sp=0x000000e9284fe1e0 mode 0

Classes loaded (20 events):
Event: 6.256 Loading class java/util/EnumMap$EntrySet
Event: 6.256 Loading class java/util/EnumMap$EntrySet done
Event: 6.256 Loading class java/util/EnumMap$EntryIterator
Event: 6.256 Loading class java/util/EnumMap$EnumMapIterator
Event: 6.256 Loading class java/util/EnumMap$EnumMapIterator done
Event: 6.256 Loading class java/util/EnumMap$EntryIterator done
Event: 6.297 Loading class sun/misc/Unsafe
Event: 6.297 Loading class sun/misc/Unsafe done
Event: 6.314 Loading class java/lang/LayerInstantiationException
Event: 6.314 Loading class java/lang/LayerInstantiationException done
Event: 6.315 Loading class jdk/internal/loader/Loader
Event: 6.315 Loading class jdk/internal/loader/Loader done
Event: 6.323 Loading class java/io/IOError
Event: 6.323 Loading class java/io/IOError done
Event: 6.355 Loading class sun/nio/fs/WindowsLinkSupport
Event: 6.355 Loading class sun/nio/fs/WindowsLinkSupport done
Event: 6.376 Loading class java/nio/ReadOnlyBufferException
Event: 6.376 Loading class java/nio/ReadOnlyBufferException done
Event: 6.378 Loading class java/util/zip/DataFormatException
Event: 6.379 Loading class java/util/zip/DataFormatException done

Classes unloaded (0 events):
No events

Classes redefined (0 events):
No events

Internal exceptions (20 events):
Event: 6.782 Thread 0x0000029cc71cbd10 Exception <a 'sun/nio/fs/WindowsException'{0x000000070ab9f620}> (0x000000070ab9f620) 
thrown [s\open\src\hotspot\share\prims\jni.cpp, line 520]
Event: 6.782 Thread 0x0000029cc71cbd10 Exception <a 'sun/nio/fs/WindowsException'{0x000000070ab9f900}> (0x000000070ab9f900) 
thrown [s\open\src\hotspot\share\prims\jni.cpp, line 520]
Event: 6.782 Thread 0x0000029cc71cbd10 Exception <a 'sun/nio/fs/WindowsException'{0x000000070aba0258}> (0x000000070aba0258) 
thrown [s\open\src\hotspot\share\prims\jni.cpp, line 520]
Event: 6.782 Thread 0x0000029cc71cbd10 Exception <a 'sun/nio/fs/WindowsException'{0x000000070aba0570}> (0x000000070aba0570) 
thrown [s\open\src\hotspot\share\prims\jni.cpp, line 520]
Event: 6.782 Thread 0x0000029cc71cbd10 Exception <a 'sun/nio/fs/WindowsException'{0x000000070abc4b50}> (0x000000070abc4b50) 
thrown [s\open\src\hotspot\share\prims\jni.cpp, line 520]
Event: 6.782 Thread 0x0000029cc71cbd10 Exception <a 'sun/nio/fs/WindowsException'{0x000000070abc4e38}> (0x000000070abc4e38) 
thrown [s\open\src\hotspot\share\prims\jni.cpp, line 520]
Event: 6.782 Thread 0x0000029cc71cbd10 Exception <a 'sun/nio/fs/WindowsException'{0x000000070abc5740}> (0x000000070abc5740) 
thrown [s\open\src\hotspot\share\prims\jni.cpp, line 520]
Event: 6.782 Thread 0x0000029cc71cbd10 Exception <a 'sun/nio/fs/WindowsException'{0x000000070abc59f0}> (0x000000070abc59f0) 
thrown [s\open\src\hotspot\share\prims\jni.cpp, line 520]
Event: 6.783 Thread 0x0000029cc71cbd10 Exception <a 'sun/nio/fs/WindowsException'{0x000000070abc6308}> (0x000000070abc6308) 
thrown [s\open\src\hotspot\share\prims\jni.cpp, line 520]
Event: 6.783 Thread 0x0000029cc71cbd10 Exception <a 'sun/nio/fs/WindowsException'{0x000000070abc65d0}> (0x000000070abc65d0) 
thrown [s\open\src\hotspot\share\prims\jni.cpp, line 520]
Event: 6.783 Thread 0x0000029cc71cbd10 Exception <a 'sun/nio/fs/WindowsException'{0x000000070abc6ed8}> (0x000000070abc6ed8) 
thrown [s\open\src\hotspot\share\prims\jni.cpp, line 520]
Event: 6.783 Thread 0x0000029cc71cbd10 Exception <a 'sun/nio/fs/WindowsException'{0x000000070abc7190}> (0x000000070abc7190) 
thrown [s\open\src\hotspot\share\prims\jni.cpp, line 520]
Event: 6.783 Thread 0x0000029cc71cbd10 Exception <a 'sun/nio/fs/WindowsException'{0x000000070abc7aa8}> (0x000000070abc7aa8) 
thrown [s\open\src\hotspot\share\prims\jni.cpp, line 520]
Event: 6.783 Thread 0x0000029cc71cbd10 Exception <a 'sun/nio/fs/WindowsException'{0x000000070abc7d70}> (0x000000070abc7d70) 
thrown [s\open\src\hotspot\share\prims\jni.cpp, line 520]
Event: 6.783 Thread 0x0000029cc71cbd10 Exception <a 'sun/nio/fs/WindowsException'{0x000000070abc86a0}> (0x000000070abc86a0) 
thrown [s\open\src\hotspot\share\prims\jni.cpp, line 520]
Event: 6.783 Thread 0x0000029cc71cbd10 Exception <a 'sun/nio/fs/WindowsException'{0x000000070abcd040}> (0x000000070abcd040) 
thrown [s\open\src\hotspot\share\prims\jni.cpp, line 520]
Event: 6.783 Thread 0x0000029cc71cbd10 Exception <a 'sun/nio/fs/WindowsException'{0x000000070abcd988}> (0x000000070abcd988) 
thrown [s\open\src\hotspot\share\prims\jni.cpp, line 520]
Event: 6.783 Thread 0x0000029cc71cbd10 Exception <a 'sun/nio/fs/WindowsException'{0x000000070abcdc88}> (0x000000070abcdc88) 
thrown [s\open\src\hotspot\share\prims\jni.cpp, line 520]
Event: 6.784 Thread 0x0000029cc71cbd10 Exception <a 'sun/nio/fs/WindowsException'{0x000000070abce5c8}> (0x000000070abce5c8) 
thrown [s\open\src\hotspot\share\prims\jni.cpp, line 520]
Event: 6.784 Thread 0x0000029cc71cbd10 Exception <a 'sun/nio/fs/WindowsException'{0x000000070abce8c0}> (0x000000070abce8c0) 
thrown [s\open\src\hotspot\share\prims\jni.cpp, line 520]

ZGC Phase Switch (0 events):
No events

VM Operations (20 events):
Event: 6.508 Executing VM operation: HandshakeAllThreads (Deoptimize) done
Event: 6.566 Executing VM operation: G1CollectForAllocation (G1 Evacuation Pause)
Event: 6.573 Executing VM operation: G1CollectForAllocation (G1 Evacuation Pause) done
Event: 6.621 Executing VM operation: G1PauseRemark
Event: 6.625 Executing VM operation: G1PauseRemark done
Event: 6.640 Executing VM operation: G1PauseCleanup
Event: 6.641 Executing VM operation: G1PauseCleanup done
Event: 6.667 Executing VM operation: G1CollectForAllocation (G1 Evacuation Pause)
Event: 6.675 Executing VM operation: G1CollectForAllocation (G1 Evacuation Pause) done
Event: 6.697 Executing VM operation: G1CollectForAllocation (G1 Evacuation Pause)
Event: 6.702 Executing VM operation: G1CollectForAllocation (G1 Evacuation Pause) done
Event: 6.734 Executing VM operation: G1CollectForAllocation (G1 Evacuation Pause)
Event: 6.738 Executing VM operation: G1CollectForAllocation (G1 Evacuation Pause) done
Event: 6.773 Executing VM operation: G1PauseRemark
Event: 6.776 Executing VM operation: G1PauseRemark done
Event: 6.793 Executing VM operation: G1PauseCleanup
Event: 6.793 Executing VM operation: G1PauseCleanup done
Event: 6.796 Executing VM operation: G1CollectForAllocation (G1 Evacuation Pause)
Event: 6.802 Executing VM operation: G1CollectForAllocation (G1 Evacuation Pause) done
Event: 6.830 Executing VM operation: G1CollectForAllocation (G1 Evacuation Pause)

Memory protections (0 events):
No events

Nmethod flushes (20 events):
Event: 6.776 Thread 0x0000029ceef7ead0 flushing  nmethod 0x0000029ce3e04590
Event: 6.776 Thread 0x0000029ceef7ead0 flushing  nmethod 0x0000029ce3e04e10
Event: 6.776 Thread 0x0000029ceef7ead0 flushing  nmethod 0x0000029ce3e05290
Event: 6.776 Thread 0x0000029ceef7ead0 flushing  nmethod 0x0000029ce3e65990
Event: 6.776 Thread 0x0000029ceef7ead0 flushing  nmethod 0x0000029ce3e68090
Event: 6.776 Thread 0x0000029ceef7ead0 flushing  nmethod 0x0000029ce3e6c110
Event: 6.776 Thread 0x0000029ceef7ead0 flushing  nmethod 0x0000029ce3e9e390
Event: 6.776 Thread 0x0000029ceef7ead0 flushing  nmethod 0x0000029ce3e9e790
Event: 6.776 Thread 0x0000029ceef7ead0 flushing  nmethod 0x0000029ce3e9f310
Event: 6.776 Thread 0x0000029ceef7ead0 flushing  nmethod 0x0000029ce3e9f690
Event: 6.776 Thread 0x0000029ceef7ead0 flushing  nmethod 0x0000029ce3ed1c90
Event: 6.776 Thread 0x0000029ceef7ead0 flushing  nmethod 0x0000029ce3ed2610
Event: 6.776 Thread 0x0000029ceef7ead0 flushing  nmethod 0x0000029ce3ed2910
Event: 6.776 Thread 0x0000029ceef7ead0 flushing  nmethod 0x0000029ce3ed3f90
Event: 6.776 Thread 0x0000029ceef7ead0 flushing  nmethod 0x0000029ce3ed4410
Event: 6.776 Thread 0x0000029ceef7ead0 flushing  nmethod 0x0000029ce3ed4710
Event: 6.776 Thread 0x0000029ceef7ead0 flushing  nmethod 0x0000029ce3f03f90
Event: 6.776 Thread 0x0000029ceef7ead0 flushing  nmethod 0x0000029ce4346b90
Event: 6.776 Thread 0x0000029ceef7ead0 flushing  nmethod 0x0000029ce4353f90
Event: 6.776 Thread 0x0000029ceef7ead0 flushing  nmethod 0x0000029ce4364210

Events (20 events):
Event: 6.754 Thread 0x0000029cc8b62e50 Thread exited: 0x0000029cc8b62e50
Event: 6.779 Thread 0x0000029cd9a77830 Thread added: 0x0000029cc71ca2d0
Event: 6.779 Thread 0x0000029cc71ca2d0 Thread added: 0x0000029cc71cbd10
Event: 6.779 Thread 0x0000029cc71ca2d0 Thread added: 0x0000029cc8b50a10
Event: 6.780 Thread 0x0000029cc71ca2d0 Thread added: 0x0000029cc8b4ae30
Event: 6.780 Thread 0x0000029cc71ca2d0 Thread added: 0x0000029cc8b4e940
Event: 6.780 Thread 0x0000029cc71ca2d0 Thread added: 0x0000029cc8b4fcf0
Event: 6.780 Thread 0x0000029cc71ca2d0 Thread added: 0x0000029cc8b4a7a0
Event: 6.780 Thread 0x0000029cc71ca2d0 Thread added: 0x0000029cc8b4b4c0
Event: 6.780 Thread 0x0000029cc71ca2d0 Thread added: 0x0000029cc8b50380
Event: 6.780 Thread 0x0000029cc71ca2d0 Thread added: 0x0000029cc8b4dc20
Event: 6.780 Thread 0x0000029cc71ca2d0 Thread added: 0x0000029cc8b4f660
Event: 6.781 Thread 0x0000029cc71ca2d0 Thread added: 0x0000029cc8b4cf00
Event: 6.781 Thread 0x0000029cc71ca2d0 Thread added: 0x0000029cc8b4e2b0
Event: 6.782 Thread 0x0000029cc71ca2d0 Thread added: 0x0000029cc8b4bb50
Event: 6.782 Thread 0x0000029cc71ca2d0 Thread added: 0x0000029cc8b4a110
Event: 6.782 Thread 0x0000029cc71ca2d0 Thread added: 0x0000029cc8b4c1e0
Event: 6.782 Thread 0x0000029cc71ca2d0 Thread added: 0x0000029cc8b4efd0
Event: 6.782 Thread 0x0000029cc71ca2d0 Thread added: 0x0000029cc8b4d590
Event: 6.782 Thread 0x0000029cc71ca2d0 Thread added: 0x0000029cc8b510a0


Dynamic libraries:
0x00007ff6be3d0000 - 0x00007ff6be3de000 	C:\Users\dotai\.jdks\openjdk-22.0.2\bin\java.exe
0x00007ffc469b0000 - 0x00007ffc46bc7000 	C:\WINDOWS\SYSTEM32\ntdll.dll
0x00007ffc450e0000 - 0x00007ffc451a4000 	C:\WINDOWS\System32\KERNEL32.DLL
0x00007ffc44270000 - 0x00007ffc44629000 	C:\WINDOWS\System32\KERNELBASE.dll
0x00007ffc440a0000 - 0x00007ffc441b1000 	C:\WINDOWS\System32\ucrtbase.dll
0x00007ffc3eac0000 - 0x00007ffc3ead7000 	C:\Users\dotai\.jdks\openjdk-22.0.2\bin\jli.dll
0x00007ffc3c090000 - 0x00007ffc3c0ab000 	C:\Users\dotai\.jdks\openjdk-22.0.2\bin\VCRUNTIME140.dll
0x00007ffc464d0000 - 0x00007ffc4667e000 	C:\WINDOWS\System32\USER32.dll
0x00007ffc44240000 - 0x00007ffc44266000 	C:\WINDOWS\System32\win32u.dll
0x00007ffc44e00000 - 0x00007ffc44e29000 	C:\WINDOWS\System32\GDI32.dll
0x00007ffc28900000 - 0x00007ffc28b92000 	C:\WINDOWS\WinSxS\amd64_microsoft.windows.common-controls_6595b64144ccf1df_6.0.22621.4391_none_2715d37f73803e96\COMCTL32.dll
0x00007ffc43e10000 - 0x00007ffc43f2b000 	C:\WINDOWS\System32\gdi32full.dll
0x00007ffc43cb0000 - 0x00007ffc43d4a000 	C:\WINDOWS\System32\msvcp_win.dll
0x00007ffc45380000 - 0x00007ffc45427000 	C:\WINDOWS\System32\msvcrt.dll
0x00007ffc44790000 - 0x00007ffc447c1000 	C:\WINDOWS\System32\IMM32.DLL
0x00007ffc3f3d0000 - 0x00007ffc3f3dc000 	C:\Users\dotai\.jdks\openjdk-22.0.2\bin\vcruntime140_1.dll
0x00007ffc313f0000 - 0x00007ffc3147e000 	C:\Users\dotai\.jdks\openjdk-22.0.2\bin\msvcp140.dll
0x00007ffc05cb0000 - 0x00007ffc069f9000 	C:\Users\dotai\.jdks\openjdk-22.0.2\bin\server\jvm.dll
0x00007ffc446d0000 - 0x00007ffc44782000 	C:\WINDOWS\System32\ADVAPI32.dll
0x00007ffc44bd0000 - 0x00007ffc44c77000 	C:\WINDOWS\System32\sechost.dll
0x00007ffc446a0000 - 0x00007ffc446c8000 	C:\WINDOWS\System32\bcrypt.dll
0x00007ffc45260000 - 0x00007ffc45374000 	C:\WINDOWS\System32\RPCRT4.dll
0x00007ffc468f0000 - 0x00007ffc46961000 	C:\WINDOWS\System32\WS2_32.dll
0x00007ffc42b00000 - 0x00007ffc42b4d000 	C:\WINDOWS\SYSTEM32\POWRPROF.dll
0x00007ffc3ea40000 - 0x00007ffc3ea74000 	C:\WINDOWS\SYSTEM32\WINMM.dll
0x00007ffc3b7f0000 - 0x00007ffc3b7fa000 	C:\WINDOWS\SYSTEM32\VERSION.dll
0x00007ffc42ae0000 - 0x00007ffc42af3000 	C:\WINDOWS\SYSTEM32\UMPDC.dll
0x00007ffc42da0000 - 0x00007ffc42db8000 	C:\WINDOWS\SYSTEM32\kernel.appcore.dll
0x00007ffc3f0c0000 - 0x00007ffc3f0ca000 	C:\Users\dotai\.jdks\openjdk-22.0.2\bin\jimage.dll
0x00007ffc2db20000 - 0x00007ffc2dd52000 	C:\WINDOWS\SYSTEM32\DBGHELP.DLL
0x00007ffc44840000 - 0x00007ffc44bcf000 	C:\WINDOWS\System32\combase.dll
0x00007ffc46680000 - 0x00007ffc46757000 	C:\WINDOWS\System32\OLEAUT32.dll
0x00007ffc21ed0000 - 0x00007ffc21f02000 	C:\WINDOWS\SYSTEM32\dbgcore.DLL
0x00007ffc441c0000 - 0x00007ffc4423b000 	C:\WINDOWS\System32\bcryptPrimitives.dll
0x00007ffc3c0e0000 - 0x00007ffc3c0ef000 	C:\Users\dotai\.jdks\openjdk-22.0.2\bin\instrument.dll
0x00007ffc3c050000 - 0x00007ffc3c06e000 	C:\Users\dotai\.jdks\openjdk-22.0.2\bin\java.dll
0x00007ffc454b0000 - 0x00007ffc45d26000 	C:\WINDOWS\System32\SHELL32.dll
0x00007ffc45d40000 - 0x00007ffc45ee5000 	C:\WINDOWS\System32\ole32.dll
0x00007ffc41bb0000 - 0x00007ffc424b3000 	C:\WINDOWS\SYSTEM32\windows.storage.dll
0x00007ffc41a70000 - 0x00007ffc41baf000 	C:\WINDOWS\SYSTEM32\wintypes.dll
0x00007ffc44d00000 - 0x00007ffc44df9000 	C:\WINDOWS\System32\SHCORE.dll
0x00007ffc44e50000 - 0x00007ffc44eae000 	C:\WINDOWS\System32\shlwapi.dll
0x00007ffc43be0000 - 0x00007ffc43c0b000 	C:\WINDOWS\SYSTEM32\profapi.dll
0x00007ffc33d90000 - 0x00007ffc33da7000 	C:\Users\dotai\.jdks\openjdk-22.0.2\bin\zip.dll
0x00007ffc3c020000 - 0x00007ffc3c030000 	C:\Users\dotai\.jdks\openjdk-22.0.2\bin\net.dll
0x00007ffc43210000 - 0x00007ffc43279000 	C:\WINDOWS\system32\mswsock.dll
0x00007ffc3bfc0000 - 0x00007ffc3bfd6000 	C:\Users\dotai\.jdks\openjdk-22.0.2\bin\nio.dll
0x00007ffc33a90000 - 0x00007ffc33aaa000 	C:\Program Files\JetBrains\IntelliJ IDEA 2024.2.3\bin\breakgen64.dll
0x00007ffc3bff0000 - 0x00007ffc3bff9000 	C:\Users\dotai\.jdks\openjdk-22.0.2\bin\extnet.dll
0x00007ffc42800000 - 0x00007ffc42902000 	C:\WINDOWS\SYSTEM32\DNSAPI.dll
0x00007ffc42790000 - 0x00007ffc427bd000 	C:\WINDOWS\SYSTEM32\IPHLPAPI.DLL
0x00007ffc45430000 - 0x00007ffc45439000 	C:\WINDOWS\System32\NSI.dll
0x00007ffc3b9b0000 - 0x00007ffc3b9ba000 	C:\Windows\System32\rasadhlp.dll
0x00007ffc3b9c0000 - 0x00007ffc3ba43000 	C:\WINDOWS\System32\fwpuclnt.dll
0x00007ffc3c0d0000 - 0x00007ffc3c0da000 	C:\Users\dotai\.jdks\openjdk-22.0.2\bin\management.dll
0x00007ffc3c0c0000 - 0x00007ffc3c0cb000 	C:\Users\dotai\.jdks\openjdk-22.0.2\bin\management_ext.dll
0x00007ffc45d30000 - 0x00007ffc45d38000 	C:\WINDOWS\System32\PSAPI.DLL
0x00007ffc43560000 - 0x00007ffc4357b000 	C:\WINDOWS\SYSTEM32\CRYPTSP.dll
0x00007ffc42d00000 - 0x00007ffc42d35000 	C:\WINDOWS\system32\rsaenh.dll
0x00007ffc432b0000 - 0x00007ffc432d8000 	C:\WINDOWS\SYSTEM32\USERENV.dll
0x00007ffc43540000 - 0x00007ffc4354c000 	C:\WINDOWS\SYSTEM32\CRYPTBASE.dll
0x00007ffc20180000 - 0x00007ffc20197000 	C:\WINDOWS\system32\napinsp.dll
0x00007ffc21cb0000 - 0x00007ffc21ccb000 	C:\WINDOWS\system32\pnrpnsp.dll
0x00007ffbf30a0000 - 0x00007ffbf30c7000 	C:\WINDOWS\system32\nlansp_c.dll
0x00007ffc201a0000 - 0x00007ffc201b1000 	C:\WINDOWS\System32\winrnr.dll
0x00007ffc3dfa0000 - 0x00007ffc3dfb5000 	C:\WINDOWS\system32\wshbth.dll
0x00007ffc33e20000 - 0x00007ffc33e2e000 	C:\Users\dotai\.jdks\openjdk-22.0.2\bin\sunmscapi.dll
0x00007ffc43f30000 - 0x00007ffc44096000 	C:\WINDOWS\System32\CRYPT32.dll
0x00007ffc43670000 - 0x00007ffc4369d000 	C:\WINDOWS\SYSTEM32\ncrypt.dll
0x00007ffc43630000 - 0x00007ffc43667000 	C:\WINDOWS\SYSTEM32\NTASN1.dll
0x00007ffc3a2c0000 - 0x00007ffc3a2d0000 	C:\Users\dotai\.jdks\openjdk-22.0.2\bin\verify.dll
0x00007ffc335e0000 - 0x00007ffc335e8000 	C:\WINDOWS\system32\wshunix.dll

dbghelp: loaded successfully - version: 4.0.5 - missing functions: none
symbol engine: initialized successfully - sym options: 0x614 - pdb path: .;C:\Users\dotai\.jdks\openjdk-22.0.2\bin;C:\WINDOWS\SYSTEM32;C:\WINDOWS\WinSxS\amd64_microsoft.windows.common-controls_6595b64144ccf1df_6.0.22621.4391_none_2715d37f73803e96;C:\Users\dotai\.jdks\openjdk-22.0.2\bin\server;C:\Program Files\JetBrains\IntelliJ IDEA 2024.2.3\bin

VM Arguments:
jvm_args: -XX:TieredStopAtLevel=1 -Dspring.output.ansi.enabled=always -Dcom.sun.management.jmxremote -Dspring.jmx.enabled=true -Dspring.liveBeansView.mbeanDomain -Dspring.application.admin.enabled=true -Dmanagement.endpoints.jmx.exposure.include=* -javaagent:C:\Program Files\JetBrains\IntelliJ IDEA 2024.2.3\lib\idea_rt.jar=54306:C:\Program Files\JetBrains\IntelliJ IDEA 2024.2.3\bin -Dfile.encoding=UTF-8 -Dsun.stdout.encoding=UTF-8 -Dsun.stderr.encoding=UTF-8 
java_command: com.example.customer.CustomerApplication
java_class_path (initial): C:\Users\dotai\Documents\GitHub\adc\customer\target\classes;C:\Users\dotai\.m2\repository\org\springframework\boot\spring-boot-starter-data-jpa\3.3.4\spring-boot-starter-data-jpa-3.3.4.jar;C:\Users\dotai\.m2\repository\org\springframework\boot\spring-boot-starter-aop\3.3.4\spring-boot-starter-aop-3.3.4.jar;C:\Users\dotai\.m2\repository\org\aspectj\aspectjweaver\1.9.22.1\aspectjweaver-1.9.22.1.jar;C:\Users\dotai\.m2\repository\org\springframework\boot\spring-boot-starter-jdbc\3.3.4\spring-boot-starter-jdbc-3.3.4.jar;C:\Users\dotai\.m2\repository\com\zaxxer\HikariCP\5.1.0\HikariCP-5.1.0.jar;C:\Users\dotai\.m2\repository\org\springframework\spring-jdbc\6.1.13\spring-jdbc-6.1.13.jar;C:\Users\dotai\.m2\repository\org\hibernate\orm\hibernate-core\6.5.3.Final\hibernate-core-6.5.3.Final.jar;C:\Users\dotai\.m2\repository\jakarta\persistence\jakarta.persistence-api\3.1.0\jakarta.persistence-api-3.1.0.jar;C:\Users\dotai\.m2\repository\jakarta\transaction\jakarta.transaction-api\2.0.1\jakarta.transaction-api-2.0.1.jar;C:\Users\dotai\.m2\repository\org\jboss\logging\jboss-logging\3.5.3.Final\jboss-logging-3.5.3.Final.jar;C:\Users\dotai\.m2\repository\org\hibernate\common\hibernate-commons-annotations\6.0.6.Final\hibernate-commons-annotations-6.0.6.Final.jar;C:\Users\dotai\.m2\repository\io\smallrye\jandex\3.1.2\jandex-3.1.2.jar;C:\Users\dotai\.m2\repository\com\fasterxml\classmate\1.7.0\classmate-1.7.0.jar;C:\Users\dotai\.m2\repository\net\bytebuddy\byte-buddy\1.14.19\byte-buddy-1.14.19.jar;C:\Users\dotai\.m2\repository\org\glassfish\jaxb\jaxb-runtime\4.0.5\jaxb-runtime-4.0.5.jar;C:\Users\dotai\.m2\repository\jakarta\inject\jakarta.inject-api\2.0.1\jakarta.inject-api-2.0.1.jar;C:\Users\dotai\.m2\repository\org\antlr\antlr4-runtime\4.13.0\antlr4-runtime-4.13.0.jar;C:\Users\dotai\.m2\repository\org\springframework\data\spring-data-jpa\3.3.4\spring-data-jpa-3.3.4.jar;C:\Users\dotai\.m2\repository\org\springframework\data\spring-data-commons\3.3.4\spring-data-commons-3.3.4.jar;C:\Users\dotai\.m2\repository\org\springframework\spring-orm\6.1.13\spring-orm-6.1.13.jar;C:\Users\dotai\.m2\repository\org\springframework\spring-context\6.1.13\spring-context-6.1.13.jar;C:\Users\dotai\.m2\repository\org\springframework\spring-tx\6.1.13\spring-tx-6.1.13.jar;C:\Users\dotai\.m2\repository\org\springframework\spring-beans\6.1.13\spring-beans-6.1.13.jar;C:\Users\dotai\.m2\repository\jakarta\annotation\jakarta.annotation-api\2.1.1\jakarta.annotation-api-2.1.1.jar;C:\Users\dotai\.m2\repository\org\slf4j\slf4j-api\2.0.16\slf4j-api-2.0.16.jar;C:\Users\dotai\.m2\repository\org\springframework\spring-aspects\6.1.13\spring-aspects-6.1.13.jar;C:\Users\dotai\.m2\repository\org\springframework\boot\spring-boot-starter-validation\3.3.4\spring-boot-starter-validation-3.3.4.jar;C:\Users\dotai\.m2\repository\org\springframework\boot\spring-boot-starter\3.3.4\spring-boot-starter-3.3.4.jar;C:\Users\dotai\.m2\repository\org\springframework\boot\spring-boot\3.3.4\spring-boot-3.3.4.jar;C:\Users\dotai\.m2\repository\org\springframework\boot\spring-boot-autoconfigure\3.3.4\spring-boot-autoconfigure-3.3.4.jar;C:\Users\dotai\.m2\repository\org\springframework\boot\spring-boot-starter-logging\3.3.4\spring-boot-starter-logging-3.3.4.jar;C:\Users\dotai\.m2\repository\ch\qos\logback\logback-classic\1.5.8\logback-classic-1.5.8.jar;C:\Users\dotai\.m2\repository\ch\qos\logback\logback-core\1.5.8\logback-core-1.5.8.jar;C:\Users\dotai\.m2\repository\org\apache\logging\log4j\log4j-to-slf4j\2.23.1\log4j-to-slf4j-2.23.1.jar;C:\Users\dotai\.m2\repository\org\apache\logging\log4j\log4j-api\2.23.1\log4j-api-2.23.1.jar;C:\Users\dotai\.m2\repository\org\slf4j\jul-to-slf4j\2.0.16\jul-to-slf4j-2.0.16.jar;C:\Users\dotai\.m2\repository\org\yaml\snakeyaml\2.2\snakeyaml-2.2.jar;C:\Users\dotai\.m2\repository\org\apache\tomcat\embed\tomcat-embed-el\10.1.30\tomcat-embed-el-10.1.30.jar;C:\Users\dotai\.m2\repository\org\hibernate\validator\hibernate-validator\8.0.1.Final\hibernate-validator-8.0.1.Final.jar;C:\Users\dotai\.m2\repository\jakarta\validation\jakarta.validation-api\3.0.2\jakarta.validation-api-3.0.2.jar;C:\Users\dotai\.m2\repository\org\springframework\boot\spring-boot-starter-web\3.3.4\spring-boot-starter-web-3.3.4.jar;C:\Users\dotai\.m2\repository\org\springframework\boot\spring-boot-starter-json\3.3.4\spring-boot-starter-json-3.3.4.jar;C:\Users\dotai\.m2\repository\com\fasterxml\jackson\core\jackson-databind\2.17.2\jackson-databind-2.17.2.jar;C:\Users\dotai\.m2\repository\com\fasterxml\jackson\datatype\jackson-datatype-jdk8\2.17.2\jackson-datatype-jdk8-2.17.2.jar;C:\Users\dotai\.m2\repository\com\fasterxml\jackson\datatype\jackson-datatype-jsr310\2.17.2\jackson-datatype-jsr310-2.17.2.jar;C:\Users\dotai\.m2\repository\com\fasterxml\jackson\module\jackson-module-parameter-names\2.17.2\jackson-module-parameter-names-2.17.2.jar;C:\Users\dotai\.m2\repository\org\springframework\boot\spring-boot-starter-tomcat\3.3.4\spring-boot-starter-tomcat-3.3.4.jar;C:\Users\dotai\.m2\repository\org\apache\tomcat\embed\tomcat-embed-core\10.1.30\tomcat-embed-core-10.1.30.jar;C:\Users\dotai\.m2\repository\org\apache\tomcat\embed\tomcat-embed-websocket\10.1.30\tomcat-embed-websocket-10.1.30.jar;C:\Users\dotai\.m2\repository\org\springframework\spring-web\6.1.13\spring-web-6.1.13.jar;C:\Users\dotai\.m2\repository\io\micrometer\micrometer-observation\1.13.4\micrometer-observation-1.13.4.jar;C:\Users\dotai\.m2\repository\io\micrometer\micrometer-commons\1.13.4\micrometer-commons-1.13.4.jar;C:\Users\dotai\.m2\repository\org\springframework\spring-webmvc\6.1.13\spring-webmvc-6.1.13.jar;C:\Users\dotai\.m2\repository\org\springframework\spring-expression\6.1.13\spring-expression-6.1.13.jar;C:\Users\dotai\.m2\repository\org\springframework\boot\spring-boot-starter-security\3.3.4\spring-boot-starter-security-3.3.4.jar;C:\Users\dotai\.m2\repository\org\springframework\spring-aop\6.1.13\spring-aop-6.1.13.jar;C:\Users\dotai\.m2\repository\org\springframework\security\spring-security-config\6.3.3\spring-security-config-6.3.3.jar;C:\Users\dotai\.m2\repository\org\springframework\security\spring-security-web\6.3.3\spring-security-web-6.3.3.jar;C:\Users\dotai\.m2\repository\com\h2database\h2\2.2.224\h2-2.2.224.jar;C:\Users\dotai\.m2\repository\org\postgresql\postgresql\42.7.4\postgresql-42.7.4.jar;C:\Users\dotai\.m2\repository\org\checkerframework\checker-qual\3.42.0\checker-qual-3.42.0.jar;C:\Users\dotai\.m2\repository\org\projectlombok\lombok\1.18.34\lombok-1.18.34.jar;C:\Users\dotai\.m2\repository\jakarta\xml\bind\jakarta.xml.bind-api\4.0.2\jakarta.xml.bind-api-4.0.2.jar;C:\Users\dotai\.m2\repository\jakarta\activation\jakarta.activation-api\2.1.3\jakarta.activation-api-2.1.3.jar;C:\Users\dotai\.m2\repository\org\springframework\spring-core\6.1.13\spring-core-6.1.13.jar;C:\Users\dotai\.m2\repository\org\springframework\spring-jcl\6.1.13\spring-jcl-6.1.13.jar;C:\Users\dotai\.m2\repository\org\springframework\spring-test\6.1.13\spring-test-6.1.13.jar;C:\Users\dotai\.m2\repository\org\springframework\security\spring-security-test\6.3.3\spring-security-test-6.3.3.jar;C:\Users\dotai\.m2\repository\org\springframework\security\spring-security-core\6.3.3\spring-security-core-6.3.3.jar;C:\Users\dotai\.m2\repository\org\springframework\security\spring-security-crypto\6.3.3\spring-security-crypto-6.3.3.jar;C:\Users\dotai\.m2\repository\org\keycloak\keycloak-spring-boot-starter\25.0.3\keycloak-spring-boot-starter-25.0.3.jar;C:\Users\dotai\.m2\repository\org\keycloak\keycloak-spring-boot-2-adapter\25.0.3\keycloak-spring-boot-2-adapter-25.0.3.jar;C:\Users\dotai\.m2\repository\org\keycloak\keycloak-spring-boot-adapter-core\25.0.3\keycloak-spring-boot-adapter-core-25.0.3.jar;C:\Users\dotai\.m2\repository\org\keycloak\keycloak-authz-client\25.0.3\keycloak-authz-client-25.0.3.jar;C:\Users\dotai\.m2\repository\org\apache\httpcomponents\httpclient\4.5.14\httpclient-4.5.14.jar;C:\Users\dotai\.m2\repository\org\apache\httpcomponents\httpcore\4.4.16\httpcore-4.4.16.jar;C:\Users\dotai\.m2\repository\commons-logging\commons-logging\1.2\commons-logging-1.2.jar;C:\Users\dotai\.m2\repository\org\keycloak\spring-boot-container-bundle\25.0.3\spring-boot-container-bundle-25.0.3.jar;C:\Users\dotai\.m2\repository\org\keycloak\keycloak-adapter-core\25.0.3\keycloak-adapter-core-25.0.3.jar;C:\Users\dotai\.m2\repository\org\keycloak\keycloak-crypto-default\25.0.3\keycloak-crypto-default-25.0.3.jar;C:\Users\dotai\.m2\repository\org\keycloak\keycloak-server-spi\25.0.3\keycloak-server-spi-25.0.3.jar;C:\Users\dotai\.m2\repository\org\keycloak\keycloak-server-spi-private\25.0.3\keycloak-server-spi-private-25.0.3.jar;C:\Users\dotai\.m2\repository\org\bouncycastle\bcpkix-jdk18on\1.74\bcpkix-jdk18on-1.74.jar;C:\Users\dotai\.m2\repository\org\bouncycastle\bcutil-jdk18on\1.74\bcutil-jdk18on-1.74.jar;C:\Users\dotai\.m2\repository\org\keycloak\keycloak-spring-security-adapter\25.0.3\keycloak-spring-security-adapter-25.0.3.jar;C:\Users\dotai\.m2\repository\org\keycloak\keycloak-adapter-spi\25.0.3\keycloak-adapter-spi-25.0.3.jar;C:\Users\dotai\.m2\repository\org\keycloak\keycloak-policy-enforcer\25.0.3\keycloak-policy-enforcer-25.0.3.jar;C:\Users\dotai\.m2\repository\org\bouncycastle\bcprov-jdk18on\1.74\bcprov-jdk18on-1.74.jar;C:\Users\dotai\.m2\repository\com\fasterxml\jackson\core\jackson-core\2.17.2\jackson-core-2.17.2.jar;C:\Users\dotai\.m2\repository\com\fasterxml\jackson\core\jackson-annotations\2.17.2\jackson-annotations-2.17.2.jar;C:\Users\dotai\.m2\repository\org\keycloak\keycloak-admin-client\25.0.6\keycloak-admin-client-25.0.6.jar;C:\Users\dotai\.m2\repository\org\keycloak\keycloak-core\25.0.6\keycloak-core-25.0.6.jar;C:\Users\dotai\.m2\repository\org\keycloak\keycloak-common\25.0.6\keycloak-common-25.0.6.jar;C:\Users\dotai\.m2\repository\org\jboss\resteasy\resteasy-client\6.2.7.Final\resteasy-client-6.2.7.Final.jar;C:\Users\dotai\.m2\repository\org\jboss\resteasy\resteasy-client-api\6.2.7.Final\resteasy-client-api-6.2.7.Final.jar;C:\Users\dotai\.m2\repository\org\jboss\resteasy\resteasy-core-spi\6.2.7.Final\resteasy-core-spi-6.2.7.Final.jar;C:\Users\dotai\.m2\repository\org\jboss\resteasy\resteasy-core\6.2.7.Final\resteasy-core-6.2.7.Final.jar;C:\Users\dotai\.m2\repository\org\jboss\jandex\2.4.4.Final\jandex-2.4.4.Final.jar;C:\Users\dotai\.m2\repository\org\eclipse\angus\angus-activation\2.0.2\angus-activation-2.0.2.jar;C:\Users\dotai\.m2\repository\com\ibm\async\asyncutil\0.1.0\asyncutil-0.1.0.jar;C:\Users\dotai\.m2\repository\commons-codec\commons-codec\1.16.1\commons-codec-1.16.1.jar;C:\Users\dotai\.m2\repository\jakarta\ws\rs\jakarta.ws.rs-api\3.1.0\jakarta.ws.rs-api-3.1.0.jar;C:\Users\dotai\.m2\repository\org\reactivestreams\reactive-streams\1.0.4\reactive-streams-1.0.4.jar;C:\Users\dotai\.m2\repository\org\jboss\resteasy\resteasy-multipart-provider\6.2.7.Final\resteasy-multipart-provider-6.2.7.Final.jar;C:\Users\dotai\.m2\repository\jakarta\mail\jakarta.mail-api\2.1.3\jakarta.mail-api-2.1.3.jar;C:\Users\dotai\.m2\repository\org\eclipse\angus\angus-mail\2.0.3\angus-mail-2.0.3.jar;C:\Users\dotai\.m2\repository\org\apache\james\apache-mime4j-dom\0.8.9\apache-mime4j-dom-0.8.9.jar;C:\Users\dotai\.m2\repository\org\apache\james\apache-mime4j-core\0.8.9\apache-mime4j-core-0.8.9.jar;C:\Users\dotai\.m2\repository\org\apache\james\apache-mime4j-storage\0.8.9\apache-mime4j-storage-0.8.9.jar;C:\Users\dotai\.m2\repository\commons-io\commons-io\2.11.0\commons-io-2.11.0.jar;C:\Users\dotai\.m2\repository\org\jboss\resteasy\resteasy-jackson2-provider\6.2.7.Final\resteasy-jackson2-provider-6.2.7.Final.jar;C:\Users\dotai\.m2\repository\com\fasterxml\jackson\jakarta\rs\jackson-jakarta-rs-base\2.17.2\jackson-jakarta-rs-base-2.17.2.jar;C:\Users\dotai\.m2\repository\com\fasterxml\jackson\jakarta\rs\jackson-jakarta-rs-json-provider\2.17.2\jackson-jakarta-rs-json-provider-2.17.2.jar;C:\Users\dotai\.m2\repository\com\fasterxml\jackson\module\jackson-module-jakarta-xmlbind-annotations\2.17.2\jackson-module-jakarta-xmlbind-annotations-2.17.2.jar;C:\Users\dotai\.m2\repository\com\github\java-json-tools\json-patch\1.13\json-patch-1.13.jar;C:\Users\dotai\.m2\repository\com\github\java-json-tools\msg-simple\1.2\msg-simple-1.2.jar;C:\Users\dotai\.m2\repository\com\github\java-json-tools\btf\1.3\btf-1.3.jar;C:\Users\dotai\.m2\repository\com\github\java-json-tools\jackson-coreutils\2.0\jackson-coreutils-2.0.jar;C:\Users\dotai\.m2\repository\org\jboss\resteasy\resteasy-jaxb-provider\6.2.7.Final\resteasy-jaxb-provider-6.2.7.Final.jar;C:\Users\dotai\.m2\repository\org\glassfish\jaxb\codemodel\4.0.5\codemodel-4.0.5.jar;C:\Users\dotai\.m2\repository\org\glassfish\jaxb\jaxb-core\4.0.5\jaxb-core-4.0.5.jar;C:\Users\dotai\.m2\repository\org\glassfish\jaxb\jaxb-jxc\4.0.5\jaxb-jxc-4.0.5.jar;C:\Users\dotai\.m2\repository\org\glassfish\jaxb\txw2\4.0.5\txw2-4.0.5.jar;C:\Users\dotai\.m2\repository\org\glassfish\jaxb\jaxb-xjc\4.0.5\jaxb-xjc-4.0.5.jar;C:\Users\dotai\.m2\repository\org\glassfish\jaxb\xsom\4.0.5\xsom-4.0.5.jar;C:\Users\dotai\.m2\repository\com\sun\istack\istack-commons-runtime\4.1.2\istack-commons-runtime-4.1.2.jar;C:\Users\dotai\.m2\repository\com\sun\istack\istack-commons-tools\4.1.2\istack-commons-tools-4.1.2.jar;C:\Users\dotai\.m2\repository\com\sun\xml\bind\external\relaxng-datatype\4.0.3\relaxng-datatype-4.0.3.jar;C:\Users\dotai\.m2\repository\com\sun\xml\bind\external\rngom\4.0.3\rngom-4.0.3.jar;C:\Users\dotai\.m2\repository\org\springdoc\springdoc-openapi-starter-webmvc-ui\2.6.0\springdoc-openapi-starter-webmvc-ui-2.6.0.jar;C:\Users\dotai\.m2\repository\org\springdoc\springdoc-openapi-starter-webmvc-api\2.6.0\springdoc-openapi-starter-webmvc-api-2.6.0.jar;C:\Users\dotai\.m2\repository\org\springdoc\springdoc-openapi-starter-common\2.6.0\springdoc-openapi-starter-common-2.6.0.jar;C:\Users\dotai\.m2\repository\io\swagger\core\v3\swagger-core-jakarta\2.2.22\swagger-core-jakarta-2.2.22.jar;C:\Users\dotai\.m2\repository\org\apache\commons\commons-lang3\3.14.0\commons-lang3-3.14.0.jar;C:\Users\dotai\.m2\repository\io\swagger\core\v3\swagger-annotations-jakarta\2.2.22\swagger-annotations-jakarta-2.2.22.jar;C:\Users\dotai\.m2\repository\io\swagger\core\v3\swagger-models-jakarta\2.2.22\swagger-models-jakarta-2.2.22.jar;C:\Users\dotai\.m2\repository\com\fasterxml\jackson\dataformat\jackson-dataformat-yaml\2.17.2\jackson-dataformat-yaml-2.17.2.jar;C:\Users\dotai\.m2\repository\org\webjars\swagger-ui\5.17.14\swagger-ui-5.17.14.jar;C:\Users\dotai\.m2\repository\org\springdoc\springdoc-openapi-ui\1.6.14\springdoc-openapi-ui-1.6.14.jar;C:\Users\dotai\.m2\repository\org\springdoc\springdoc-openapi-webmvc-core\1.6.14\springdoc-openapi-webmvc-core-1.6.14.jar;C:\Users\dotai\.m2\repository\org\springdoc\springdoc-openapi-common\1.6.14\springdoc-openapi-common-1.6.14.jar;C:\Users\dotai\.m2\repository\io\swagger\core\v3\swagger-core\2.2.7\swagger-core-2.2.7.jar;C:\Users\dotai\.m2\repository\io\swagger\core\v3\swagger-annotations\2.2.7\swagger-annotations-2.2.7.jar;C:\Users\dotai\.m2\repository\io\swagger\core\v3\swagger-models\2.2.7\swagger-models-2.2.7.jar;C:\Users\dotai\.m2\repository\org\webjars\webjars-locator-core\0.58\webjars-locator-core-0.58.jar;C:\Users\dotai\.m2\repository\io\github\classgraph\classgraph\4.8.149\classgraph-4.8.149.jar;C:\Users\dotai\.m2\repository\org\springframework\boot\spring-boot-starter-oauth2-resource-server\3.3.4\spring-boot-starter-oauth2-resource-server-3.3.4.jar;C:\Users\dotai\.m2\repository\org\springframework\security\spring-security-oauth2-resource-server\6.3.3\spring-security-oauth2-resource-server-6.3.3.jar;C:\Users\dotai\.m2\repository\org\springframework\security\spring-security-oauth2-core\6.3.3\spring-security-oauth2-core-6.3.3.jar;C:\Users\dotai\.m2\repository\org\springframework\security\spring-security-oauth2-jose\6.3.3\spring-security-oauth2-jose-6.3.3.jar;C:\Users\dotai\.m2\repository\com\nimbusds\nimbus-jose-jwt\9.37.3\nimbus-jose-jwt-9.37.3.jar;C:\Users\dotai\.m2\repository\com\github\stephenc\jcip\jcip-annotations\1.0-1\jcip-annotations-1.0-1.jar
Launcher Type: SUN_STANDARD

[Global flags]
     intx CICompilerCount                          = 4                                         {product} {ergonomic}
     uint ConcGCThreads                            = 3                                         {product} {ergonomic}
     uint G1ConcRefinementThreads                  = 10                                        {product} {ergonomic}
   size_t G1HeapRegionSize                         = 2097152                                   {product} {ergonomic}
   size_t InitialHeapSize                          = 266338304                                 {product} {ergonomic}
     bool ManagementServer                         = true                                      {product} {command line}
   size_t MarkStackSize                            = 4194304                                   {product} {ergonomic}
   size_t MaxHeapSize                              = 4255121408                                {product} {ergonomic}
   size_t MaxNewSize                               = 2552233984                                {product} {ergonomic}
   size_t MinHeapDeltaBytes                        = 2097152                                   {product} {ergonomic}
   size_t MinHeapSize                              = 8388608                                   {product} {ergonomic}
    uintx NonNMethodCodeHeapSize                   = 4096                                   {pd product} {ergonomic}
    uintx NonProfiledCodeHeapSize                  = 0                                      {pd product} {ergonomic}
     bool ProfileInterpreter                       = false                                  {pd product} {command line}
    uintx ProfiledCodeHeapSize                     = 0                                      {pd product} {ergonomic}
   size_t SoftMaxHeapSize                          = 4255121408                             {manageable} {ergonomic}
     intx TieredStopAtLevel                        = 1                                         {product} {command line}
     bool UseCompressedOops                        = true                           {product lp64_product} {ergonomic}
     bool UseG1GC                                  = true                                      {product} {ergonomic}
     bool UseLargePagesIndividualAllocation        = false                                  {pd product} {ergonomic}

Logging:
Log output configuration:
 #0: stdout all=warning uptime,level,tags foldmultilines=false
 #1: stderr all=off uptime,level,tags foldmultilines=false

Environment Variables:
JAVA_HOME=C:\Program Files\Java\jdk-21
PATH=C:\Program Files\Java\jdk-21\bin;C:\Program Files (x86)\Common Files\Oracle\Java\java8path;C:\Program Files (x86)\Common Files\Oracle\Java\javapath;C:\WINDOWS\system32;C:\WINDOWS;C:\WINDOWS\System32\Wbem;C:\WINDOWS\System32\WindowsPowerShell\v1.0\;C:\WINDOWS\System32\OpenSSH\;C:\Program Files\Docker\Docker\resources\bin;C:\Program Files\Git\cmd;C:\Program Files\Intel\WiFi\bin\;C:\Program Files\Common Files\Intel\WirelessCommon\;C:\Users\dotai\AppData\Local\Microsoft\WindowsApps;C:\ProgramData\dotai\GitHubDesktop\bin;C:\Users\dotai\AppData\Local\Programs\Microsoft VS Code\bin;C:\Program Files\Intel\WiFi\bin\;C:\Program Files\Common Files\Intel\WirelessCommon\;
USERNAME=dotai
OS=Windows_NT
PROCESSOR_IDENTIFIER=Intel64 Family 6 Model 158 Stepping 10, GenuineIntel
TMP=C:\Users\dotai\AppData\Local\Temp
TEMP=C:\Users\dotai\AppData\Local\Temp




Periodic native trim disabled

---------------  S Y S T E M  ---------------

OS:
 Windows 11 , 64 bit Build 22621 (10.0.22621.4391)
OS uptime: 1 days 18:58 hours
Hyper-V role detected

CPU: total 12 (initial active 12) (6 cores per cpu, 2 threads per core) family 6 model 158 stepping 10 microcode 0xde, cx8, cmov, fxsr, ht, mmx, 3dnowpref, sse, sse2, sse3, ssse3, sse4.1, sse4.2, popcnt, lzcnt, tsc, tscinvbit, avx, avx2, aes, erms, clmul, bmi1, bmi2, adx, fma, vzeroupper, clflush, clflushopt, hv, rdtscp, f16c
Processor Information for all 12 processors :
  Max Mhz: 2201, Current Mhz: 2201, Mhz Limit: 2201

Memory: 4k page, system-wide physical 16227M (3423M free)
TotalPageFile size 21875M (AvailPageFile size 1659M)
current process WorkingSet (physical memory assigned to process): 305M, peak: 305M
current process commit charge ("private bytes"): 484M, peak: 600M

vm_info: OpenJDK 64-Bit Server VM (22.0.2+9-70) for windows-amd64 JRE (22.0.2+9-70), built on 2024-06-04T16:52:23Z by "mach5one" with MS VC++ 17.6 (VS2022)

END.
