#
# A fatal error has been detected by the Java Runtime Environment:
#
#  Internal Error (ad_x86.cpp:1125), pid=21452, tid=21748
#  Error: Unimplemented()
#
# JRE version: OpenJDK Runtime Environment (22.0.2+9) (build 22.0.2+9-70)
# Java VM: OpenJDK 64-Bit Server VM (22.0.2+9-70, mixed mode, sharing, tiered, compressed oops, compressed class ptrs, g1 gc, windows-amd64)
# No core dump will be written. Minidumps are not enabled by default on client versions of Windows
#
# If you would like to submit a bug report, please visit:
#   https://bugreport.java.com/bugreport/crash.jsp
#

---------------  S U M M A R Y ------------

Command Line: -agentlib:jdwp=transport=dt_socket,address=127.0.0.1:57997,suspend=y,server=n -javaagent:C:\Users\dotai\AppData\Local\JetBrains\IntelliJIdea2024.2\captureAgent\debugger-agent.jar -Dkotlinx.coroutines.debug.enable.creation.stack.trace=false -Ddebugger.agent.enable.coroutines=true -Dfile.encoding=UTF-8 -Dsun.stdout.encoding=UTF-8 -Dsun.stderr.encoding=UTF-8 com.example.BookWeb.BookWebApplication

Host: Intel(R) Core(TM) i7-8750H CPU @ 2.20GHz, 12 cores, 15G,  Windows 11 , 64 bit Build 22621 (10.0.22621.3958)
Time: Fri Sep 13 17:41:55 2024 SE Asia Standard Time elapsed time: 3.653723 seconds (0d 0h 0m 3s)

---------------  T H R E A D  ---------------

Current thread (0x000001833d944830):  JavaThread "C2 CompilerThread0" daemon [_thread_in_native, id=21748, stack(0x0000008261300000,0x0000008261400000) (1024K)]


Current CompileTask:
C2:3653 3815       4       org.springframework.beans.factory.support.AbstractAutowireCapableBeanFactory::predictBeanType (128 bytes)

Stack: [0x0000008261300000,0x0000008261400000]
Native frames: (J=compiled Java code, j=interpreted, Vv=VM code, C=native code)
V  [jvm.dll+0x6e26e9]  (no source info available)
V  [jvm.dll+0x875753]  (no source info available)
V  [jvm.dll+0x877b7e]  (no source info available)
V  [jvm.dll+0x878207]  (no source info available)
V  [jvm.dll+0x27fc07]  (no source info available)
V  [jvm.dll+0x27fc2c]  (no source info available)
V  [jvm.dll+0x27fba0]  (no source info available)
V  [jvm.dll+0x6951b]  (no source info available)
V  [jvm.dll+0x13875]  (no source info available)
V  [jvm.dll+0x6eb01a]  (no source info available)
V  [jvm.dll+0x6eb371]  (no source info available)
V  [jvm.dll+0x6e7ddc]  (no source info available)
V  [jvm.dll+0x247bb8]  (no source info available)
V  [jvm.dll+0x246e9f]  (no source info available)
V  [jvm.dll+0x1c4e80]  (no source info available)
V  [jvm.dll+0x2568f3]  (no source info available)
V  [jvm.dll+0x254baa]  (no source info available)
V  [jvm.dll+0x3f57a6]  (no source info available)
V  [jvm.dll+0x81dc0b]  (no source info available)
V  [jvm.dll+0x6e0d85]  (no source info available)
C  [ucrtbase.dll+0x29333]  (no source info available)
C  [KERNEL32.DLL+0x1257d]  (no source info available)
C  [ntdll.dll+0x5af28]  (no source info available)


---------------  P R O C E S S  ---------------

Threads class SMR info:
_java_thread_list=0x0000018305f756d0, length=16, elements={
0x000001831c54ac10, 0x000001833d92e790, 0x000001833d930460, 0x000001833d931c80,
0x000001833d936e30, 0x000001833d937890, 0x000001833d9359d0, 0x000001833d944830,
0x000001833d947700, 0x000001833db51200, 0x000001833dc5ace0, 0x000001833dd0f6b0,
0x000001833dc63c70, 0x000001833db504e0, 0x000001833dc746e0, 0x000001833ddddd10
}

Java Threads: ( => current thread )
  0x000001831c54ac10 JavaThread "main"                              [_thread_in_vm, id=26332, stack(0x0000008260500000,0x0000008260600000) (1024K)]
  0x000001833d92e790 JavaThread "Reference Handler"          daemon [_thread_blocked, id=21684, stack(0x0000008260d00000,0x0000008260e00000) (1024K)]
  0x000001833d930460 JavaThread "Finalizer"                  daemon [_thread_blocked, id=21076, stack(0x0000008260e00000,0x0000008260f00000) (1024K)]
  0x000001833d931c80 JavaThread "Signal Dispatcher"          daemon [_thread_blocked, id=10436, stack(0x0000008260f00000,0x0000008261000000) (1024K)]
  0x000001833d936e30 JavaThread "Attach Listener"            daemon [_thread_blocked, id=28908, stack(0x0000008261000000,0x0000008261100000) (1024K)]
  0x000001833d937890 JavaThread "Service Thread"             daemon [_thread_blocked, id=19824, stack(0x0000008261100000,0x0000008261200000) (1024K)]
  0x000001833d9359d0 JavaThread "Monitor Deflation Thread"   daemon [_thread_blocked, id=21028, stack(0x0000008261200000,0x0000008261300000) (1024K)]
=>0x000001833d944830 JavaThread "C2 CompilerThread0"         daemon [_thread_in_native, id=21748, stack(0x0000008261300000,0x0000008261400000) (1024K)]
  0x000001833d947700 JavaThread "C1 CompilerThread0"         daemon [_thread_blocked, id=3332, stack(0x0000008261400000,0x0000008261500000) (1024K)]
  0x000001833db51200 JavaThread "Common-Cleaner"             daemon [_thread_blocked, id=27432, stack(0x0000008261500000,0x0000008261600000) (1024K)]
  0x000001833dc5ace0 JavaThread "JDWP Transport Listener: dt_socket" daemon [_thread_blocked, id=7032, stack(0x0000008261600000,0x0000008261700000) (1024K)]
  0x000001833dd0f6b0 JavaThread "JDWP Event Helper Thread"   daemon [_thread_blocked, id=22172, stack(0x0000008261700000,0x0000008261800000) (1024K)]
  0x000001833dc63c70 JavaThread "JDWP Command Reader"        daemon [_thread_in_native, id=28312, stack(0x0000008261800000,0x0000008261900000) (1024K)]
  0x000001833db504e0 JavaThread "Notification Thread"        daemon [_thread_blocked, id=28148, stack(0x0000008261900000,0x0000008261a00000) (1024K)]
  0x000001833dc746e0 JavaThread "C2 CompilerThread1"         daemon [_thread_in_native, id=27056, stack(0x0000008261a00000,0x0000008261b00000) (1024K)]
  0x000001833ddddd10 JavaThread "C2 CompilerThread2"         daemon [_thread_in_native, id=17776, stack(0x0000008261b00000,0x0000008261c00000) (1024K)]
Total: 16

Other Threads:
  0x000001833d9151f0 VMThread "VM Thread"                           [id=10096, stack(0x0000008260c00000,0x0000008260d00000) (1024K)]
  0x000001833d8fa6e0 WatcherThread "VM Periodic Task Thread"        [id=15696, stack(0x0000008260b00000,0x0000008260c00000) (1024K)]
  0x000001831c5b44b0 WorkerThread "GC Thread#0"                     [id=7928, stack(0x0000008260600000,0x0000008260700000) (1024K)]
  0x000001830410d790 WorkerThread "GC Thread#1"                     [id=32588, stack(0x0000008261c00000,0x0000008261d00000) (1024K)]
  0x000001837f542c10 WorkerThread "GC Thread#2"                     [id=8384, stack(0x0000008261d00000,0x0000008261e00000) (1024K)]
  0x000001837f542fc0 WorkerThread "GC Thread#3"                     [id=12052, stack(0x0000008261e00000,0x0000008261f00000) (1024K)]
  0x000001837f406560 WorkerThread "GC Thread#4"                     [id=17792, stack(0x0000008261f00000,0x0000008262000000) (1024K)]
  0x000001830415ee20 WorkerThread "GC Thread#5"                     [id=28184, stack(0x0000008262000000,0x0000008262100000) (1024K)]
  0x000001830415f580 WorkerThread "GC Thread#6"                     [id=2080, stack(0x0000008262100000,0x0000008262200000) (1024K)]
  0x0000018304160090 WorkerThread "GC Thread#7"                     [id=32032, stack(0x0000008262200000,0x0000008262300000) (1024K)]
  0x000001830415ea70 WorkerThread "GC Thread#8"                     [id=27932, stack(0x0000008262300000,0x0000008262400000) (1024K)]
  0x000001830415fce0 WorkerThread "GC Thread#9"                     [id=7164, stack(0x0000008262400000,0x0000008262500000) (1024K)]
  0x000001831c5c5a40 ConcurrentGCThread "G1 Main Marker"            [id=5496, stack(0x0000008260700000,0x0000008260800000) (1024K)]
  0x000001831c5c6700 WorkerThread "G1 Conc#0"                       [id=6556, stack(0x0000008260800000,0x0000008260900000) (1024K)]
  0x000001830415f1d0 WorkerThread "G1 Conc#1"                       [id=29436, stack(0x0000008262600000,0x0000008262700000) (1024K)]
  0x0000018304160440 WorkerThread "G1 Conc#2"                       [id=14588, stack(0x0000008262700000,0x0000008262800000) (1024K)]
  0x000001833d7ca480 ConcurrentGCThread "G1 Refine#0"               [id=24064, stack(0x0000008260900000,0x0000008260a00000) (1024K)]
  0x000001833d7caea0 ConcurrentGCThread "G1 Service"                [id=23452, stack(0x0000008260a00000,0x0000008260b00000) (1024K)]
Total: 18

Threads with active compile tasks:
C2 CompilerThread0  3712 3815       4       org.springframework.beans.factory.support.AbstractAutowireCapableBeanFactory::predictBeanType (128 bytes)
C2 CompilerThread1  3713 3853       4       org.springframework.beans.factory.support.AbstractBeanFactory::isTypeMatch (745 bytes)
C2 CompilerThread2  3713 3501       4       java.lang.invoke.MethodType::makeImpl (109 bytes)
Total: 3

VM state: not at safepoint (normal execution)

VM Mutex/Monitor currently owned by a thread: None

Heap address: 0x0000000702600000, size: 4058 MB, Compressed Oops mode: Zero based, Oop shift amount: 3

CDS archive(s) mapped at: [0x000001833e000000-0x000001833ec60000-0x000001833ec60000), size 12976128, SharedBaseAddress: 0x000001833e000000, ArchiveRelocationMode: 1.
Compressed class space mapped at: 0x000001833f000000-0x000001837f000000, reserved size: 1073741824
Narrow klass base: 0x000001833e000000, Narrow klass shift: 0, Narrow klass range: 0x41000000

GC Precious Log:
 CardTable entry size: 512
 Card Set container configuration: InlinePtr #cards 4 size 8 Array Of Cards #cards 16 size 48 Howl #buckets 8 coarsen threshold 3686 Howl Bitmap #cards 512 size 80 coarsen threshold 460 Card regions per heap region 1 cards per card region 4096
 CPUs: 12 total, 12 available
 Memory: 16227M
 Large Page Support: Disabled
 NUMA Support: Disabled
 Compressed Oops: Enabled (Zero based)
 Heap Region Size: 2M
 Heap Min Capacity: 8M
 Heap Initial Capacity: 254M
 Heap Max Capacity: 4058M
 Pre-touch: Disabled
 Parallel Workers: 10
 Concurrent Workers: 3
 Concurrent Refinement Workers: 10
 Periodic GC: Disabled

Heap:
 garbage-first heap   total reserved 4155392K, committed 57344K, used 23353K [0x0000000702600000, 0x0000000800000000)
  region size 2048K, 7 young (14336K), 2 survivors (4096K)
 Metaspace       used 31267K, committed 31680K, reserved 1114112K
  class space    used 4049K, committed 4224K, reserved 1048576K

Heap Regions: E=young(eden), S=young(survivor), O=old, HS=humongous(starts), HC=humongous(continues), CS=collection set, F=free, TAMS=top-at-mark-start, PB=parsable bottom
|   0|0x0000000702600000, 0x0000000702800000, 0x0000000702800000|100%| O|  |TAMS 0x0000000702600000| PB 0x0000000702600000| Untracked |  0
|   1|0x0000000702800000, 0x0000000702a00000, 0x0000000702a00000|100%| O|  |TAMS 0x0000000702800000| PB 0x0000000702800000| Untracked |  0
|   2|0x0000000702a00000, 0x0000000702c00000, 0x0000000702c00000|100%| O|  |TAMS 0x0000000702a00000| PB 0x0000000702a00000| Untracked |  0
|   3|0x0000000702c00000, 0x0000000702c00000, 0x0000000702e00000|  0%| F|  |TAMS 0x0000000702c00000| PB 0x0000000702c00000| Untracked |  0
|   4|0x0000000702e00000, 0x0000000703000000, 0x0000000703000000|100%| O|  |TAMS 0x0000000702e00000| PB 0x0000000702e00000| Untracked |  0
|   5|0x0000000703000000, 0x0000000703200000, 0x0000000703200000|100%| O|  |TAMS 0x0000000703000000| PB 0x0000000703000000| Untracked |  0
|   6|0x0000000703200000, 0x0000000703400000, 0x0000000703400000|100%| O|  |TAMS 0x0000000703200000| PB 0x0000000703200000| Untracked |  0
|   7|0x0000000703400000, 0x0000000703600000, 0x0000000703600000|100%| O|  |TAMS 0x0000000703400000| PB 0x0000000703400000| Untracked |  0
|   8|0x0000000703600000, 0x0000000703658c00, 0x0000000703800000| 17%| O|  |TAMS 0x0000000703600000| PB 0x0000000703600000| Untracked |  0
|   9|0x0000000703800000, 0x0000000703800000, 0x0000000703a00000|  0%| F|  |TAMS 0x0000000703800000| PB 0x0000000703800000| Untracked |  0
|  10|0x0000000703a00000, 0x0000000703a75a50, 0x0000000703c00000| 22%| S|CS|TAMS 0x0000000703a00000| PB 0x0000000703a00000| Complete |  0
|  11|0x0000000703c00000, 0x0000000703e00000, 0x0000000703e00000|100%| S|CS|TAMS 0x0000000703c00000| PB 0x0000000703c00000| Complete |  0
|  12|0x0000000703e00000, 0x0000000703e00000, 0x0000000704000000|  0%| F|  |TAMS 0x0000000703e00000| PB 0x0000000703e00000| Untracked |  0
|  13|0x0000000704000000, 0x0000000704000000, 0x0000000704200000|  0%| F|  |TAMS 0x0000000704000000| PB 0x0000000704000000| Untracked |  0
|  14|0x0000000704200000, 0x0000000704200000, 0x0000000704400000|  0%| F|  |TAMS 0x0000000704200000| PB 0x0000000704200000| Untracked |  0
|  15|0x0000000704400000, 0x0000000704400000, 0x0000000704600000|  0%| F|  |TAMS 0x0000000704400000| PB 0x0000000704400000| Untracked |  0
|  16|0x0000000704600000, 0x0000000704600000, 0x0000000704800000|  0%| F|  |TAMS 0x0000000704600000| PB 0x0000000704600000| Untracked |  0
|  17|0x0000000704800000, 0x0000000704800000, 0x0000000704a00000|  0%| F|  |TAMS 0x0000000704800000| PB 0x0000000704800000| Untracked |  0
|  18|0x0000000704a00000, 0x0000000704a00000, 0x0000000704c00000|  0%| F|  |TAMS 0x0000000704a00000| PB 0x0000000704a00000| Untracked |  0
|  19|0x0000000704c00000, 0x0000000704c00000, 0x0000000704e00000|  0%| F|  |TAMS 0x0000000704c00000| PB 0x0000000704c00000| Untracked |  0
|  20|0x0000000704e00000, 0x0000000704e00000, 0x0000000705000000|  0%| F|  |TAMS 0x0000000704e00000| PB 0x0000000704e00000| Untracked |  0
|  21|0x0000000705000000, 0x0000000705000000, 0x0000000705200000|  0%| F|  |TAMS 0x0000000705000000| PB 0x0000000705000000| Untracked |  0
|  22|0x0000000705200000, 0x0000000705200000, 0x0000000705400000|  0%| F|  |TAMS 0x0000000705200000| PB 0x0000000705200000| Untracked |  0
|  23|0x0000000705400000, 0x00000007054fe838, 0x0000000705600000| 49%| E|  |TAMS 0x0000000705400000| PB 0x0000000705400000| Complete |  0
|  98|0x000000070ea00000, 0x000000070ec00000, 0x000000070ec00000|100%| E|  |TAMS 0x000000070ea00000| PB 0x000000070ea00000| Complete |  0
|  99|0x000000070ec00000, 0x000000070ee00000, 0x000000070ee00000|100%| E|CS|TAMS 0x000000070ec00000| PB 0x000000070ec00000| Complete |  0
| 100|0x000000070ee00000, 0x000000070f000000, 0x000000070f000000|100%| E|CS|TAMS 0x000000070ee00000| PB 0x000000070ee00000| Complete |  0
| 126|0x0000000712200000, 0x0000000712400000, 0x0000000712400000|100%| E|CS|TAMS 0x0000000712200000| PB 0x0000000712200000| Complete |  0

Card table byte_map: [0x00000183364d0000,0x0000018336cc0000] _byte_map_base: 0x0000018332cbd000

Marking Bits: (CMBitMap*) 0x000001831c5b4bc0
 Bits: [0x0000018336cc0000, 0x000001833ac28000)

Polling page: 0x0000018326030000

Metaspace:

Usage:
  Non-class:     26.58 MB used.
      Class:      3.95 MB used.
       Both:     30.54 MB used.

Virtual space:
  Non-class space:       64.00 MB reserved,      26.81 MB ( 42%) committed,  1 nodes.
      Class space:        1.00 GB reserved,       4.12 MB ( <1%) committed,  1 nodes.
             Both:        1.06 GB reserved,      30.94 MB (  3%) committed. 

Chunk freelists:
   Non-Class:  4.38 MB
       Class:  11.89 MB
        Both:  16.27 MB

MaxMetaspaceSize: unlimited
CompressedClassSpaceSize: 1.00 GB
Initial GC threshold: 21.00 MB
Current GC threshold: 35.25 MB
CDS: on
 - commit_granule_bytes: 65536.
 - commit_granule_words: 8192.
 - virtual_space_node_default_size: 8388608.
 - enlarge_chunks_in_place: 1.
 - use_allocation_guard: 0.


Internal statistics:

num_allocs_failed_limit: 3.
num_arena_births: 562.
num_arena_deaths: 0.
num_vsnodes_births: 2.
num_vsnodes_deaths: 0.
num_space_committed: 495.
num_space_uncommitted: 0.
num_chunks_returned_to_freelist: 3.
num_chunks_taken_from_freelist: 1654.
num_chunk_merges: 3.
num_chunk_splits: 1106.
num_chunks_enlarged: 777.
num_inconsistent_stats: 0.

CodeHeap 'non-profiled nmethods': size=120000Kb used=2085Kb max_used=2085Kb free=117914Kb
 bounds [0x000001832db20000, 0x000001832dd90000, 0x0000018335050000]
CodeHeap 'profiled nmethods': size=120000Kb used=8270Kb max_used=8270Kb free=111729Kb
 bounds [0x0000018326050000, 0x0000018326870000, 0x000001832d580000]
CodeHeap 'non-nmethods': size=5760Kb used=1551Kb max_used=1647Kb free=4208Kb
 bounds [0x000001832d580000, 0x000001832d7f0000, 0x000001832db20000]
 total_blobs=4509 nmethods=3952 adapters=460
 compilation: enabled
              stopped_count=0, restarted_count=0
 full_count=0

Compilation events (20 events):
Event: 3.648 Thread 0x000001833d947700 nmethod 3951 0x000001832685d310 code [0x000001832685d4c0, 0x000001832685d628]
Event: 3.648 Thread 0x000001833d947700 3954       2       sun.security.provider.DigestBase::engineUpdate (176 bytes)
Event: 3.649 Thread 0x000001833d947700 nmethod 3954 0x000001832685d710 code [0x000001832685d940, 0x000001832685dfc0]
Event: 3.649 Thread 0x000001833d947700 3939       2       sun.nio.fs.WindowsPathParser::parseNormalizedPath (6 bytes)
Event: 3.649 Thread 0x000001833d947700 nmethod 3939 0x000001832685e290 code [0x000001832685e420, 0x000001832685e530]
Event: 3.649 Thread 0x000001833d947700 3956       2       java.security.MessageDigest$Delegate::engineUpdate (11 bytes)
Event: 3.650 Thread 0x000001833d947700 nmethod 3956 0x000001832685e610 code [0x000001832685e7c0, 0x000001832685e920]
Event: 3.650 Thread 0x000001833d947700 3953       1       java.util.concurrent.atomic.AtomicLong::get (5 bytes)
Event: 3.650 Thread 0x000001833d947700 nmethod 3953 0x000001832dd11090 code [0x000001832dd11220, 0x000001832dd112f0]
Event: 3.650 Thread 0x000001833d947700 3955       2       java.security.MessageDigest::update (14 bytes)
Event: 3.650 Thread 0x000001833d947700 nmethod 3955 0x000001832685ea10 code [0x000001832685ebc0, 0x000001832685ed30]
Event: 3.650 Thread 0x000001833d947700 3958       2       java.util.concurrent.atomic.AtomicLong::compareAndSet (13 bytes)
Event: 3.650 Thread 0x000001833d947700 nmethod 3958 0x000001832685ee10 code [0x000001832685efa0, 0x000001832685f0c0]
Event: 3.650 Thread 0x000001833d947700 3959       2       java.util.Random::nextBoolean (14 bytes)
Event: 3.651 Thread 0x000001833d947700 nmethod 3959 0x000001832685f190 code [0x000001832685f340, 0x000001832685f498]
Event: 3.651 Thread 0x000001833d947700 3960       2       java.util.Random::next (47 bytes)
Event: 3.651 Thread 0x000001833d947700 nmethod 3960 0x000001832685f510 code [0x000001832685f6c0, 0x000001832685f8e0]
Event: 3.652 Thread 0x000001833d947700 3963       2       java.lang.Integer::rotateRight (9 bytes)
Event: 3.652 Thread 0x000001833d947700 nmethod 3963 0x000001832685fa10 code [0x000001832685fba0, 0x000001832685fc98]
Event: 3.652 Thread 0x000001833d947700 3965       2       java.security.Provider::checkInitialized (16 bytes)

GC Heap History (10 events):
Event: 0.785 GC heap before
{Heap before GC invocations=0 (full 0):
 garbage-first heap   total reserved 4155392K, committed 260096K, used 22528K [0x0000000702600000, 0x0000000800000000)
  region size 2048K, 12 young (24576K), 0 survivors (0K)
 Metaspace       used 4904K, committed 5120K, reserved 1114112K
  class space    used 552K, committed 640K, reserved 1048576K
}
Event: 0.790 GC heap after
{Heap after GC invocations=1 (full 0):
 garbage-first heap   total reserved 4155392K, committed 260096K, used 6637K [0x0000000702600000, 0x0000000800000000)
  region size 2048K, 2 young (4096K), 2 survivors (4096K)
 Metaspace       used 4904K, committed 5120K, reserved 1114112K
  class space    used 552K, committed 640K, reserved 1048576K
}
Event: 1.463 GC heap before
{Heap before GC invocations=1 (full 0):
 garbage-first heap   total reserved 4155392K, committed 260096K, used 37357K [0x0000000702600000, 0x0000000800000000)
  region size 2048K, 17 young (34816K), 2 survivors (4096K)
 Metaspace       used 11859K, committed 12160K, reserved 1114112K
  class space    used 1554K, committed 1664K, reserved 1048576K
}
Event: 1.467 GC heap after
{Heap after GC invocations=2 (full 0):
 garbage-first heap   total reserved 4155392K, committed 260096K, used 9156K [0x0000000702600000, 0x0000000800000000)
  region size 2048K, 2 young (4096K), 2 survivors (4096K)
 Metaspace       used 11859K, committed 12160K, reserved 1114112K
  class space    used 1554K, committed 1664K, reserved 1048576K
}
Event: 2.095 GC heap before
{Heap before GC invocations=2 (full 0):
 garbage-first heap   total reserved 4155392K, committed 260096K, used 56260K [0x0000000702600000, 0x0000000800000000)
  region size 2048K, 26 young (53248K), 2 survivors (4096K)
 Metaspace       used 21221K, committed 21504K, reserved 1114112K
  class space    used 2681K, committed 2816K, reserved 1048576K
}
Event: 2.101 GC heap after
{Heap after GC invocations=3 (full 0):
 garbage-first heap   total reserved 4155392K, committed 260096K, used 12893K [0x0000000702600000, 0x0000000800000000)
  region size 2048K, 3 young (6144K), 3 survivors (6144K)
 Metaspace       used 21221K, committed 21504K, reserved 1114112K
  class space    used 2681K, committed 2816K, reserved 1048576K
}
Event: 2.917 GC heap before
{Heap before GC invocations=4 (full 0):
 garbage-first heap   total reserved 4155392K, committed 49152K, used 47709K [0x0000000702600000, 0x0000000800000000)
  region size 2048K, 20 young (40960K), 3 survivors (6144K)
 Metaspace       used 25548K, committed 25920K, reserved 1114112K
  class space    used 3255K, committed 3456K, reserved 1048576K
}
Event: 2.925 GC heap after
{Heap after GC invocations=5 (full 0):
 garbage-first heap   total reserved 4155392K, committed 57344K, used 15043K [0x0000000702600000, 0x0000000800000000)
  region size 2048K, 4 young (8192K), 4 survivors (8192K)
 Metaspace       used 25548K, committed 25920K, reserved 1114112K
  class space    used 3255K, committed 3456K, reserved 1048576K
}
Event: 3.503 GC heap before
{Heap before GC invocations=5 (full 0):
 garbage-first heap   total reserved 4155392K, committed 57344K, used 39619K [0x0000000702600000, 0x0000000800000000)
  region size 2048K, 16 young (32768K), 4 survivors (8192K)
 Metaspace       used 29652K, committed 30080K, reserved 1114112K
  class space    used 3837K, committed 4032K, reserved 1048576K
}
Event: 3.516 GC heap after
{Heap after GC invocations=6 (full 0):
 garbage-first heap   total reserved 4155392K, committed 57344K, used 17209K [0x0000000702600000, 0x0000000800000000)
  region size 2048K, 2 young (4096K), 2 survivors (4096K)
 Metaspace       used 29652K, committed 30080K, reserved 1114112K
  class space    used 3837K, committed 4032K, reserved 1048576K
}

Dll operation events (10 events):
Event: 0.036 Loaded shared library C:\Users\dotai\.jdks\openjdk-22.0.2\bin\java.dll
Event: 0.038 Loaded shared library C:\Users\dotai\.jdks\openjdk-22.0.2\bin\zip.dll
Event: 0.068 Loaded shared library C:\Users\dotai\.jdks\openjdk-22.0.2\bin\jsvml.dll
Event: 0.206 Loaded shared library C:\Users\dotai\.jdks\openjdk-22.0.2\bin\instrument.dll
Event: 0.236 Loaded shared library C:\Users\dotai\.jdks\openjdk-22.0.2\bin\net.dll
Event: 0.237 Loaded shared library C:\Users\dotai\.jdks\openjdk-22.0.2\bin\nio.dll
Event: 0.244 Loaded shared library C:\Users\dotai\.jdks\openjdk-22.0.2\bin\zip.dll
Event: 0.344 Loaded shared library C:\Users\dotai\.jdks\openjdk-22.0.2\bin\jimage.dll
Event: 1.205 Loaded shared library C:\Users\dotai\.jdks\openjdk-22.0.2\bin\le.dll
Event: 2.225 Loaded shared library C:\Users\dotai\.jdks\openjdk-22.0.2\bin\sunmscapi.dll

Deoptimization events (20 events):
Event: 3.611 Thread 0x000001831c54ac10 DEOPT PACKING pc=0x000001832617cb64 sp=0x00000082605fdc50
Event: 3.611 Thread 0x000001831c54ac10 DEOPT UNPACKING pc=0x000001832d5d4e42 sp=0x00000082605fd108 mode 1
Event: 3.617 Thread 0x000001831c54ac10 DEOPT PACKING pc=0x000001832617d1c9 sp=0x00000082605fdfd0
Event: 3.617 Thread 0x000001831c54ac10 DEOPT UNPACKING pc=0x000001832d5d4e42 sp=0x00000082605fd428 mode 1
Event: 3.617 Thread 0x000001831c54ac10 DEOPT PACKING pc=0x000001832617cb64 sp=0x00000082605fe060
Event: 3.617 Thread 0x000001831c54ac10 DEOPT UNPACKING pc=0x000001832d5d4e42 sp=0x00000082605fd518 mode 1
Event: 3.619 Thread 0x000001831c54ac10 DEOPT PACKING pc=0x000001832617d1c9 sp=0x00000082605fd4c0
Event: 3.619 Thread 0x000001831c54ac10 DEOPT UNPACKING pc=0x000001832d5d4e42 sp=0x00000082605fc918 mode 1
Event: 3.619 Thread 0x000001831c54ac10 DEOPT PACKING pc=0x000001832617cb64 sp=0x00000082605fd550
Event: 3.619 Thread 0x000001831c54ac10 DEOPT UNPACKING pc=0x000001832d5d4e42 sp=0x00000082605fca08 mode 1
Event: 3.620 Thread 0x000001831c54ac10 DEOPT PACKING pc=0x000001832617d1c9 sp=0x00000082605fd160
Event: 3.620 Thread 0x000001831c54ac10 DEOPT UNPACKING pc=0x000001832d5d4e42 sp=0x00000082605fc5b8 mode 1
Event: 3.620 Thread 0x000001831c54ac10 DEOPT PACKING pc=0x000001832617cb64 sp=0x00000082605fd1f0
Event: 3.620 Thread 0x000001831c54ac10 DEOPT UNPACKING pc=0x000001832d5d4e42 sp=0x00000082605fc698 mode 1
Event: 3.645 Thread 0x000001831c54ac10 DEOPT PACKING pc=0x000001832685073c sp=0x00000082605fd7c0
Event: 3.645 Thread 0x000001831c54ac10 DEOPT UNPACKING pc=0x000001832d5d4e42 sp=0x00000082605fcc70 mode 0
Event: 3.649 Thread 0x000001831c54ac10 Uncommon trap: trap_request=0xffffff45 fr.pc=0x000001832dc98d74 relative=0x0000000000000074
Event: 3.649 Thread 0x000001831c54ac10 Uncommon trap: reason=unstable_if action=reinterpret pc=0x000001832dc98d74 method=java.lang.invoke.VarHandle.checkAccessModeThenIsDirect(Ljava/lang/invoke/VarHandle$AccessDescriptor;)Z @ 4 c2
Event: 3.649 Thread 0x000001831c54ac10 DEOPT PACKING pc=0x000001832dc98d74 sp=0x00000082605fd820
Event: 3.649 Thread 0x000001831c54ac10 DEOPT UNPACKING pc=0x000001832d5d46a2 sp=0x00000082605fd7c0 mode 2

Classes loaded (20 events):
Event: 3.630 Loading class java/security/MessageDigest$Delegate
Event: 3.630 Loading class sun/security/util/MessageDigestSpi2
Event: 3.631 Loading class sun/security/util/MessageDigestSpi2 done
Event: 3.631 Loading class java/security/MessageDigest$Delegate done
Event: 3.631 Loading class java/security/MessageDigest$Delegate$CloneableDelegate
Event: 3.631 Loading class java/security/MessageDigest$Delegate$CloneableDelegate done
Event: 3.631 Loading class sun/security/provider/SeedGenerator$1
Event: 3.631 Loading class sun/security/provider/SeedGenerator$1 done
Event: 3.631 Loading class sun/security/provider/ByteArrayAccess
Event: 3.631 Loading class sun/security/provider/ByteArrayAccess done
Event: 3.631 Loading class sun/security/provider/ByteArrayAccess$BE
Event: 3.631 Loading class sun/security/provider/ByteArrayAccess$BE done
Event: 3.639 Loading class java/net/NetworkInterface$1
Event: 3.639 Loading class java/net/NetworkInterface$1 done
Event: 3.651 Loading class sun/security/provider/AbstractDrbg$NonceProvider
Event: 3.651 Loading class sun/security/provider/AbstractDrbg$NonceProvider done
Event: 3.651 Loading class sun/security/provider/SHA2$SHA256
Event: 3.651 Loading class sun/security/provider/SHA2
Event: 3.651 Loading class sun/security/provider/SHA2 done
Event: 3.651 Loading class sun/security/provider/SHA2$SHA256 done

Classes unloaded (0 events):
No events

Classes redefined (0 events):
No events

Internal exceptions (20 events):
Event: 3.193 Thread 0x000001831c54ac10 Exception <a 'java/lang/NoClassDefFoundError'{0x00000007048ef8f8}: org/springframework/session/jdbc/JdbcIndexedSessionRepository> (0x00000007048ef8f8) 
thrown [s\open\src\hotspot\share\classfile\systemDictionary.cpp, line 302]
Event: 3.249 Thread 0x000001831c54ac10 Exception <a 'java/lang/NoSuchMethodError'{0x00000007046b3530}: 'void java.lang.invoke.DirectMethodHandle$Holder.invokeSpecial(java.lang.Object, java.lang.Object, java.lang.Object, java.lang.Object, java.lang.Object, java.lang.Object)'> (0x00000007046b3530) 
thrown [s\open\src\hotspot\share\interpreter\linkResolver.cpp, line 774]
Event: 3.289 Thread 0x000001831c54ac10 Exception <a 'java/lang/NoSuchMethodError'{0x0000000704426630}: 'void java.lang.invoke.DirectMethodHandle$Holder.invokeVirtual(java.lang.Object, java.lang.Object, int)'> (0x0000000704426630) 
thrown [s\open\src\hotspot\share\interpreter\linkResolver.cpp, line 774]
Event: 3.290 Thread 0x000001831c54ac10 Exception <a 'java/lang/NoSuchMethodError'{0x000000070442a8d8}: 'int java.lang.invoke.DirectMethodHandle$Holder.invokeSpecial(java.lang.Object, java.lang.Object, java.lang.Object, int)'> (0x000000070442a8d8) 
thrown [s\open\src\hotspot\share\interpreter\linkResolver.cpp, line 774]
Event: 3.292 Thread 0x000001831c54ac10 Exception <a 'java/lang/NoSuchMethodError'{0x000000070443eb90}: 'java.lang.Object java.lang.invoke.DirectMethodHandle$Holder.invokeStatic(java.lang.Object, java.lang.Object, java.lang.Object, java.lang.Object, int)'> (0x000000070443eb90) 
thrown [s\open\src\hotspot\share\interpreter\linkResolver.cpp, line 774]
Event: 3.293 Thread 0x000001831c54ac10 Exception <a 'java/lang/NoSuchMethodError'{0x00000007044493b8}: 'void java.lang.invoke.DelegatingMethodHandle$Holder.reinvoke_L(java.lang.Object, java.lang.Object, int)'> (0x00000007044493b8) 
thrown [s\open\src\hotspot\share\interpreter\linkResolver.cpp, line 774]
Event: 3.376 Thread 0x000001831c54ac10 Exception <a 'java/lang/NoSuchMethodError'{0x00000007043252c0}: 'java.lang.Object java.lang.invoke.DirectMethodHandle$Holder.invokeVirtual(java.lang.Object, java.lang.Object, java.lang.Object, java.lang.Object, java.lang.Object)'> (0x00000007043252c0) 
thrown [s\open\src\hotspot\share\interpreter\linkResolver.cpp, line 774]
Event: 3.443 Thread 0x000001831c54ac10 Implicit null exception at 0x000001832dcde4e3 to 0x000001832dcdea38
Event: 3.443 Thread 0x000001831c54ac10 Exception <a 'java/lang/NoSuchMethodError'{0x0000000703e04f80}: 'java.lang.reflect.Field[] java.lang.Class.getDeclaredFields(java.lang.Class)'> (0x0000000703e04f80) 
thrown [s\open\src\hotspot\share\interpreter\linkResolver.cpp, line 774]
Event: 3.454 Thread 0x000001831c54ac10 Exception <a 'java/lang/NoSuchMethodError'{0x0000000703e6fd60}: 'java.lang.Object java.lang.invoke.DirectMethodHandle$Holder.invokeVirtual(java.lang.Object, java.lang.Object, java.lang.Object, java.lang.Object, java.lang.Object, java.lang.Object)'> (0x0000000703e6fd60) 
thrown [s\open\src\hotspot\share\interpreter\linkResolver.cpp, line 774]
Event: 3.495 Thread 0x000001831c54ac10 Exception <a 'java/lang/NoSuchMethodError'{0x0000000703fa09a0}: 'void java.lang.invoke.DirectMethodHandle$Holder.invokeInterface(java.lang.Object, java.lang.Object, int)'> (0x0000000703fa09a0) 
thrown [s\open\src\hotspot\share\interpreter\linkResolver.cpp, line 774]
Event: 3.501 Thread 0x000001831c54ac10 Exception <a 'java/lang/IncompatibleClassChangeError'{0x0000000703fe4048}: Found class java.lang.Object, but interface was expected> (0x0000000703fe4048) 
thrown [s\open\src\hotspot\share\interpreter\linkResolver.cpp, line 841]
Event: 3.502 Thread 0x000001831c54ac10 Exception <a 'java/lang/NoSuchMethodError'{0x0000000703ff2560}: 'int java.lang.invoke.DirectMethodHandle$Holder.invokeSpecialIFC(java.lang.Object, java.lang.Object, java.lang.Object)'> (0x0000000703ff2560) 
thrown [s\open\src\hotspot\share\interpreter\linkResolver.cpp, line 774]
Event: 3.518 Thread 0x000001831c54ac10 Exception <a 'java/lang/NoSuchMethodError'{0x0000000712207c50}: 'void java.lang.invoke.DirectMethodHandle$Holder.invokeStatic(java.lang.Object, int, java.lang.Object)'> (0x0000000712207c50) 
thrown [s\open\src\hotspot\share\interpreter\linkResolver.cpp, line 774]
Event: 3.524 Thread 0x000001831c54ac10 Exception <a 'java/lang/NoSuchMethodError'{0x000000071223f348}: 'void java.lang.invoke.DirectMethodHandle$Holder.invokeStatic(java.lang.Object, java.lang.Object, java.lang.Object, int, java.lang.Object)'> (0x000000071223f348) 
thrown [s\open\src\hotspot\share\interpreter\linkResolver.cpp, line 774]
Event: 3.525 Thread 0x000001831c54ac10 Exception <a 'java/lang/NoSuchMethodError'{0x0000000712245cc8}: 'java.lang.Object java.lang.invoke.DirectMethodHandle$Holder.newInvokeSpecial(java.lang.Object, java.lang.Object, java.lang.Object, int)'> (0x0000000712245cc8) 
thrown [s\open\src\hotspot\share\interpreter\linkResolver.cpp, line 774]
Event: 3.525 Thread 0x000001831c54ac10 Exception <a 'java/lang/NoSuchMethodError'{0x0000000712249c08}: 'java.lang.Object java.lang.invoke.DirectMethodHandle$Holder.invokeSpecial(java.lang.Object, java.lang.Object, java.lang.Object, java.lang.Object, int)'> (0x0000000712249c08) 
thrown [s\open\src\hotspot\share\interpreter\linkResolver.cpp, line 774]
Event: 3.525 Thread 0x000001831c54ac10 Exception <a 'java/lang/NoSuchMethodError'{0x000000071224d0a0}: 'java.lang.Object java.lang.invoke.Invokers$Holder.linkToTargetMethod(java.lang.Object, java.lang.Object, int, java.lang.Object)'> (0x000000071224d0a0) 
thrown [s\open\src\hotspot\share\interpreter\linkResolver.cpp, line 774]
Event: 3.626 Thread 0x000001831c54ac10 Exception <a 'java/lang/NoSuchMethodError'{0x000000070ec73ba0}: 'java.lang.Object java.lang.invoke.DirectMethodHandle$Holder.invokeStaticInit(java.lang.Object, int, int, int, int)'> (0x000000070ec73ba0) 
thrown [s\open\src\hotspot\share\interpreter\linkResolver.cpp, line 774]
Event: 3.649 Thread 0x000001831c54ac10 Exception <a 'java/lang/NoSuchMethodError'{0x000000070ed672a0}: 'java.lang.Object java.lang.invoke.DirectMethodHandle$Holder.invokeStaticInit(java.lang.Object, java.lang.Object, int, int, int, int)'> (0x000000070ed672a0) 
thrown [s\open\src\hotspot\share\interpreter\linkResolver.cpp, line 774]

ZGC Phase Switch (0 events):
No events

VM Operations (20 events):
Event: 2.837 Executing VM operation: HandshakeAllThreads (Deoptimize)
Event: 2.837 Executing VM operation: HandshakeAllThreads (Deoptimize) done
Event: 2.917 Executing VM operation: G1CollectForAllocation (G1 Evacuation Pause)
Event: 2.925 Executing VM operation: G1CollectForAllocation (G1 Evacuation Pause) done
Event: 3.030 Executing VM operation: HandshakeAllThreads (Deoptimize)
Event: 3.030 Executing VM operation: HandshakeAllThreads (Deoptimize) done
Event: 3.063 Executing VM operation: HandshakeAllThreads (Deoptimize)
Event: 3.063 Executing VM operation: HandshakeAllThreads (Deoptimize) done
Event: 3.244 Executing VM operation: HandshakeAllThreads (Deoptimize)
Event: 3.244 Executing VM operation: HandshakeAllThreads (Deoptimize) done
Event: 3.254 Executing VM operation: HandshakeAllThreads (Deoptimize)
Event: 3.254 Executing VM operation: HandshakeAllThreads (Deoptimize) done
Event: 3.301 Executing VM operation: HandshakeAllThreads (Deoptimize)
Event: 3.301 Executing VM operation: HandshakeAllThreads (Deoptimize) done
Event: 3.323 Executing VM operation: ICBufferFull
Event: 3.323 Executing VM operation: ICBufferFull done
Event: 3.503 Executing VM operation: G1CollectForAllocation (G1 Evacuation Pause)
Event: 3.516 Executing VM operation: G1CollectForAllocation (G1 Evacuation Pause) done
Event: 3.636 Executing VM operation: HandshakeAllThreads (Deoptimize)
Event: 3.636 Executing VM operation: HandshakeAllThreads (Deoptimize) done

Memory protections (0 events):
No events

Nmethod flushes (0 events):
No events

Events (20 events):
Event: 0.052 Thread 0x000001831c54ac10 Thread added: 0x000001831c54ac10
Event: 0.065 Thread 0x000001831c54ac10 Thread added: 0x000001833d92e790
Event: 0.065 Thread 0x000001831c54ac10 Thread added: 0x000001833d930460
Event: 0.066 Thread 0x000001831c54ac10 Thread added: 0x000001833d931c80
Event: 0.066 Thread 0x000001831c54ac10 Thread added: 0x000001833d936e30
Event: 0.066 Thread 0x000001831c54ac10 Thread added: 0x000001833d937890
Event: 0.066 Thread 0x000001831c54ac10 Thread added: 0x000001833d9359d0
Event: 0.066 Thread 0x000001831c54ac10 Thread added: 0x000001833d944830
Event: 0.066 Thread 0x000001831c54ac10 Thread added: 0x000001833d947700
Event: 0.138 Thread 0x000001831c54ac10 Thread added: 0x000001833db51200
Event: 0.174 Thread 0x000001831c54ac10 Thread added: 0x000001833dc5ace0
Event: 0.174 Thread 0x000001831c54ac10 Thread added: 0x000001833dd0f6b0
Event: 0.174 Thread 0x000001833dc5ace0 Thread added: 0x000001833dc63c70
Event: 0.223 Thread 0x000001831c54ac10 Thread added: 0x000001833db504e0
Event: 0.258 Thread 0x000001833d944830 Thread added: 0x000001833dc746e0
Event: 0.258 Thread 0x000001833d944830 Thread added: 0x000001833ddddd10
Event: 1.162 Thread 0x000001831c54ac10 Thread added: 0x000001833db50b70
Event: 1.803 Thread 0x000001831c54ac10 Thread added: 0x000001833db4f130
Event: 1.899 Thread 0x000001833db4f130 Thread exited: 0x000001833db4f130
Event: 2.249 Thread 0x000001833db50b70 Thread exited: 0x000001833db50b70


Dynamic libraries:
0x00007ff7051d0000 - 0x00007ff7051de000 	C:\Users\dotai\.jdks\openjdk-22.0.2\bin\java.exe
0x00007ffc3a470000 - 0x00007ffc3a687000 	C:\WINDOWS\SYSTEM32\ntdll.dll
0x00007ffc392d0000 - 0x00007ffc39394000 	C:\WINDOWS\System32\KERNEL32.DLL
0x00007ffc37dc0000 - 0x00007ffc3816d000 	C:\WINDOWS\System32\KERNELBASE.dll
0x00007ffc37850000 - 0x00007ffc37961000 	C:\WINDOWS\System32\ucrtbase.dll
0x00007ffc26c10000 - 0x00007ffc26c27000 	C:\Users\dotai\.jdks\openjdk-22.0.2\bin\jli.dll
0x00007ffc26c30000 - 0x00007ffc26c4b000 	C:\Users\dotai\.jdks\openjdk-22.0.2\bin\VCRUNTIME140.dll
0x00007ffc393a0000 - 0x00007ffc3954e000 	C:\WINDOWS\System32\USER32.dll
0x00007ffc37a10000 - 0x00007ffc37a36000 	C:\WINDOWS\System32\win32u.dll
0x00007ffc1b000000 - 0x00007ffc1b293000 	C:\WINDOWS\WinSxS\amd64_microsoft.windows.common-controls_6595b64144ccf1df_6.0.22621.3672_none_2713b9d173822955\COMCTL32.dll
0x00007ffc39870000 - 0x00007ffc39899000 	C:\WINDOWS\System32\GDI32.dll
0x00007ffc397c0000 - 0x00007ffc39867000 	C:\WINDOWS\System32\msvcrt.dll
0x00007ffc37ac0000 - 0x00007ffc37bd9000 	C:\WINDOWS\System32\gdi32full.dll
0x00007ffc37970000 - 0x00007ffc37a0a000 	C:\WINDOWS\System32\msvcp_win.dll
0x00007ffc39780000 - 0x00007ffc397b1000 	C:\WINDOWS\System32\IMM32.DLL
0x00007ffc26c00000 - 0x00007ffc26c0c000 	C:\Users\dotai\.jdks\openjdk-22.0.2\bin\vcruntime140_1.dll
0x00007ffc169a0000 - 0x00007ffc16a2e000 	C:\Users\dotai\.jdks\openjdk-22.0.2\bin\msvcp140.dll
0x00007ffb8de80000 - 0x00007ffb8ebc9000 	C:\Users\dotai\.jdks\openjdk-22.0.2\bin\server\jvm.dll
0x00007ffc395b0000 - 0x00007ffc39662000 	C:\WINDOWS\System32\ADVAPI32.dll
0x00007ffc396d0000 - 0x00007ffc39779000 	C:\WINDOWS\System32\sechost.dll
0x00007ffc38170000 - 0x00007ffc38198000 	C:\WINDOWS\System32\bcrypt.dll
0x00007ffc38830000 - 0x00007ffc38944000 	C:\WINDOWS\System32\RPCRT4.dll
0x00007ffc391a0000 - 0x00007ffc39211000 	C:\WINDOWS\System32\WS2_32.dll
0x00007ffc36600000 - 0x00007ffc3664d000 	C:\WINDOWS\SYSTEM32\POWRPROF.dll
0x00007ffc2f360000 - 0x00007ffc2f36a000 	C:\WINDOWS\SYSTEM32\VERSION.dll
0x00007ffc32430000 - 0x00007ffc32464000 	C:\WINDOWS\SYSTEM32\WINMM.dll
0x00007ffc365e0000 - 0x00007ffc365f3000 	C:\WINDOWS\SYSTEM32\UMPDC.dll
0x00007ffc36890000 - 0x00007ffc368a8000 	C:\WINDOWS\SYSTEM32\kernel.appcore.dll
0x00007ffc26bf0000 - 0x00007ffc26bfa000 	C:\Users\dotai\.jdks\openjdk-22.0.2\bin\jimage.dll
0x00007ffc20b30000 - 0x00007ffc20d62000 	C:\WINDOWS\SYSTEM32\DBGHELP.DLL
0x00007ffc38490000 - 0x00007ffc3881e000 	C:\WINDOWS\System32\combase.dll
0x00007ffc3a350000 - 0x00007ffc3a427000 	C:\WINDOWS\System32\OLEAUT32.dll
0x00007ffc1f990000 - 0x00007ffc1f9c2000 	C:\WINDOWS\SYSTEM32\dbgcore.DLL
0x00007ffc37a40000 - 0x00007ffc37abb000 	C:\WINDOWS\System32\bcryptPrimitives.dll
0x00007ffc12b40000 - 0x00007ffc12b7c000 	C:\Users\dotai\.jdks\openjdk-22.0.2\bin\jdwp.dll
0x00007ffc26840000 - 0x00007ffc2684f000 	C:\Users\dotai\.jdks\openjdk-22.0.2\bin\instrument.dll
0x00007ffc26820000 - 0x00007ffc2683e000 	C:\Users\dotai\.jdks\openjdk-22.0.2\bin\java.dll
0x00007ffc39ae0000 - 0x00007ffc3a347000 	C:\WINDOWS\System32\SHELL32.dll
0x00007ffc381d0000 - 0x00007ffc38375000 	C:\WINDOWS\System32\ole32.dll
0x00007ffc25b40000 - 0x00007ffc25b57000 	C:\Users\dotai\.jdks\openjdk-22.0.2\bin\zip.dll
0x00007ffc356d0000 - 0x00007ffc35fcf000 	C:\WINDOWS\SYSTEM32\windows.storage.dll
0x00007ffc35590000 - 0x00007ffc356cf000 	C:\WINDOWS\SYSTEM32\wintypes.dll
0x00007ffc399d0000 - 0x00007ffc39ac9000 	C:\WINDOWS\System32\SHCORE.dll
0x00007ffc39670000 - 0x00007ffc396ce000 	C:\WINDOWS\System32\shlwapi.dll
0x00007ffc376c0000 - 0x00007ffc376e7000 	C:\WINDOWS\SYSTEM32\profapi.dll
0x00007ffc168c0000 - 0x00007ffc16997000 	C:\Users\dotai\.jdks\openjdk-22.0.2\bin\jsvml.dll
0x00007ffc25a00000 - 0x00007ffc25a0c000 	C:\Users\dotai\.jdks\openjdk-22.0.2\bin\dt_socket.dll
0x00007ffc362a0000 - 0x00007ffc362cd000 	C:\WINDOWS\SYSTEM32\IPHLPAPI.DLL
0x00007ffc36cf0000 - 0x00007ffc36d59000 	C:\WINDOWS\system32\mswsock.dll
0x00007ffc26a60000 - 0x00007ffc26a70000 	C:\Users\dotai\.jdks\openjdk-22.0.2\bin\net.dll
0x00007ffc25cf0000 - 0x00007ffc25d06000 	C:\Users\dotai\.jdks\openjdk-22.0.2\bin\nio.dll
0x00007ffc25070000 - 0x00007ffc2507b000 	C:\Users\dotai\.jdks\openjdk-22.0.2\bin\le.dll
0x00007ffc252c0000 - 0x00007ffc252ce000 	C:\Users\dotai\.jdks\openjdk-22.0.2\bin\sunmscapi.dll
0x00007ffc37c50000 - 0x00007ffc37db6000 	C:\WINDOWS\System32\CRYPT32.dll
0x00007ffc37150000 - 0x00007ffc3717e000 	C:\WINDOWS\SYSTEM32\ncrypt.dll
0x00007ffc37110000 - 0x00007ffc37147000 	C:\WINDOWS\SYSTEM32\NTASN1.dll
0x00007ffc37040000 - 0x00007ffc3705b000 	C:\WINDOWS\SYSTEM32\CRYPTSP.dll
0x00007ffc367f0000 - 0x00007ffc36825000 	C:\WINDOWS\system32\rsaenh.dll
0x00007ffc36d90000 - 0x00007ffc36db8000 	C:\WINDOWS\SYSTEM32\USERENV.dll
0x00007ffc37020000 - 0x00007ffc3702c000 	C:\WINDOWS\SYSTEM32\CRYPTBASE.dll
0x00007ffc381c0000 - 0x00007ffc381c9000 	C:\WINDOWS\System32\NSI.dll

dbghelp: loaded successfully - version: 4.0.5 - missing functions: none
symbol engine: initialized successfully - sym options: 0x614 - pdb path: .;C:\Users\dotai\.jdks\openjdk-22.0.2\bin;C:\WINDOWS\SYSTEM32;C:\WINDOWS\WinSxS\amd64_microsoft.windows.common-controls_6595b64144ccf1df_6.0.22621.3672_none_2713b9d173822955;C:\Users\dotai\.jdks\openjdk-22.0.2\bin\server

VM Arguments:
jvm_args: -agentlib:jdwp=transport=dt_socket,address=127.0.0.1:57997,suspend=y,server=n -javaagent:C:\Users\dotai\AppData\Local\JetBrains\IntelliJIdea2024.2\captureAgent\debugger-agent.jar -Dkotlinx.coroutines.debug.enable.creation.stack.trace=false -Ddebugger.agent.enable.coroutines=true -Dfile.encoding=UTF-8 -Dsun.stdout.encoding=UTF-8 -Dsun.stderr.encoding=UTF-8 
java_command: com.example.BookWeb.BookWebApplication
java_class_path (initial): C:\Users\dotai\Downloads\BookWeb\BookWeb\target\classes;C:\Users\dotai\.m2\repository\org\springframework\boot\spring-boot-starter-data-jpa\3.3.3\spring-boot-starter-data-jpa-3.3.3.jar;C:\Users\dotai\.m2\repository\org\springframework\boot\spring-boot-starter-aop\3.3.3\spring-boot-starter-aop-3.3.3.jar;C:\Users\dotai\.m2\repository\org\aspectj\aspectjweaver\1.9.22.1\aspectjweaver-1.9.22.1.jar;C:\Users\dotai\.m2\repository\org\springframework\boot\spring-boot-starter-jdbc\3.3.3\spring-boot-starter-jdbc-3.3.3.jar;C:\Users\dotai\.m2\repository\com\zaxxer\HikariCP\5.1.0\HikariCP-5.1.0.jar;C:\Users\dotai\.m2\repository\org\springframework\spring-jdbc\6.1.12\spring-jdbc-6.1.12.jar;C:\Users\dotai\.m2\repository\org\hibernate\orm\hibernate-core\6.5.2.Final\hibernate-core-6.5.2.Final.jar;C:\Users\dotai\.m2\repository\jakarta\persistence\jakarta.persistence-api\3.1.0\jakarta.persistence-api-3.1.0.jar;C:\Users\dotai\.m2\repository\jakarta\transaction\jakarta.transaction-api\2.0.1\jakarta.transaction-api-2.0.1.jar;C:\Users\dotai\.m2\repository\org\jboss\logging\jboss-logging\3.5.3.Final\jboss-logging-3.5.3.Final.jar;C:\Users\dotai\.m2\repository\org\hibernate\common\hibernate-commons-annotations\6.0.6.Final\hibernate-commons-annotations-6.0.6.Final.jar;C:\Users\dotai\.m2\repository\io\smallrye\jandex\3.1.2\jandex-3.1.2.jar;C:\Users\dotai\.m2\repository\com\fasterxml\classmate\1.7.0\classmate-1.7.0.jar;C:\Users\dotai\.m2\repository\net\bytebuddy\byte-buddy\1.14.19\byte-buddy-1.14.19.jar;C:\Users\dotai\.m2\repository\org\glassfish\jaxb\jaxb-runtime\4.0.5\jaxb-runtime-4.0.5.jar;C:\Users\dotai\.m2\repository\org\glassfish\jaxb\jaxb-core\4.0.5\jaxb-core-4.0.5.jar;C:\Users\dotai\.m2\repository\org\eclipse\angus\angus-activation\2.0.2\angus-activation-2.0.2.jar;C:\Users\dotai\.m2\repository\org\glassfish\jaxb\txw2\4.0.5\txw2-4.0.5.jar;C:\Users\dotai\.m2\repository\com\sun\istack\istack-commons-runtime\4.1.2\istack-commons-runtime-4.1.2.jar;C:\Users\dotai\.m2\repository\jakarta\inject\jakarta.inject-api\2.0.1\jakarta.inject-api-2.0.1.jar;C:\Users\dotai\.m2\repository\org\antlr\antlr4-runtime\4.13.0\antlr4-runtime-4.13.0.jar;C:\Users\dotai\.m2\repository\org\springframework\data\spring-data-jpa\3.3.3\spring-data-jpa-3.3.3.jar;C:\Users\dotai\.m2\repository\org\springframework\data\spring-data-commons\3.3.3\spring-data-commons-3.3.3.jar;C:\Users\dotai\.m2\repository\org\springframework\spring-orm\6.1.12\spring-orm-6.1.12.jar;C:\Users\dotai\.m2\repository\org\springframework\spring-context\6.1.12\spring-context-6.1.12.jar;C:\Users\dotai\.m2\repository\org\springframework\spring-tx\6.1.12\spring-tx-6.1.12.jar;C:\Users\dotai\.m2\repository\org\springframework\spring-beans\6.1.12\spring-beans-6.1.12.jar;C:\Users\dotai\.m2\repository\jakarta\annotation\jakarta.annotation-api\2.1.1\jakarta.annotation-api-2.1.1.jar;C:\Users\dotai\.m2\repository\org\slf4j\slf4j-api\2.0.16\slf4j-api-2.0.16.jar;C:\Users\dotai\.m2\repository\org\springframework\spring-aspects\6.1.12\spring-aspects-6.1.12.jar;C:\Users\dotai\.m2\repository\org\springframework\boot\spring-boot-starter-security\3.3.3\spring-boot-starter-security-3.3.3.jar;C:\Users\dotai\.m2\repository\org\springframework\boot\spring-boot-starter\3.3.3\spring-boot-starter-3.3.3.jar;C:\Users\dotai\.m2\repository\org\springframework\boot\spring-boot\3.3.3\spring-boot-3.3.3.jar;C:\Users\dotai\.m2\repository\org\springframework\boot\spring-boot-autoconfigure\3.3.3\spring-boot-autoconfigure-3.3.3.jar;C:\Users\dotai\.m2\repository\org\springframework\boot\spring-boot-starter-logging\3.3.3\spring-boot-starter-logging-3.3.3.jar;C:\Users\dotai\.m2\repository\ch\qos\logback\logback-classic\1.5.7\logback-classic-1.5.7.jar;C:\Users\dotai\.m2\repository\ch\qos\logback\logback-core\1.5.7\logback-core-1.5.7.jar;C:\Users\dotai\.m2\repository\org\apache\logging\log4j\log4j-to-slf4j\2.23.1\log4j-to-slf4j-2.23.1.jar;C:\Users\dotai\.m2\repository\org\apache\logging\log4j\log4j-api\2.23.1\log4j-api-2.23.1.jar;C:\Users\dotai\.m2\repository\org\slf4j\jul-to-slf4j\2.0.16\jul-to-slf4j-2.0.16.jar;C:\Users\dotai\.m2\repository\org\yaml\snakeyaml\2.2\snakeyaml-2.2.jar;C:\Users\dotai\.m2\repository\org\springframework\spring-aop\6.1.12\spring-aop-6.1.12.jar;C:\Users\dotai\.m2\repository\org\springframework\security\spring-security-config\6.3.3\spring-security-config-6.3.3.jar;C:\Users\dotai\.m2\repository\org\springframework\security\spring-security-web\6.3.3\spring-security-web-6.3.3.jar;C:\Users\dotai\.m2\repository\org\springframework\spring-expression\6.1.12\spring-expression-6.1.12.jar;C:\Users\dotai\.m2\repository\org\springframework\boot\spring-boot-starter-web\3.3.3\spring-boot-starter-web-3.3.3.jar;C:\Users\dotai\.m2\repository\org\springframework\boot\spring-boot-starter-json\3.3.3\spring-boot-starter-json-3.3.3.jar;C:\Users\dotai\.m2\repository\com\fasterxml\jackson\datatype\jackson-datatype-jdk8\2.17.2\jackson-datatype-jdk8-2.17.2.jar;C:\Users\dotai\.m2\repository\com\fasterxml\jackson\datatype\jackson-datatype-jsr310\2.17.2\jackson-datatype-jsr310-2.17.2.jar;C:\Users\dotai\.m2\repository\com\fasterxml\jackson\module\jackson-module-parameter-names\2.17.2\jackson-module-parameter-names-2.17.2.jar;C:\Users\dotai\.m2\repository\org\springframework\boot\spring-boot-starter-tomcat\3.3.3\spring-boot-starter-tomcat-3.3.3.jar;C:\Users\dotai\.m2\repository\org\apache\tomcat\embed\tomcat-embed-core\10.1.28\tomcat-embed-core-10.1.28.jar;C:\Users\dotai\.m2\repository\org\apache\tomcat\embed\tomcat-embed-websocket\10.1.28\tomcat-embed-websocket-10.1.28.jar;C:\Users\dotai\.m2\repository\org\springframework\spring-web\6.1.12\spring-web-6.1.12.jar;C:\Users\dotai\.m2\repository\io\micrometer\micrometer-observation\1.13.3\micrometer-observation-1.13.3.jar;C:\Users\dotai\.m2\repository\io\micrometer\micrometer-commons\1.13.3\micrometer-commons-1.13.3.jar;C:\Users\dotai\.m2\repository\org\springframework\spring-webmvc\6.1.12\spring-webmvc-6.1.12.jar;C:\Users\dotai\.m2\repository\org\postgresql\postgresql\42.7.3\postgresql-42.7.3.jar;C:\Users\dotai\.m2\repository\org\checkerframework\checker-qual\3.42.0\checker-qual-3.42.0.jar;C:\Users\dotai\.m2\repository\org\projectlombok\lombok\1.18.34\lombok-1.18.34.jar;C:\Users\dotai\.m2\repository\jakarta\xml\bind\jakarta.xml.bind-api\4.0.2\jakarta.xml.bind-api-4.0.2.jar;C:\Users\dotai\.m2\repository\jakarta\activation\jakarta.activation-api\2.1.3\jakarta.activation-api-2.1.3.jar;C:\Users\dotai\.m2\repository\org\springframework\spring-core\6.1.12\spring-core-6.1.12.jar;C:\Users\dotai\.m2\repository\org\springframework\spring-jcl\6.1.12\spring-jcl-6.1.12.jar;C:\Users\dotai\.m2\repository\org\springframework\security\spring-security-core\6.3.3\spring-security-core-6.3.3.jar;C:\Users\dotai\.m2\repository\org\springframework\security\spring-security-crypto\6.3.3\spring-security-crypto-6.3.3.jar;C:\Users\dotai\.m2\repository\org\springframework\boot\spring-boot-starter-validation\3.3.3\spring-boot-starter-validation-3.3.3.jar;C:\Users\dotai\.m2\repository\org\apache\tomcat\embed\tomcat-embed-el\10.1.28\tomcat-embed-el-10.1.28.jar;C:\Users\dotai\.m2\repository\org\hibernate\validator\hibernate-validator\8.0.1.Final\hibernate-validator-8.0.1.Final.jar;C:\Users\dotai\.m2\repository\jakarta\validation\jakarta.validation-api\3.0.2\jakarta.validation-api-3.0.2.jar;C:\Users\dotai\.m2\repository\org\mapstruct\mapstruct\1.6.0.Beta1\mapstruct-1.6.0.Beta1.jar;C:\Users\dotai\.m2\repository\io\jsonwebtoken\jjwt-api\0.12.5\jjwt-api-0.12.5.jar;C:\Users\dotai\.m2\repository\io\jsonwebtoken\jjwt-impl\0.12.5\jjwt-impl-0.12.5.jar;C:\Users\dotai\.m2\repository\io\jsonwebtoken\jjwt-jackson\0.12.5\jjwt-jackson-0.12.5.jar;C:\Users\dotai\.m2\repository\com\fasterxml\jackson\core\jackson-databind\2.17.2\jackson-databind-2.17.2.jar;C:\Users\dotai\.m2\repository\com\fasterxml\jackson\core\jackson-annotations\2.17.2\jackson-annotations-2.17.2.jar;C:\Users\dotai\.m2\repository\com\fasterxml\jackson\core\jackson-core\2.17.2\jackson-core-2.17.2.jar;C:\Program Files\JetBrains\IntelliJ IDEA 2024.2.0.2\lib\idea_rt.jar
Launcher Type: SUN_STANDARD

[Global flags]
     intx CICompilerCount                          = 4                                         {product} {ergonomic}
     uint ConcGCThreads                            = 3                                         {product} {ergonomic}
     uint G1ConcRefinementThreads                  = 10                                        {product} {ergonomic}
   size_t G1HeapRegionSize                         = 2097152                                   {product} {ergonomic}
   size_t InitialHeapSize                          = 266338304                                 {product} {ergonomic}
   size_t MarkStackSize                            = 4194304                                   {product} {ergonomic}
   size_t MaxHeapSize                              = 4255121408                                {product} {ergonomic}
   size_t MaxNewSize                               = 2552233984                                {product} {ergonomic}
   size_t MinHeapDeltaBytes                        = 2097152                                   {product} {ergonomic}
   size_t MinHeapSize                              = 8388608                                   {product} {ergonomic}
    uintx NonNMethodCodeHeapSize                   = 5839372                                {pd product} {ergonomic}
    uintx NonProfiledCodeHeapSize                  = 122909434                              {pd product} {ergonomic}
    uintx ProfiledCodeHeapSize                     = 122909434                              {pd product} {ergonomic}
    uintx ReservedCodeCacheSize                    = 251658240                              {pd product} {ergonomic}
     bool SegmentedCodeCache                       = true                                      {product} {ergonomic}
   size_t SoftMaxHeapSize                          = 4255121408                             {manageable} {ergonomic}
     bool UseCompressedOops                        = true                           {product lp64_product} {ergonomic}
     bool UseG1GC                                  = true                                      {product} {ergonomic}
     bool UseLargePagesIndividualAllocation        = false                                  {pd product} {ergonomic}

Logging:
Log output configuration:
 #0: stdout all=warning uptime,level,tags foldmultilines=false
 #1: stderr all=off uptime,level,tags foldmultilines=false

Environment Variables:
JAVA_HOME=C:\Program Files\Java\jdk-22
PATH=C:\Program Files\apache-maven-3.9.8\bin;C:\WINDOWS;C:\WINDOWS\System32\Wbem;C:\WINDOWS\System32\WindowsPowerShell\v1.0\;C:\WINDOWS\System32\OpenSSH\;C:\Program Files\Docker\Docker\resources\bin;C:\Program Files\Java\jdk-22\bin;C:\Users\dotai\AppData\Local\Microsoft\WindowsApps;;C:\Program Files\JetBrains\IntelliJ IDEA Community Edition 2024.1.4\bin;;C:\Users\dotai\AppData\Local\Programs\Microsoft VS Code\bin
USERNAME=dotai
OS=Windows_NT
PROCESSOR_IDENTIFIER=Intel64 Family 6 Model 158 Stepping 10, GenuineIntel
TMP=C:\Users\dotai\AppData\Local\Temp
TEMP=C:\Users\dotai\AppData\Local\Temp




Periodic native trim disabled

---------------  S Y S T E M  ---------------

OS:
 Windows 11 , 64 bit Build 22621 (10.0.22621.3958)
OS uptime: 0 days 8:02 hours
Hyper-V role detected

CPU: total 12 (initial active 12) (6 cores per cpu, 2 threads per core) family 6 model 158 stepping 10 microcode 0xde, cx8, cmov, fxsr, ht, mmx, 3dnowpref, sse, sse2, sse3, ssse3, sse4.1, sse4.2, popcnt, lzcnt, tsc, tscinvbit, avx, avx2, aes, erms, clmul, bmi1, bmi2, adx, fma, vzeroupper, clflush, clflushopt, hv, rdtscp, f16c
Processor Information for all 12 processors :
  Max Mhz: 2201, Current Mhz: 2201, Mhz Limit: 2201

Memory: 4k page, system-wide physical 16227M (3580M free)
TotalPageFile size 25955M (AvailPageFile size 5126M)
current process WorkingSet (physical memory assigned to process): 234M, peak: 242M
current process commit charge ("private bytes"): 276M, peak: 413M

vm_info: OpenJDK 64-Bit Server VM (22.0.2+9-70) for windows-amd64 JRE (22.0.2+9-70), built on 2024-06-04T16:52:23Z by "mach5one" with MS VC++ 17.6 (VS2022)

END.
