#
# A fatal error has been detected by the Java Runtime Environment:
#
#  EXCEPTION_ACCESS_VIOLATION (0xc0000005) at pc=0x00007ffb8e65deea, pid=8216, tid=30144
#
# JRE version: OpenJDK Runtime Environment (22.0.2+9) (build 22.0.2+9-70)
# Java VM: OpenJDK 64-Bit Server VM (22.0.2+9-70, mixed mode, sharing, tiered, compressed oops, compressed class ptrs, g1 gc, windows-amd64)
# Problematic frame:
# V  [jvm.dll+0x7ddeea]
#
# No core dump will be written. Minidumps are not enabled by default on client versions of Windows
#
# If you would like to submit a bug report, please visit:
#   https://bugreport.java.com/bugreport/crash.jsp
#

---------------  S U M M A R Y ------------

Command Line: -agentlib:jdwp=transport=dt_socket,address=127.0.0.1:57421,suspend=y,server=n -javaagent:C:\Users\dotai\AppData\Local\JetBrains\IntelliJIdea2024.2\captureAgent\debugger-agent.jar -Dkotlinx.coroutines.debug.enable.creation.stack.trace=false -Ddebugger.agent.enable.coroutines=true -Dfile.encoding=UTF-8 -Dsun.stdout.encoding=UTF-8 -Dsun.stderr.encoding=UTF-8 com.example.BookWeb.BookWebApplication

Host: Intel(R) Core(TM) i7-8750H CPU @ 2.20GHz, 12 cores, 15G,  Windows 11 , 64 bit Build 22621 (10.0.22621.3958)
Time: Fri Sep 13 17:19:40 2024 SE Asia Standard Time elapsed time: 0.831924 seconds (0d 0h 0m 0s)

---------------  T H R E A D  ---------------

Current thread (0x0000024e7e09b0a0):  JavaThread "main"             [_thread_in_vm, id=30144, stack(0x000000fec7700000,0x000000fec7800000) (1024K)]

Stack: [0x000000fec7700000,0x000000fec7800000],  sp=0x000000fec77f9940,  free space=998k
Native frames: (J=compiled Java code, j=interpreted, Vv=VM code, C=native code)
V  [jvm.dll+0x7ddeea]  (no source info available)
V  [jvm.dll+0x7ddfe9]  (no source info available)
V  [jvm.dll+0x3de843]  (no source info available)
C  0x0000024e0f7d5b86  (no source info available)

The last pc belongs to invokeinterface (printed below).
Java frames: (J=compiled Java code, j=interpreted, Vv=VM code)
j  java.util.stream.FindOps$FindOp.evaluateSequential(Ljava/util/stream/PipelineHelper;Ljava/util/Spliterator;)Ljava/lang/Object;+5 java.base@22.0.2
j  java.util.stream.AbstractPipeline.evaluate(Ljava/util/stream/TerminalOp;)Ljava/lang/Object;+88 java.base@22.0.2
j  java.util.stream.ReferencePipeline.findFirst()Ljava/util/Optional;+5 java.base@22.0.2
j  org.springframework.boot.SpringApplication.findMainClass(Ljava/util/stream/Stream;)Ljava/util/Optional;+11
j  org.springframework.boot.SpringApplication$$Lambda+0x0000024e21080700.apply(Ljava/lang/Object;)Ljava/lang/Object;+8
j  java.lang.StackStreamFactory$StackFrameTraverser.consumeFrames()Ljava/lang/Object;+25 java.base@22.0.2
j  java.lang.StackStreamFactory$AbstractStackWalker.doStackWalk(JIIII)Ljava/lang/Object;+86 java.base@22.0.2
v  ~StubRoutines::call_stub 0x0000024e0f7b100d
j  java.lang.StackStreamFactory$AbstractStackWalker.callStackWalk(IILjdk/internal/vm/ContinuationScope;Ljdk/internal/vm/Continuation;II[Ljava/lang/Object;)Ljava/lang/Object;+0 java.base@22.0.2
j  java.lang.StackStreamFactory$AbstractStackWalker.beginStackWalk()Ljava/lang/Object;+39 java.base@22.0.2
j  java.lang.StackStreamFactory$AbstractStackWalker.walkHelper()Ljava/lang/Object;+1 java.base@22.0.2
j  java.lang.StackStreamFactory$AbstractStackWalker.walk()Ljava/lang/Object;+35 java.base@22.0.2
j  java.lang.StackWalker.walk(Ljava/util/function/Function;)Ljava/lang/Object;+10 java.base@22.0.2
j  org.springframework.boot.SpringApplication.deduceMainApplicationClass()Ljava/lang/Class;+12
j  org.springframework.boot.SpringApplication.<init>(Lorg/springframework/core/io/ResourceLoader;[Ljava/lang/Class;)V+150
j  org.springframework.boot.SpringApplication.<init>([Ljava/lang/Class;)V+3
j  org.springframework.boot.SpringApplication.run([Ljava/lang/Class;[Ljava/lang/String;)Lorg/springframework/context/ConfigurableApplicationContext;+5
j  org.springframework.boot.SpringApplication.run(Ljava/lang/Class;[Ljava/lang/String;)Lorg/springframework/context/ConfigurableApplicationContext;+9
j  com.example.BookWeb.BookWebApplication.main([Ljava/lang/String;)V+3
v  ~StubRoutines::call_stub 0x0000024e0f7b100d

siginfo: EXCEPTION_ACCESS_VIOLATION (0xc0000005), reading address 0xffffffffffffffff


Registers:
RAX=0x0000000000000000, RBX=0x0000024e7e09b0a0, RCX=0xe000000000000000, RDX=0x0000024e20301231
RSP=0x000000fec77f9940, RBP=0x00007ffb8e84ca10, RSI=0x0000024e7e09b710, RDI=0x0000024e7e1259f0
R8 =0x0000024e7e09b720, R9 =0x000000000000001b, R10=0x0000024e20000000, R11=0x0000024e083d6ac0
R12=0x0000024e7e09b720, R13=0x0000024e7e09baf8, R14=0x0000024e7e09b720, R15=0x0000024e20301231
RIP=0x00007ffb8e65deea, EFLAGS=0x0000000000010202


Register to memory mapping:

RAX=0x0 is null
RBX=0x0000024e7e09b0a0 is a thread
RCX=0xe000000000000000 is an unknown value
RDX=0x0000024e20301231 is pointing into metadata
RSP=0x000000fec77f9940 is pointing into the stack for thread: 0x0000024e7e09b0a0
RBP=0x00007ffb8e84ca10 jvm.dll
RSI=0x0000024e7e09b710 points into unknown readable memory: 0x0000000000000000 | 00 00 00 00 00 00 00 00
RDI=0x0000024e7e1259f0 points into unknown readable memory: 0x00000001003f0002 | 02 00 3f 00 01 00 00 00
R8 =0x0000024e7e09b720 points into unknown readable memory: 0x6974752e6176616a | 6a 61 76 61 2e 75 74 69
R9 =0x000000000000001b is an unknown value
R10=0x0000024e20000000 is pointing into metadata
R11=0x0000024e083d6ac0 is at entry_point+32 in (nmethod*)0x0000024e083d6910
Compiled method (c1) 895  843       3       java.util.stream.AbstractPipeline::isParallel (8 bytes)
 total in heap  [0x0000024e083d6910,0x0000024e083d6c30] = 800
 relocation     [0x0000024e083d6a68,0x0000024e083d6a98] = 48
 main code      [0x0000024e083d6aa0,0x0000024e083d6b88] = 232
 stub code      [0x0000024e083d6b88,0x0000024e083d6bc0] = 56
 metadata       [0x0000024e083d6bc0,0x0000024e083d6bc8] = 8
 scopes data    [0x0000024e083d6bc8,0x0000024e083d6bd8] = 16
 scopes pcs     [0x0000024e083d6bd8,0x0000024e083d6c18] = 64
 dependencies   [0x0000024e083d6c18,0x0000024e083d6c20] = 8
 nul chk table  [0x0000024e083d6c20,0x0000024e083d6c30] = 16
R12=0x0000024e7e09b720 points into unknown readable memory: 0x6974752e6176616a | 6a 61 76 61 2e 75 74 69
R13=0x0000024e7e09baf8 points into unknown readable memory: 0x08000bca0ddd607f | 7f 60 dd 0d ca 0b 00 08
R14=0x0000024e7e09b720 points into unknown readable memory: 0x6974752e6176616a | 6a 61 76 61 2e 75 74 69
R15=0x0000024e20301231 is pointing into metadata

Top of Stack: (sp=0x000000fec77f9940)
0x000000fec77f9940:   000000000000001b 0000024e7e09b710
0x000000fec77f9950:   0000000000000000 0000024e202a9e08
0x000000fec77f9960:   0000024e7e1259f0 00007ffb8e65dfe9
0x000000fec77f9970:   0000024e7e09b0a0 000000fec77f9b60
0x000000fec77f9980:   00000000000000b2 0000024e7e09b0a0
0x000000fec77f9990:   0000024e202aa398 00007ffb8e25e843
0x000000fec77f99a0:   0000024e202aa398 0000024e7e09b0a0
0x000000fec77f99b0:   00000000000000b2 0000024e7e09b0a0
0x000000fec77f99c0:   0000024e7e09b0a0 00007ffb8e46cb5a
0x000000fec77f99d0:   00000000000003d8 0000000000000001
0x000000fec77f99e0:   0000000000000100 0000024e2057ccc8
0x000000fec77f99f0:   0000024e7e09b0a0 00007ffb8e0c2ef7
0x000000fec77f9a00:   0000024e200c0b28 0000024e205855c8
0x000000fec77f9a10:   0000024e200c0b28 0000000000000000
0x000000fec77f9a20:   0000024e200c0b28 0000024e7e09b0a0
0x000000fec77f9a30:   0000000000000000 00007ffb8e0c2e35
0x000000fec77f9a40:   0000000000000000 0000000000000100
0x000000fec77f9a50:   00000000ffffffff 00007ffb8e0c2fff
0x000000fec77f9a60:   0000000000000000 0000000000000100
0x000000fec77f9a70:   00000000000000b2 000000fec77f9c10
0x000000fec77f9a80:   00000000000000b2 000000fec77f9c20
0x000000fec77f9a90:   0000000000000008 00007ffb8e0ed8e7
0x000000fec77f9aa0:   000004f58a992d7a 0000024e20a6bb20
0x000000fec77f9ab0:   000000fec77f9be0 00007ffb8e224042
0x000000fec77f9ac0:   0000024e20a6bb20 000000fec77f9b80
0x000000fec77f9ad0:   0000024e7e09b0a0 000000fec77f9b80
0x000000fec77f9ae0:   000004f58a9933aa 00007ffb8e46810d
0x000000fec77f9af0:   0000024e7e09b001 0000000000000000
0x000000fec77f9b00:   00000000000000b2 0000000000000000
0x000000fec77f9b10:   00000000000000b2 000000fec77f9be0
0x000000fec77f9b20:   000000fec77f9c79 00007ffb8e46a6fd
0x000000fec77f9b30:   0000024e7e09b0a0 000000fec77f9c79 

Instructions: (pc=0x00007ffb8e65deea)
0x00007ffb8e65ddea:   cc cc cc cc cc cc 48 89 5c 24 08 48 89 74 24 10
0x00007ffb8e65ddfa:   48 89 7c 24 18 41 56 48 83 ec 20 41 8b d9 49 63
0x00007ffb8e65de0a:   f8 48 8b f2 4c 8b f1 e8 6a 7b ef ff 44 0f bf d0
0x00007ffb8e65de1a:   49 8d 4e 06 41 c1 e2 10 4c 8b c7 44 0b d3 66 41
0x00007ffb8e65de2a:   89 7e 04 48 8b d6 45 89 16 41 c6 46 07 00 c6 01
0x00007ffb8e65de3a:   00 e8 f0 8e 13 00 48 8b 5c 24 30 49 8b c6 48 8b
0x00007ffb8e65de4a:   74 24 38 48 8b 7c 24 40 48 83 c4 20 41 5e c3 cc
0x00007ffb8e65de5a:   cc cc cc cc cc cc 40 53 48 83 ec 20 8b 02 48 8b
0x00007ffb8e65de6a:   d9 89 01 0f b7 42 04 48 83 c2 06 66 89 41 04 44
0x00007ffb8e65de7a:   8b c0 48 83 c1 06 e8 ab 8e 13 00 48 8b c3 48 83
0x00007ffb8e65de8a:   c4 20 5b c3 cc cc 4c 8b d2 4c 8b d9 45 85 c0 7e
0x00007ffb8e65de9a:   3c 44 0f b7 49 04 41 8d 40 ff 41 3b c1 44 0f 4c
0x00007ffb8e65deaa:   c8 4d 63 c1 45 85 c9 7e 1f 48 8b c2 4c 2b da 49
0x00007ffb8e65deba:   8b d0 0f 1f 40 00 41 0f b6 4c 03 06 88 08 48 8d
0x00007ffb8e65deca:   40 01 48 83 ea 01 75 ee 43 c6 04 10 00 49 8b c2
0x00007ffb8e65deda:   c3 cc cc cc cc cc 48 89 5c 24 08 57 48 83 ec 20
0x00007ffb8e65deea:   0f b7 59 04 48 8b f9 33 d2 48 8d 4b 01 e8 74 cb
0x00007ffb8e65defa:   f5 ff 0f b7 57 04 4c 8b c0 3b da 0f 42 d3 44 8b
0x00007ffb8e65df0a:   ca 85 d2 74 39 48 2b f8 0f 1f 40 00 66 66 0f 1f
0x00007ffb8e65df1a:   84 00 00 00 00 00 0f b6 4c 07 06 88 08 48 ff c0
0x00007ffb8e65df2a:   48 8b c8 49 2b c8 49 3b c9 7c eb 42 c6 04 02 00
0x00007ffb8e65df3a:   49 8b c0 48 8b 5c 24 30 48 83 c4 20 5f c3 48 8b
0x00007ffb8e65df4a:   5c 24 30 c6 04 02 00 48 83 c4 20 5f c3 cc cc cc
0x00007ffb8e65df5a:   cc cc cc cc cc cc 4c 8b d1 45 85 c0 7e 6c 44 0f
0x00007ffb8e65df6a:   b7 49 04 41 8d 40 ff 41 3b c1 44 0f 4c c8 4d 63
0x00007ffb8e65df7a:   d9 45 85 c9 7e 22 48 8b ca 4c 2b d2 4d 8b c3 0f
0x00007ffb8e65df8a:   1f 80 00 00 00 00 41 0f b6 44 0a 06 88 01 48 8d
0x00007ffb8e65df9a:   49 01 49 83 e8 01 75 ee 41 c6 04 13 00 48 c7 c0
0x00007ffb8e65dfaa:   ff ff ff ff 66 90 48 ff c0 80 3c 02 00 75 f7 48
0x00007ffb8e65dfba:   63 c8 85 c0 48 8b c2 7e 14 80 38 2f 75 03 c6 00
0x00007ffb8e65dfca:   2e 48 ff c0 48 83 e9 01 75 ef 48 8b c2 c3 cc cc
0x00007ffb8e65dfda:   cc cc cc cc cc cc 48 83 ec 28 e8 f7 fe ff ff 4c 


Stack slot to memory mapping:

stack at sp + 0 slots: 0x000000000000001b is an unknown value
stack at sp + 1 slots: 0x0000024e7e09b710 points into unknown readable memory: 0x0000000000000000 | 00 00 00 00 00 00 00 00
stack at sp + 2 slots: 0x0 is null
stack at sp + 3 slots: 0x0000024e202a9e08 is a pointer to class: 
java.util.stream.FindOps {0x0000024e202a9e10}
 - instance size:     2
 - klass size:        64
 - access:            final synchronized 
 - flags:             rewritten is_shared_boot_class has_localvariable_table has_vanilla_constructor 
 - state:             fully_initialized
 - name:              'java/util/stream/FindOps'
 - super:             'java/lang/Object'
 - sub:               
 - arrays:            null
 - methods:           Array<T>(0x0000024e20a6bdc8)
 - method ordering:   Array<T>(0x0000024e20a6c008)
 - default_methods:   Array<T>(0x0000000000000000)
 - local interfaces:  Array<T>(0x0000024e205d5ec0)
 - trans. interfaces: Array<T>(0x0000024e205d5ec0)
 - constants:         constant pool [67] {0x0000024e20a6bb28} for 'java/util/stream/FindOps' cache=0x0000024e202aa058
 - class loader data:  loader data: 0x0000024e1f688130 of 'bootstrap'
 - source file:       'FindOps.java'
 - class annotations:       Array<T>(0x0000000000000000)
 - class type annotations:  Array<T>(0x0000000000000000)
 - field annotations:       Array<T>(0x0000000000000000)
 - field type annotations:  Array<T>(0x0000000000000000)
 - inner classes:     Array<T>(0x0000024e20a6bd80)
 - nest members:     Array<T>(0x0000024e20a6c030)
 - permitted subclasses:     Array<T>(0x0000024e205d5e48)
 - java mirror:       a 'java/lang/Class'{0x0000000712027888} = 'java/util/stream/FindOps'
 - vtable length      5  (start addr: 0x0000024e202a9fd0)
 - itable length      2 (start addr: 0x0000024e202a9ff8)
 - ---- static fields (0 words):
 - ---- non-static fields (0 words):
 - non-static oop maps: 
stack at sp + 4 slots: 0x0000024e7e1259f0 points into unknown readable memory: 0x00000001003f0002 | 02 00 3f 00 01 00 00 00
stack at sp + 5 slots: 0x00007ffb8e65dfe9 jvm.dll
stack at sp + 6 slots: 0x0000024e7e09b0a0 is a thread
stack at sp + 7 slots: 0x000000fec77f9b60 is pointing into the stack for thread: 0x0000024e7e09b0a0

invokeinterface  185 invokeinterface  [0x0000024e0f7d4f00, 0x0000024e0f7d5cb8]  3512 bytes
[MachCode]
  0x0000024e0f7d4f00: 4883 ec08 | c5fa 1104 | 24eb 1f48 | 83ec 10c5 | fb11 0424 | eb14 4883 | ec10 4889 | 0424 48c7 
  0x0000024e0f7d4f20: 4424 0800 | 0000 00eb | 0150 488b | 4dd0 410f | b755 0148 | 8b49 306b | d218 488d | 4c11 080f 
  0x0000024e0f7d4f40: b659 1681 | fbb9 0000 | 000f 8474 | 0100 00bb | b900 0000 | e805 0000 | 00e9 5001 | 0000 488b 
  0x0000024e0f7d4f60: d348 8d44 | 2408 4c89 | 6dc0 498b | cfc5 f877 | 4989 afb0 | 0300 0049 | 8987 a003 | 0000 4883 
  0x0000024e0f7d4f80: ec20 40f6 | c40f 0f84 | 1900 0000 | 4883 ec08 | 48b8 90d1 | 258e fb7f | 0000 ffd0 | 4883 c408 
  0x0000024e0f7d4fa0: e90c 0000 | 0048 b890 | d125 8efb | 7f00 00ff | d048 83c4 | 2049 c787 | a003 0000 | 0000 0000 
  0x0000024e0f7d4fc0: 49c7 87b0 | 0300 0000 | 0000 0049 | c787 a803 | 0000 0000 | 0000 c5f8 | 7741 8b8f | 3405 0000 
  0x0000024e0f7d4fe0: f6c1 010f | 8442 0000 | 00f6 c102 | 0f85 3900 | 0000 4883 | ec20 40f6 | c40f 0f84 | 1900 0000 
  0x0000024e0f7d5000: 4883 ec08 | 48b8 c07b | 258e fb7f | 0000 ffd0 | 4883 c408 | e90c 0000 | 0048 b8c0 | 7b25 8efb 
  0x0000024e0f7d5020: 7f00 00ff | d048 83c4 | 20ff e049 | 8b8f e005 | 0000 4885 | c90f 8455 | 0000 008b | 899c 0000 
  0x0000024e0f7d5040: 0083 f901 | 0f85 4600 | 0000 498b | 8fe0 0500 | 008b 89a0 | 0000 0048 | 83ec 2040 | f6c4 0f0f 
  0x0000024e0f7d5060: 8419 0000 | 0048 83ec | 0848 b8b0 | 7b25 8efb | 7f00 00ff | d048 83c4 | 08e9 0c00 | 0000 48b8 
  0x0000024e0f7d5080: b07b 258e | fb7f 0000 | ffd0 4883 | c420 ffe0 | 4983 7f08 | 000f 8405 | 0000 00e9 | 60be fdff 
  0x0000024e0f7d50a0: 4c8b 6dc0 | 4c8b 75c8 | 4e8d 74f5 | 00c3 488b | 4dd0 410f | b755 0148 | 8b49 306b | d218 488d 
  0x0000024e0f7d50c0: 4c11 080f | b651 15f6 | c204 0f84 | 1a00 0000 | f6c2 010f | 8408 0000 | 0048 8b19 | e910 0000 
  0x0000024e0f7d50e0: 000f b759 | 08e9 0700 | 0000 488b | 1948 8b41 | 084c 896d | c044 8bea | 0fb6 5114 | 0fb7 4912 
  0x0000024e0f7d5100: 488b 4ccc | f849 ba90 | c8af 8efb | 7f00 0049 | 8b14 d252 | 418b d54c | 8b6d c044 | 8bf2 4183 
  0x0000024e0f7d5120: e604 0f84 | c103 0000 | 8bc2 83e0 | 010f 848f | 0100 0048 | 3b01 488b | 45d8 4885 | c00f 8412 
  0x0000024e0f7d5140: 0000 0048 | 8340 0801 | 4883 5808 | 0048 83c0 | 3048 8945 | d848 8b45 | d848 85c0 | 0f84 3d01 
  0x0000024e0f7d5160: 0000 8078 | d00b 0f85 | 3301 0000 | 4883 c008 | 4c8b 68f8 | 4183 ed00 | 4183 fd02 | 0f8c 1201 
  0x0000024e0f7d5180: 0000 4c8b | 6b08 450f | b76d 2e4c | 2b28 4183 | ed01 4e8b | 6cec 084d | 85ed 750e | f640 0801 
  0x0000024e0f7d51a0: 7558 f048 | 8348 0801 | eb50 458b | 6d08 49ba | 0000 0020 | 4e02 0000 | 4d03 ea4d | 8bd5 4c33 
  0x0000024e0f7d51c0: 6808 49f7 | c5fc ffff | ff74 2f41 | f6c5 0275 | 2948 8378 | 0800 741e | 4883 7808 | 0174 174d 
  0x0000024e0f7d51e0: 8bea 4c33 | 6808 49f7 | c5fc ffff | ff74 0b48 | 8348 0802 | eb04 4c89 | 6808 4883 | c010 4c8b 
  0x0000024e0f7d5200: 68e8 4183 | ed02 4183 | fd02 0f8c | 8400 0000 | 4c8b 6b08 | 450f b76d | 2e4c 2b28 | 4183 ed01 
  0x0000024e0f7d5220: 4e8b 6cec | 084d 85ed | 750e f640 | 0801 7558 | f048 8348 | 0801 eb50 | 458b 6d08 | 49ba 0000 
  0x0000024e0f7d5240: 0020 4e02 | 0000 4d03 | ea4d 8bd5 | 4c33 6808 | 49f7 c5fc | ffff ff74 | 2f41 f6c5 | 0275 2948 
  0x0000024e0f7d5260: 8378 0800 | 741e 4883 | 7808 0174 | 174d 8bea | 4c33 6808 | 49f7 c5fc | ffff ff74 | 0b48 8348 
  0x0000024e0f7d5280: 0802 eb04 | 4c89 6808 | 4883 c010 | 4c8b 68d8 | 4183 ed04 | 41c1 e503 | 4903 c548 | 8945 d84c 
  0x0000024e0f7d52a0: 8d6c 2408 | 498b cd48 | 2bcd 48c1 | f903 4889 | 4df0 4180 | bfe8 0500 | 0000 7403 | ff63 38ff 
  0x0000024e0f7d52c0: 6350 8b41 | 0849 ba00 | 0000 204e | 0200 0049 | 03c2 4c8b | 75d8 4d85 | f60f 8495 | 0000 0049 
  0x0000024e0f7d52e0: 8b56 1048 | 3bd0 0f85 | 0f00 0000 | 4983 4618 | 0149 835e | 1800 e971 | 0000 0048 | 85d2 0f84 
  0x0000024e0f7d5300: 4200 0000 | 498b 5620 | 483b d00f | 850f 0000 | 0049 8346 | 2801 4983 | 5e28 00e9 | 4c00 0000 
  0x0000024e0f7d5320: 4885 d274 | 0f49 8346 | 0801 4983 | 5e08 00e9 | 3800 0000 | 4989 4620 | ba01 0000 | 0049 8956 
  0x0000024e0f7d5340: 28e9 2600 | 0000 493b | 4620 0f85 | 0f00 0000 | 4983 4628 | 0149 835e | 2800 e90d | 0000 0049 
  0x0000024e0f7d5360: 8946 10ba | 0100 0000 | 4989 5618 | 4983 c630 | 4c89 75d8 | 488b 9cd8 | c801 0000 | 488b 55d8 
  0x0000024e0f7d5380: 4885 d20f | 843d 0100 | 0080 7ad0 | 0b0f 8533 | 0100 0048 | 83c2 084c | 8b6a f841 | 83ed 0041 
  0x0000024e0f7d53a0: 83fd 020f | 8c12 0100 | 004c 8b6b | 0845 0fb7 | 6d2e 4c2b | 2a41 83ed | 014e 8b6c | ec08 4d85 
  0x0000024e0f7d53c0: ed75 0ef6 | 4208 0175 | 58f0 4883 | 4a08 01eb | 5045 8b6d | 0849 ba00 | 0000 204e | 0200 004d 
  0x0000024e0f7d53e0: 03ea 4d8b | d54c 336a | 0849 f7c5 | fcff ffff | 742f 41f6 | c502 7529 | 4883 7a08 | 0074 1e48 
  0x0000024e0f7d5400: 837a 0801 | 7417 4d8b | ea4c 336a | 0849 f7c5 | fcff ffff | 740b 4883 | 4a08 02eb | 044c 896a 
  0x0000024e0f7d5420: 0848 83c2 | 104c 8b6a | e841 83ed | 0241 83fd | 020f 8c84 | 0000 004c | 8b6b 0845 | 0fb7 6d2e 
  0x0000024e0f7d5440: 4c2b 2a41 | 83ed 014e | 8b6c ec08 | 4d85 ed75 | 0ef6 4208 | 0175 58f0 | 4883 4a08 | 01eb 5045 
  0x0000024e0f7d5460: 8b6d 0849 | ba00 0000 | 204e 0200 | 004d 03ea | 4d8b d54c | 336a 0849 | f7c5 fcff | ffff 742f 
  0x0000024e0f7d5480: 41f6 c502 | 7529 4883 | 7a08 0074 | 1e48 837a | 0801 7417 | 4d8b ea4c | 336a 0849 | f7c5 fcff 
  0x0000024e0f7d54a0: ffff 740b | 4883 4a08 | 02eb 044c | 896a 0848 | 83c2 104c | 8b6a d841 | 83ed 0441 | c1e5 0349 
  0x0000024e0f7d54c0: 03d5 4889 | 55d8 4c8d | 6c24 0849 | 8bcd 482b | cd48 c1f9 | 0348 894d | f041 80bf | e805 0000 
  0x0000024e0f7d54e0: 0074 03ff | 6338 ff63 | 5044 8bf2 | 4183 e601 | 0f84 e501 | 0000 448b | 7108 49ba | 0000 0020 
  0x0000024e0f7d5500: 4e02 0000 | 4d03 f24c | 3bf0 0f84 | 3f00 0000 | 448b 6814 | 4b3b 042e | 0f84 3100 | 0000 4183 
  0x0000024e0f7d5520: fd20 0f85 | 1f00 0000 | 5157 498b | 7e28 8b0f | 4883 c708 | 4885 c0f2 | 48af 5f59 | 7509 4989 
  0x0000024e0f7d5540: 4620 e908 | 0000 0049 | 8bd6 e9e1 | 0500 0048 | 8b55 d848 | 85d2 0f84 | 1200 0000 | 4883 4208 
  0x0000024e0f7d5560: 0148 835a | 0800 4883 | c230 4889 | 55d8 488b | 55d8 4885 | d20f 843d | 0100 0080 | 7ad0 0b0f 
  0x0000024e0f7d5580: 8533 0100 | 0048 83c2 | 084c 8b6a | f841 83ed | 0041 83fd | 020f 8c12 | 0100 004c | 8b6b 0845 
  0x0000024e0f7d55a0: 0fb7 6d2e | 4c2b 2a41 | 83ed 014e | 8b6c ec08 | 4d85 ed75 | 0ef6 4208 | 0175 58f0 | 4883 4a08 
  0x0000024e0f7d55c0: 01eb 5045 | 8b6d 0849 | ba00 0000 | 204e 0200 | 004d 03ea | 4d8b d54c | 336a 0849 | f7c5 fcff 
  0x0000024e0f7d55e0: ffff 742f | 41f6 c502 | 7529 4883 | 7a08 0074 | 1e48 837a | 0801 7417 | 4d8b ea4c | 336a 0849 
  0x0000024e0f7d5600: f7c5 fcff | ffff 740b | 4883 4a08 | 02eb 044c | 896a 0848 | 83c2 104c | 8b6a e841 | 83ed 0241 
  0x0000024e0f7d5620: 83fd 020f | 8c84 0000 | 004c 8b6b | 0845 0fb7 | 6d2e 4c2b | 2a41 83ed | 014e 8b6c | ec08 4d85 
  0x0000024e0f7d5640: ed75 0ef6 | 4208 0175 | 58f0 4883 | 4a08 01eb | 5045 8b6d | 0849 ba00 | 0000 204e | 0200 004d 
  0x0000024e0f7d5660: 03ea 4d8b | d54c 336a | 0849 f7c5 | fcff ffff | 742f 41f6 | c502 7529 | 4883 7a08 | 0074 1e48 
  0x0000024e0f7d5680: 837a 0801 | 7417 4d8b | ea4c 336a | 0849 f7c5 | fcff ffff | 740b 4883 | 4a08 02eb | 044c 896a 
  0x0000024e0f7d56a0: 0848 83c2 | 104c 8b6a | d841 83ed | 0441 c1e5 | 0349 03d5 | 4889 55d8 | 4c8d 6c24 | 0849 8bcd 
  0x0000024e0f7d56c0: 482b cd48 | c1f9 0348 | 894d f041 | 80bf e805 | 0000 0074 | 03ff 6338 | ff63 504c | 8b75 c84e 
  0x0000024e0f7d56e0: 8d74 f500 | 8b51 0849 | ba00 0000 | 204e 0200 | 0049 03d2 | 488b cb44 | 8bb2 a000 | 0000 4e8d 
  0x0000024e0f7d5700: b4f2 c801 | 0000 4d8b | 2e49 3bc5 | 7415 4d85 | ed0f 8419 | 0400 0049 | 83c6 104d | 8b2e 493b 
  0x0000024e0f7d5720: c575 eb4c | 8b6d c04c | 8b6d d84d | 85ed 0f84 | 9700 0000 | 4d8b 7510 | 4c3b f20f | 850f 0000 
  0x0000024e0f7d5740: 0049 8345 | 1801 4983 | 5d18 00e9 | 7300 0000 | 4d85 f60f | 8443 0000 | 004d 8b75 | 204c 3bf2 
  0x0000024e0f7d5760: 0f85 0f00 | 0000 4983 | 4528 0149 | 835d 2800 | e94e 0000 | 004d 85f6 | 740f 4983 | 4508 0149 
  0x0000024e0f7d5780: 835d 0800 | e93a 0000 | 0049 8955 | 2041 be01 | 0000 004d | 8975 28e9 | 2700 0000 | 493b 5520 
  0x0000024e0f7d57a0: 0f85 0f00 | 0000 4983 | 4528 0149 | 835d 2800 | e90e 0000 | 0049 8955 | 1041 be01 | 0000 004d 
  0x0000024e0f7d57c0: 8975 1849 | 83c5 304c | 896d d848 | 8b43 0848 | 8b40 0848 | 8b40 188b | 5b2c 83eb | f6f7 db4c 
  0x0000024e0f7d57e0: 8bf2 458b | aea0 0000 | 004f 8dac | eec8 0100 | 004d 8d34 | de49 8b5d | 0048 3bc3 | 7416 4885 
  0x0000024e0f7d5800: db0f 8429 | 0300 0049 | 83c5 1049 | 8b5d 0048 | 3bc3 75ea | 458b 6d08 | 4b8b 1c2e | 4885 db0f 
  0x0000024e0f7d5820: 8488 0100 | 0048 8b55 | d848 85d2 | 0f84 3d01 | 0000 807a | d00b 0f85 | 3301 0000 | 4883 c208 
  0x0000024e0f7d5840: 4c8b 6af8 | 4183 ed00 | 4183 fd02 | 0f8c 1201 | 0000 4c8b | 6b08 450f | b76d 2e4c | 2b2a 4183 
  0x0000024e0f7d5860: ed01 4e8b | 6cec 084d | 85ed 750e | f642 0801 | 7558 f048 | 834a 0801 | eb50 458b | 6d08 49ba 
  0x0000024e0f7d5880: 0000 0020 | 4e02 0000 | 4d03 ea4d | 8bd5 4c33 | 6a08 49f7 | c5fc ffff | ff74 2f41 | f6c5 0275 
  0x0000024e0f7d58a0: 2948 837a | 0800 741e | 4883 7a08 | 0174 174d | 8bea 4c33 | 6a08 49f7 | c5fc ffff | ff74 0b48 
  0x0000024e0f7d58c0: 834a 0802 | eb04 4c89 | 6a08 4883 | c210 4c8b | 6ae8 4183 | ed02 4183 | fd02 0f8c | 8400 0000 
  0x0000024e0f7d58e0: 4c8b 6b08 | 450f b76d | 2e4c 2b2a | 4183 ed01 | 4e8b 6cec | 084d 85ed | 750e f642 | 0801 7558 
  0x0000024e0f7d5900: f048 834a | 0801 eb50 | 458b 6d08 | 49ba 0000 | 0020 4e02 | 0000 4d03 | ea4d 8bd5 | 4c33 6a08 
  0x0000024e0f7d5920: 49f7 c5fc | ffff ff74 | 2f41 f6c5 | 0275 2948 | 837a 0800 | 741e 4883 | 7a08 0174 | 174d 8bea 
  0x0000024e0f7d5940: 4c33 6a08 | 49f7 c5fc | ffff ff74 | 0b48 834a | 0802 eb04 | 4c89 6a08 | 4883 c210 | 4c8b 6ad8 
  0x0000024e0f7d5960: 4183 ed04 | 41c1 e503 | 4903 d548 | 8955 d84c | 8d6c 2408 | 498b cd48 | 2bcd 48c1 | f903 4889 
  0x0000024e0f7d5980: 4df0 4180 | bfe8 0500 | 0000 7403 | ff63 38ff | 6350 48b9 | b028 848e | fb7f 0000 | 4883 e4f0 
  0x0000024e0f7d59a0: 48b8 3099 | 4b8e fb7f | 0000 ffd0 | f45b 4c8b | 6dc0 4c8b | 75c8 4e8d | 74f5 004c | 8bc1 e805 
  0x0000024e0f7d59c0: 0000 00e9 | 4d01 0000 | 488d 4424 | 084c 896d | c049 8bcf | c5f8 7749 | 89af b003 | 0000 4989 
  0x0000024e0f7d59e0: 87a0 0300 | 0048 83ec | 2040 f6c4 | 0f0f 8419 | 0000 0048 | 83ec 0848 | b8e0 e125 | 8efb 7f00 
  0x0000024e0f7d5a00: 00ff d048 | 83c4 08e9 | 0c00 0000 | 48b8 e0e1 | 258e fb7f | 0000 ffd0 | 4883 c420 | 49c7 87a0 
  0x0000024e0f7d5a20: 0300 0000 | 0000 0049 | c787 b003 | 0000 0000 | 0000 49c7 | 87a8 0300 | 0000 0000 | 00c5 f877 
  0x0000024e0f7d5a40: 418b 8f34 | 0500 00f6 | c101 0f84 | 4200 0000 | f6c1 020f | 8539 0000 | 0048 83ec | 2040 f6c4 
  0x0000024e0f7d5a60: 0f0f 8419 | 0000 0048 | 83ec 0848 | b8c0 7b25 | 8efb 7f00 | 00ff d048 | 83c4 08e9 | 0c00 0000 
  0x0000024e0f7d5a80: 48b8 c07b | 258e fb7f | 0000 ffd0 | 4883 c420 | ffe0 498b | 8fe0 0500 | 0048 85c9 | 0f84 5500 
  0x0000024e0f7d5aa0: 0000 8b89 | 9c00 0000 | 83f9 010f | 8546 0000 | 0049 8b8f | e005 0000 | 8b89 a000 | 0000 4883 
  0x0000024e0f7d5ac0: ec20 40f6 | c40f 0f84 | 1900 0000 | 4883 ec08 | 48b8 b07b | 258e fb7f | 0000 ffd0 | 4883 c408 
  0x0000024e0f7d5ae0: e90c 0000 | 0048 b8b0 | 7b25 8efb | 7f00 00ff | d048 83c4 | 20ff e049 | 837f 0800 | 0f84 0500 
  0x0000024e0f7d5b00: 0000 e9f9 | b3fd ff4c | 8b6d c04c | 8b75 c84e | 8d74 f500 | c348 b9b0 | 2884 8efb | 7f00 0048 
  0x0000024e0f7d5b20: 83e4 f048 | b830 994b | 8efb 7f00 | 00ff d0f4 | 5b4c 8b6d | c04c 8b75 | c84e 8d74 | f500 e805 
  0x0000024e0f7d5b40: 0000 00e9 | 5001 0000 | 4c8b c048 | 8d44 2408 | 4c89 6dc0 | 498b cfc5 | f877 4989 | afb0 0300 
  0x0000024e0f7d5b60: 0049 8987 | a003 0000 | 4883 ec20 | 40f6 c40f | 0f84 1900 | 0000 4883 | ec08 48b8 | c0e7 258e 
  0x0000024e0f7d5b80: fb7f 0000 | ffd0 4883 | c408 e90c | 0000 0048 | b8c0 e725 | 8efb 7f00 | 00ff d048 | 83c4 2049 
  0x0000024e0f7d5ba0: c787 a003 | 0000 0000 | 0000 49c7 | 87b0 0300 | 0000 0000 | 0049 c787 | a803 0000 | 0000 0000 
  0x0000024e0f7d5bc0: c5f8 7741 | 8b8f 3405 | 0000 f6c1 | 010f 8442 | 0000 00f6 | c102 0f85 | 3900 0000 | 4883 ec20 
  0x0000024e0f7d5be0: 40f6 c40f | 0f84 1900 | 0000 4883 | ec08 48b8 | c07b 258e | fb7f 0000 | ffd0 4883 | c408 e90c 
  0x0000024e0f7d5c00: 0000 0048 | b8c0 7b25 | 8efb 7f00 | 00ff d048 | 83c4 20ff | e049 8b8f | e005 0000 | 4885 c90f 
  0x0000024e0f7d5c20: 8455 0000 | 008b 899c | 0000 0083 | f901 0f85 | 4600 0000 | 498b 8fe0 | 0500 008b | 89a0 0000 
  0x0000024e0f7d5c40: 0048 83ec | 2040 f6c4 | 0f0f 8419 | 0000 0048 | 83ec 0848 | b8b0 7b25 | 8efb 7f00 | 00ff d048 
  0x0000024e0f7d5c60: 83c4 08e9 | 0c00 0000 | 48b8 b07b | 258e fb7f | 0000 ffd0 | 4883 c420 | ffe0 4983 | 7f08 000f 
  0x0000024e0f7d5c80: 8405 0000 | 00e9 76b2 | fdff 4c8b | 6dc0 4c8b | 75c8 4e8d | 74f5 00c3 | 48b9 b028 | 848e fb7f 
  0x0000024e0f7d5ca0: 0000 4883 | e4f0 48b8 | 3099 4b8e | fb7f 0000 | ffd0 f40f | 1f44 0000 
[/MachCode]

---------------  P R O C E S S  ---------------

Threads class SMR info:
_java_thread_list=0x0000024e1fc9b8a0, length=16, elements={
0x0000024e7e09b0a0, 0x0000024e1f7e97f0, 0x0000024e1f7f14e0, 0x0000024e1f7f43e0,
0x0000024e1f7f3d50, 0x0000024e1f7f5e20, 0x0000024e1f7f4a70, 0x0000024e1f7fc830,
0x0000024e1f80b940, 0x0000024e1f7f3030, 0x0000024e1fb96c00, 0x0000024e1fb982a0,
0x0000024e1fb93710, 0x0000024e1f7f64b0, 0x0000024e1fc376e0, 0x0000024e1fc829a0
}

Java Threads: ( => current thread )
=>0x0000024e7e09b0a0 JavaThread "main"                              [_thread_in_vm, id=30144, stack(0x000000fec7700000,0x000000fec7800000) (1024K)]
  0x0000024e1f7e97f0 JavaThread "Reference Handler"          daemon [_thread_blocked, id=29012, stack(0x000000fec7f00000,0x000000fec8000000) (1024K)]
  0x0000024e1f7f14e0 JavaThread "Finalizer"                  daemon [_thread_blocked, id=26000, stack(0x000000fec8000000,0x000000fec8100000) (1024K)]
  0x0000024e1f7f43e0 JavaThread "Signal Dispatcher"          daemon [_thread_blocked, id=22596, stack(0x000000fec8100000,0x000000fec8200000) (1024K)]
  0x0000024e1f7f3d50 JavaThread "Attach Listener"            daemon [_thread_blocked, id=20576, stack(0x000000fec8200000,0x000000fec8300000) (1024K)]
  0x0000024e1f7f5e20 JavaThread "Service Thread"             daemon [_thread_blocked, id=20772, stack(0x000000fec8300000,0x000000fec8400000) (1024K)]
  0x0000024e1f7f4a70 JavaThread "Monitor Deflation Thread"   daemon [_thread_blocked, id=29532, stack(0x000000fec8400000,0x000000fec8500000) (1024K)]
  0x0000024e1f7fc830 JavaThread "C2 CompilerThread0"         daemon [_thread_blocked, id=23476, stack(0x000000fec8500000,0x000000fec8600000) (1024K)]
  0x0000024e1f80b940 JavaThread "C1 CompilerThread0"         daemon [_thread_blocked, id=19580, stack(0x000000fec8600000,0x000000fec8700000) (1024K)]
  0x0000024e1f7f3030 JavaThread "Common-Cleaner"             daemon [_thread_blocked, id=8736, stack(0x000000fec8700000,0x000000fec8800000) (1024K)]
  0x0000024e1fb96c00 JavaThread "JDWP Transport Listener: dt_socket" daemon [_thread_blocked, id=17436, stack(0x000000fec8800000,0x000000fec8900000) (1024K)]
  0x0000024e1fb982a0 JavaThread "JDWP Event Helper Thread"   daemon [_thread_blocked, id=6380, stack(0x000000fec8900000,0x000000fec8a00000) (1024K)]
  0x0000024e1fb93710 JavaThread "JDWP Command Reader"        daemon [_thread_in_native, id=29684, stack(0x000000fec8a00000,0x000000fec8b00000) (1024K)]
  0x0000024e1f7f64b0 JavaThread "Notification Thread"        daemon [_thread_blocked, id=16052, stack(0x000000fec8b00000,0x000000fec8c00000) (1024K)]
  0x0000024e1fc376e0 JavaThread "C2 CompilerThread1"         daemon [_thread_blocked, id=19440, stack(0x000000fec8c00000,0x000000fec8d00000) (1024K)]
  0x0000024e1fc829a0 JavaThread "C2 CompilerThread2"         daemon [_thread_blocked, id=15636, stack(0x000000fec8d00000,0x000000fec8e00000) (1024K)]
Total: 16

Other Threads:
  0x0000024e1f7d2750 VMThread "VM Thread"                           [id=28072, stack(0x000000fec7e00000,0x000000fec7f00000) (1024K)]
  0x0000024e1f7baec0 WatcherThread "VM Periodic Task Thread"        [id=1136, stack(0x000000fec7d00000,0x000000fec7e00000) (1024K)]
  0x0000024e7fbe4dd0 WorkerThread "GC Thread#0"                     [id=23848, stack(0x000000fec7800000,0x000000fec7900000) (1024K)]
  0x0000024e7fbf5d00 ConcurrentGCThread "G1 Main Marker"            [id=26936, stack(0x000000fec7900000,0x000000fec7a00000) (1024K)]
  0x0000024e7fbf6fb0 WorkerThread "G1 Conc#0"                       [id=26340, stack(0x000000fec7a00000,0x000000fec7b00000) (1024K)]
  0x0000024e1f68be80 ConcurrentGCThread "G1 Refine#0"               [id=21576, stack(0x000000fec7b00000,0x000000fec7c00000) (1024K)]
  0x0000024e1f68c910 ConcurrentGCThread "G1 Service"                [id=30392, stack(0x000000fec7c00000,0x000000fec7d00000) (1024K)]
Total: 7

Threads with active compile tasks:
Total: 0

VM state: not at safepoint (normal execution)

VM Mutex/Monitor currently owned by a thread: None

Heap address: 0x0000000702600000, size: 4058 MB, Compressed Oops mode: Zero based, Oop shift amount: 3

CDS archive(s) mapped at: [0x0000024e20000000-0x0000024e20c60000-0x0000024e20c60000), size 12976128, SharedBaseAddress: 0x0000024e20000000, ArchiveRelocationMode: 1.
Compressed class space mapped at: 0x0000024e21000000-0x0000024e61000000, reserved size: 1073741824
Narrow klass base: 0x0000024e20000000, Narrow klass shift: 0, Narrow klass range: 0x41000000

GC Precious Log:
 CardTable entry size: 512
 Card Set container configuration: InlinePtr #cards 4 size 8 Array Of Cards #cards 16 size 48 Howl #buckets 8 coarsen threshold 3686 Howl Bitmap #cards 512 size 80 coarsen threshold 460 Card regions per heap region 1 cards per card region 4096
 CPUs: 12 total, 12 available
 Memory: 16227M
 Large Page Support: Disabled
 NUMA Support: Disabled
 Compressed Oops: Enabled (Zero based)
 Heap Region Size: 2M
 Heap Min Capacity: 8M
 Heap Initial Capacity: 254M
 Heap Max Capacity: 4058M
 Pre-touch: Disabled
 Parallel Workers: 10
 Concurrent Workers: 3
 Concurrent Refinement Workers: 10
 Periodic GC: Disabled

Heap:
 garbage-first heap   total reserved 4155392K, committed 260096K, used 18432K [0x0000000702600000, 0x0000000800000000)
  region size 2048K, 11 young (22528K), 0 survivors (0K)
 Metaspace       used 4073K, committed 4288K, reserved 1114112K
  class space    used 441K, committed 576K, reserved 1048576K

Heap Regions: E=young(eden), S=young(survivor), O=old, HS=humongous(starts), HC=humongous(continues), CS=collection set, F=free, TAMS=top-at-mark-start, PB=parsable bottom
|   0|0x0000000702600000, 0x0000000702600000, 0x0000000702800000|  0%| F|  |TAMS 0x0000000702600000| PB 0x0000000702600000| Untracked |  0
|   1|0x0000000702800000, 0x0000000702800000, 0x0000000702a00000|  0%| F|  |TAMS 0x0000000702800000| PB 0x0000000702800000| Untracked |  0
|   2|0x0000000702a00000, 0x0000000702a00000, 0x0000000702c00000|  0%| F|  |TAMS 0x0000000702a00000| PB 0x0000000702a00000| Untracked |  0
|   3|0x0000000702c00000, 0x0000000702c00000, 0x0000000702e00000|  0%| F|  |TAMS 0x0000000702c00000| PB 0x0000000702c00000| Untracked |  0
|   4|0x0000000702e00000, 0x0000000702e00000, 0x0000000703000000|  0%| F|  |TAMS 0x0000000702e00000| PB 0x0000000702e00000| Untracked |  0
|   5|0x0000000703000000, 0x0000000703000000, 0x0000000703200000|  0%| F|  |TAMS 0x0000000703000000| PB 0x0000000703000000| Untracked |  0
|   6|0x0000000703200000, 0x0000000703200000, 0x0000000703400000|  0%| F|  |TAMS 0x0000000703200000| PB 0x0000000703200000| Untracked |  0
|   7|0x0000000703400000, 0x0000000703400000, 0x0000000703600000|  0%| F|  |TAMS 0x0000000703400000| PB 0x0000000703400000| Untracked |  0
|   8|0x0000000703600000, 0x0000000703600000, 0x0000000703800000|  0%| F|  |TAMS 0x0000000703600000| PB 0x0000000703600000| Untracked |  0
|   9|0x0000000703800000, 0x0000000703800000, 0x0000000703a00000|  0%| F|  |TAMS 0x0000000703800000| PB 0x0000000703800000| Untracked |  0
|  10|0x0000000703a00000, 0x0000000703a00000, 0x0000000703c00000|  0%| F|  |TAMS 0x0000000703a00000| PB 0x0000000703a00000| Untracked |  0
|  11|0x0000000703c00000, 0x0000000703c00000, 0x0000000703e00000|  0%| F|  |TAMS 0x0000000703c00000| PB 0x0000000703c00000| Untracked |  0
|  12|0x0000000703e00000, 0x0000000703e00000, 0x0000000704000000|  0%| F|  |TAMS 0x0000000703e00000| PB 0x0000000703e00000| Untracked |  0
|  13|0x0000000704000000, 0x0000000704000000, 0x0000000704200000|  0%| F|  |TAMS 0x0000000704000000| PB 0x0000000704000000| Untracked |  0
|  14|0x0000000704200000, 0x0000000704200000, 0x0000000704400000|  0%| F|  |TAMS 0x0000000704200000| PB 0x0000000704200000| Untracked |  0
|  15|0x0000000704400000, 0x0000000704400000, 0x0000000704600000|  0%| F|  |TAMS 0x0000000704400000| PB 0x0000000704400000| Untracked |  0
|  16|0x0000000704600000, 0x0000000704600000, 0x0000000704800000|  0%| F|  |TAMS 0x0000000704600000| PB 0x0000000704600000| Untracked |  0
|  17|0x0000000704800000, 0x0000000704800000, 0x0000000704a00000|  0%| F|  |TAMS 0x0000000704800000| PB 0x0000000704800000| Untracked |  0
|  18|0x0000000704a00000, 0x0000000704a00000, 0x0000000704c00000|  0%| F|  |TAMS 0x0000000704a00000| PB 0x0000000704a00000| Untracked |  0
|  19|0x0000000704c00000, 0x0000000704c00000, 0x0000000704e00000|  0%| F|  |TAMS 0x0000000704c00000| PB 0x0000000704c00000| Untracked |  0
|  20|0x0000000704e00000, 0x0000000704e00000, 0x0000000705000000|  0%| F|  |TAMS 0x0000000704e00000| PB 0x0000000704e00000| Untracked |  0
|  21|0x0000000705000000, 0x0000000705000000, 0x0000000705200000|  0%| F|  |TAMS 0x0000000705000000| PB 0x0000000705000000| Untracked |  0
|  22|0x0000000705200000, 0x0000000705200000, 0x0000000705400000|  0%| F|  |TAMS 0x0000000705200000| PB 0x0000000705200000| Untracked |  0
|  23|0x0000000705400000, 0x0000000705400000, 0x0000000705600000|  0%| F|  |TAMS 0x0000000705400000| PB 0x0000000705400000| Untracked |  0
|  24|0x0000000705600000, 0x0000000705600000, 0x0000000705800000|  0%| F|  |TAMS 0x0000000705600000| PB 0x0000000705600000| Untracked |  0
|  25|0x0000000705800000, 0x0000000705800000, 0x0000000705a00000|  0%| F|  |TAMS 0x0000000705800000| PB 0x0000000705800000| Untracked |  0
|  26|0x0000000705a00000, 0x0000000705a00000, 0x0000000705c00000|  0%| F|  |TAMS 0x0000000705a00000| PB 0x0000000705a00000| Untracked |  0
|  27|0x0000000705c00000, 0x0000000705c00000, 0x0000000705e00000|  0%| F|  |TAMS 0x0000000705c00000| PB 0x0000000705c00000| Untracked |  0
|  28|0x0000000705e00000, 0x0000000705e00000, 0x0000000706000000|  0%| F|  |TAMS 0x0000000705e00000| PB 0x0000000705e00000| Untracked |  0
|  29|0x0000000706000000, 0x0000000706000000, 0x0000000706200000|  0%| F|  |TAMS 0x0000000706000000| PB 0x0000000706000000| Untracked |  0
|  30|0x0000000706200000, 0x0000000706200000, 0x0000000706400000|  0%| F|  |TAMS 0x0000000706200000| PB 0x0000000706200000| Untracked |  0
|  31|0x0000000706400000, 0x0000000706400000, 0x0000000706600000|  0%| F|  |TAMS 0x0000000706400000| PB 0x0000000706400000| Untracked |  0
|  32|0x0000000706600000, 0x0000000706600000, 0x0000000706800000|  0%| F|  |TAMS 0x0000000706600000| PB 0x0000000706600000| Untracked |  0
|  33|0x0000000706800000, 0x0000000706800000, 0x0000000706a00000|  0%| F|  |TAMS 0x0000000706800000| PB 0x0000000706800000| Untracked |  0
|  34|0x0000000706a00000, 0x0000000706a00000, 0x0000000706c00000|  0%| F|  |TAMS 0x0000000706a00000| PB 0x0000000706a00000| Untracked |  0
|  35|0x0000000706c00000, 0x0000000706c00000, 0x0000000706e00000|  0%| F|  |TAMS 0x0000000706c00000| PB 0x0000000706c00000| Untracked |  0
|  36|0x0000000706e00000, 0x0000000706e00000, 0x0000000707000000|  0%| F|  |TAMS 0x0000000706e00000| PB 0x0000000706e00000| Untracked |  0
|  37|0x0000000707000000, 0x0000000707000000, 0x0000000707200000|  0%| F|  |TAMS 0x0000000707000000| PB 0x0000000707000000| Untracked |  0
|  38|0x0000000707200000, 0x0000000707200000, 0x0000000707400000|  0%| F|  |TAMS 0x0000000707200000| PB 0x0000000707200000| Untracked |  0
|  39|0x0000000707400000, 0x0000000707400000, 0x0000000707600000|  0%| F|  |TAMS 0x0000000707400000| PB 0x0000000707400000| Untracked |  0
|  40|0x0000000707600000, 0x0000000707600000, 0x0000000707800000|  0%| F|  |TAMS 0x0000000707600000| PB 0x0000000707600000| Untracked |  0
|  41|0x0000000707800000, 0x0000000707800000, 0x0000000707a00000|  0%| F|  |TAMS 0x0000000707800000| PB 0x0000000707800000| Untracked |  0
|  42|0x0000000707a00000, 0x0000000707a00000, 0x0000000707c00000|  0%| F|  |TAMS 0x0000000707a00000| PB 0x0000000707a00000| Untracked |  0
|  43|0x0000000707c00000, 0x0000000707c00000, 0x0000000707e00000|  0%| F|  |TAMS 0x0000000707c00000| PB 0x0000000707c00000| Untracked |  0
|  44|0x0000000707e00000, 0x0000000707e00000, 0x0000000708000000|  0%| F|  |TAMS 0x0000000707e00000| PB 0x0000000707e00000| Untracked |  0
|  45|0x0000000708000000, 0x0000000708000000, 0x0000000708200000|  0%| F|  |TAMS 0x0000000708000000| PB 0x0000000708000000| Untracked |  0
|  46|0x0000000708200000, 0x0000000708200000, 0x0000000708400000|  0%| F|  |TAMS 0x0000000708200000| PB 0x0000000708200000| Untracked |  0
|  47|0x0000000708400000, 0x0000000708400000, 0x0000000708600000|  0%| F|  |TAMS 0x0000000708400000| PB 0x0000000708400000| Untracked |  0
|  48|0x0000000708600000, 0x0000000708600000, 0x0000000708800000|  0%| F|  |TAMS 0x0000000708600000| PB 0x0000000708600000| Untracked |  0
|  49|0x0000000708800000, 0x0000000708800000, 0x0000000708a00000|  0%| F|  |TAMS 0x0000000708800000| PB 0x0000000708800000| Untracked |  0
|  50|0x0000000708a00000, 0x0000000708a00000, 0x0000000708c00000|  0%| F|  |TAMS 0x0000000708a00000| PB 0x0000000708a00000| Untracked |  0
|  51|0x0000000708c00000, 0x0000000708c00000, 0x0000000708e00000|  0%| F|  |TAMS 0x0000000708c00000| PB 0x0000000708c00000| Untracked |  0
|  52|0x0000000708e00000, 0x0000000708e00000, 0x0000000709000000|  0%| F|  |TAMS 0x0000000708e00000| PB 0x0000000708e00000| Untracked |  0
|  53|0x0000000709000000, 0x0000000709000000, 0x0000000709200000|  0%| F|  |TAMS 0x0000000709000000| PB 0x0000000709000000| Untracked |  0
|  54|0x0000000709200000, 0x0000000709200000, 0x0000000709400000|  0%| F|  |TAMS 0x0000000709200000| PB 0x0000000709200000| Untracked |  0
|  55|0x0000000709400000, 0x0000000709400000, 0x0000000709600000|  0%| F|  |TAMS 0x0000000709400000| PB 0x0000000709400000| Untracked |  0
|  56|0x0000000709600000, 0x0000000709600000, 0x0000000709800000|  0%| F|  |TAMS 0x0000000709600000| PB 0x0000000709600000| Untracked |  0
|  57|0x0000000709800000, 0x0000000709800000, 0x0000000709a00000|  0%| F|  |TAMS 0x0000000709800000| PB 0x0000000709800000| Untracked |  0
|  58|0x0000000709a00000, 0x0000000709a00000, 0x0000000709c00000|  0%| F|  |TAMS 0x0000000709a00000| PB 0x0000000709a00000| Untracked |  0
|  59|0x0000000709c00000, 0x0000000709c00000, 0x0000000709e00000|  0%| F|  |TAMS 0x0000000709c00000| PB 0x0000000709c00000| Untracked |  0
|  60|0x0000000709e00000, 0x0000000709e00000, 0x000000070a000000|  0%| F|  |TAMS 0x0000000709e00000| PB 0x0000000709e00000| Untracked |  0
|  61|0x000000070a000000, 0x000000070a000000, 0x000000070a200000|  0%| F|  |TAMS 0x000000070a000000| PB 0x000000070a000000| Untracked |  0
|  62|0x000000070a200000, 0x000000070a200000, 0x000000070a400000|  0%| F|  |TAMS 0x000000070a200000| PB 0x000000070a200000| Untracked |  0
|  63|0x000000070a400000, 0x000000070a400000, 0x000000070a600000|  0%| F|  |TAMS 0x000000070a400000| PB 0x000000070a400000| Untracked |  0
|  64|0x000000070a600000, 0x000000070a600000, 0x000000070a800000|  0%| F|  |TAMS 0x000000070a600000| PB 0x000000070a600000| Untracked |  0
|  65|0x000000070a800000, 0x000000070a800000, 0x000000070aa00000|  0%| F|  |TAMS 0x000000070a800000| PB 0x000000070a800000| Untracked |  0
|  66|0x000000070aa00000, 0x000000070aa00000, 0x000000070ac00000|  0%| F|  |TAMS 0x000000070aa00000| PB 0x000000070aa00000| Untracked |  0
|  67|0x000000070ac00000, 0x000000070ac00000, 0x000000070ae00000|  0%| F|  |TAMS 0x000000070ac00000| PB 0x000000070ac00000| Untracked |  0
|  68|0x000000070ae00000, 0x000000070ae00000, 0x000000070b000000|  0%| F|  |TAMS 0x000000070ae00000| PB 0x000000070ae00000| Untracked |  0
|  69|0x000000070b000000, 0x000000070b000000, 0x000000070b200000|  0%| F|  |TAMS 0x000000070b000000| PB 0x000000070b000000| Untracked |  0
|  70|0x000000070b200000, 0x000000070b200000, 0x000000070b400000|  0%| F|  |TAMS 0x000000070b200000| PB 0x000000070b200000| Untracked |  0
|  71|0x000000070b400000, 0x000000070b400000, 0x000000070b600000|  0%| F|  |TAMS 0x000000070b400000| PB 0x000000070b400000| Untracked |  0
|  72|0x000000070b600000, 0x000000070b600000, 0x000000070b800000|  0%| F|  |TAMS 0x000000070b600000| PB 0x000000070b600000| Untracked |  0
|  73|0x000000070b800000, 0x000000070b800000, 0x000000070ba00000|  0%| F|  |TAMS 0x000000070b800000| PB 0x000000070b800000| Untracked |  0
|  74|0x000000070ba00000, 0x000000070ba00000, 0x000000070bc00000|  0%| F|  |TAMS 0x000000070ba00000| PB 0x000000070ba00000| Untracked |  0
|  75|0x000000070bc00000, 0x000000070bc00000, 0x000000070be00000|  0%| F|  |TAMS 0x000000070bc00000| PB 0x000000070bc00000| Untracked |  0
|  76|0x000000070be00000, 0x000000070be00000, 0x000000070c000000|  0%| F|  |TAMS 0x000000070be00000| PB 0x000000070be00000| Untracked |  0
|  77|0x000000070c000000, 0x000000070c000000, 0x000000070c200000|  0%| F|  |TAMS 0x000000070c000000| PB 0x000000070c000000| Untracked |  0
|  78|0x000000070c200000, 0x000000070c200000, 0x000000070c400000|  0%| F|  |TAMS 0x000000070c200000| PB 0x000000070c200000| Untracked |  0
|  79|0x000000070c400000, 0x000000070c400000, 0x000000070c600000|  0%| F|  |TAMS 0x000000070c400000| PB 0x000000070c400000| Untracked |  0
|  80|0x000000070c600000, 0x000000070c600000, 0x000000070c800000|  0%| F|  |TAMS 0x000000070c600000| PB 0x000000070c600000| Untracked |  0
|  81|0x000000070c800000, 0x000000070c800000, 0x000000070ca00000|  0%| F|  |TAMS 0x000000070c800000| PB 0x000000070c800000| Untracked |  0
|  82|0x000000070ca00000, 0x000000070ca00000, 0x000000070cc00000|  0%| F|  |TAMS 0x000000070ca00000| PB 0x000000070ca00000| Untracked |  0
|  83|0x000000070cc00000, 0x000000070cc00000, 0x000000070ce00000|  0%| F|  |TAMS 0x000000070cc00000| PB 0x000000070cc00000| Untracked |  0
|  84|0x000000070ce00000, 0x000000070ce00000, 0x000000070d000000|  0%| F|  |TAMS 0x000000070ce00000| PB 0x000000070ce00000| Untracked |  0
|  85|0x000000070d000000, 0x000000070d000000, 0x000000070d200000|  0%| F|  |TAMS 0x000000070d000000| PB 0x000000070d000000| Untracked |  0
|  86|0x000000070d200000, 0x000000070d200000, 0x000000070d400000|  0%| F|  |TAMS 0x000000070d200000| PB 0x000000070d200000| Untracked |  0
|  87|0x000000070d400000, 0x000000070d400000, 0x000000070d600000|  0%| F|  |TAMS 0x000000070d400000| PB 0x000000070d400000| Untracked |  0
|  88|0x000000070d600000, 0x000000070d600000, 0x000000070d800000|  0%| F|  |TAMS 0x000000070d600000| PB 0x000000070d600000| Untracked |  0
|  89|0x000000070d800000, 0x000000070d800000, 0x000000070da00000|  0%| F|  |TAMS 0x000000070d800000| PB 0x000000070d800000| Untracked |  0
|  90|0x000000070da00000, 0x000000070da00000, 0x000000070dc00000|  0%| F|  |TAMS 0x000000070da00000| PB 0x000000070da00000| Untracked |  0
|  91|0x000000070dc00000, 0x000000070dc00000, 0x000000070de00000|  0%| F|  |TAMS 0x000000070dc00000| PB 0x000000070dc00000| Untracked |  0
|  92|0x000000070de00000, 0x000000070de00000, 0x000000070e000000|  0%| F|  |TAMS 0x000000070de00000| PB 0x000000070de00000| Untracked |  0
|  93|0x000000070e000000, 0x000000070e000000, 0x000000070e200000|  0%| F|  |TAMS 0x000000070e000000| PB 0x000000070e000000| Untracked |  0
|  94|0x000000070e200000, 0x000000070e200000, 0x000000070e400000|  0%| F|  |TAMS 0x000000070e200000| PB 0x000000070e200000| Untracked |  0
|  95|0x000000070e400000, 0x000000070e400000, 0x000000070e600000|  0%| F|  |TAMS 0x000000070e400000| PB 0x000000070e400000| Untracked |  0
|  96|0x000000070e600000, 0x000000070e600000, 0x000000070e800000|  0%| F|  |TAMS 0x000000070e600000| PB 0x000000070e600000| Untracked |  0
|  97|0x000000070e800000, 0x000000070e800000, 0x000000070ea00000|  0%| F|  |TAMS 0x000000070e800000| PB 0x000000070e800000| Untracked |  0
|  98|0x000000070ea00000, 0x000000070ea00000, 0x000000070ec00000|  0%| F|  |TAMS 0x000000070ea00000| PB 0x000000070ea00000| Untracked |  0
|  99|0x000000070ec00000, 0x000000070ec00000, 0x000000070ee00000|  0%| F|  |TAMS 0x000000070ec00000| PB 0x000000070ec00000| Untracked |  0
| 100|0x000000070ee00000, 0x000000070ee00000, 0x000000070f000000|  0%| F|  |TAMS 0x000000070ee00000| PB 0x000000070ee00000| Untracked |  0
| 101|0x000000070f000000, 0x000000070f000000, 0x000000070f200000|  0%| F|  |TAMS 0x000000070f000000| PB 0x000000070f000000| Untracked |  0
| 102|0x000000070f200000, 0x000000070f200000, 0x000000070f400000|  0%| F|  |TAMS 0x000000070f200000| PB 0x000000070f200000| Untracked |  0
| 103|0x000000070f400000, 0x000000070f400000, 0x000000070f600000|  0%| F|  |TAMS 0x000000070f400000| PB 0x000000070f400000| Untracked |  0
| 104|0x000000070f600000, 0x000000070f600000, 0x000000070f800000|  0%| F|  |TAMS 0x000000070f600000| PB 0x000000070f600000| Untracked |  0
| 105|0x000000070f800000, 0x000000070f800000, 0x000000070fa00000|  0%| F|  |TAMS 0x000000070f800000| PB 0x000000070f800000| Untracked |  0
| 106|0x000000070fa00000, 0x000000070fa00000, 0x000000070fc00000|  0%| F|  |TAMS 0x000000070fa00000| PB 0x000000070fa00000| Untracked |  0
| 107|0x000000070fc00000, 0x000000070fc00000, 0x000000070fe00000|  0%| F|  |TAMS 0x000000070fc00000| PB 0x000000070fc00000| Untracked |  0
| 108|0x000000070fe00000, 0x000000070fe00000, 0x0000000710000000|  0%| F|  |TAMS 0x000000070fe00000| PB 0x000000070fe00000| Untracked |  0
| 109|0x0000000710000000, 0x0000000710000000, 0x0000000710200000|  0%| F|  |TAMS 0x0000000710000000| PB 0x0000000710000000| Untracked |  0
| 110|0x0000000710200000, 0x0000000710200000, 0x0000000710400000|  0%| F|  |TAMS 0x0000000710200000| PB 0x0000000710200000| Untracked |  0
| 111|0x0000000710400000, 0x0000000710400000, 0x0000000710600000|  0%| F|  |TAMS 0x0000000710400000| PB 0x0000000710400000| Untracked |  0
| 112|0x0000000710600000, 0x0000000710600000, 0x0000000710800000|  0%| F|  |TAMS 0x0000000710600000| PB 0x0000000710600000| Untracked |  0
| 113|0x0000000710800000, 0x0000000710800000, 0x0000000710a00000|  0%| F|  |TAMS 0x0000000710800000| PB 0x0000000710800000| Untracked |  0
| 114|0x0000000710a00000, 0x0000000710a00000, 0x0000000710c00000|  0%| F|  |TAMS 0x0000000710a00000| PB 0x0000000710a00000| Untracked |  0
| 115|0x0000000710c00000, 0x0000000710c00000, 0x0000000710e00000|  0%| F|  |TAMS 0x0000000710c00000| PB 0x0000000710c00000| Untracked |  0
| 116|0x0000000710e00000, 0x0000000710e82608, 0x0000000711000000| 25%| E|  |TAMS 0x0000000710e00000| PB 0x0000000710e00000| Complete |  0
| 117|0x0000000711000000, 0x0000000711200000, 0x0000000711200000|100%| E|CS|TAMS 0x0000000711000000| PB 0x0000000711000000| Complete |  0
| 118|0x0000000711200000, 0x0000000711400000, 0x0000000711400000|100%| E|CS|TAMS 0x0000000711200000| PB 0x0000000711200000| Complete |  0
| 119|0x0000000711400000, 0x0000000711600000, 0x0000000711600000|100%| E|CS|TAMS 0x0000000711400000| PB 0x0000000711400000| Complete |  0
| 120|0x0000000711600000, 0x0000000711800000, 0x0000000711800000|100%| E|CS|TAMS 0x0000000711600000| PB 0x0000000711600000| Complete |  0
| 121|0x0000000711800000, 0x0000000711a00000, 0x0000000711a00000|100%| E|CS|TAMS 0x0000000711800000| PB 0x0000000711800000| Complete |  0
| 122|0x0000000711a00000, 0x0000000711c00000, 0x0000000711c00000|100%| E|CS|TAMS 0x0000000711a00000| PB 0x0000000711a00000| Complete |  0
| 123|0x0000000711c00000, 0x0000000711e00000, 0x0000000711e00000|100%| E|  |TAMS 0x0000000711c00000| PB 0x0000000711c00000| Complete |  0
| 124|0x0000000711e00000, 0x0000000712000000, 0x0000000712000000|100%| E|CS|TAMS 0x0000000711e00000| PB 0x0000000711e00000| Complete |  0
| 125|0x0000000712000000, 0x0000000712200000, 0x0000000712200000|100%| E|CS|TAMS 0x0000000712000000| PB 0x0000000712000000| Complete |  0
| 126|0x0000000712200000, 0x0000000712400000, 0x0000000712400000|100%| E|CS|TAMS 0x0000000712200000| PB 0x0000000712200000| Complete |  0

Card table byte_map: [0x0000024e18400000,0x0000024e18bf0000] _byte_map_base: 0x0000024e14bed000

Marking Bits: (CMBitMap*) 0x0000024e7fbe54e0
 Bits: [0x0000024e18bf0000, 0x0000024e1cb58000)

Polling page: 0x0000024e7e350000

Metaspace:

Usage:
  Non-class:      3.55 MB used.
      Class:    441.32 KB used.
       Both:      3.98 MB used.

Virtual space:
  Non-class space:       64.00 MB reserved,       3.62 MB (  6%) committed,  1 nodes.
      Class space:        1.00 GB reserved,     576.00 KB ( <1%) committed,  1 nodes.
             Both:        1.06 GB reserved,       4.19 MB ( <1%) committed. 

Chunk freelists:
   Non-Class:  10.50 MB
       Class:  15.48 MB
        Both:  25.98 MB

MaxMetaspaceSize: unlimited
CompressedClassSpaceSize: 1.00 GB
Initial GC threshold: 21.00 MB
Current GC threshold: 21.00 MB
CDS: on
 - commit_granule_bytes: 65536.
 - commit_granule_words: 8192.
 - virtual_space_node_default_size: 8388608.
 - enlarge_chunks_in_place: 1.
 - use_allocation_guard: 0.


Internal statistics:

num_allocs_failed_limit: 0.
num_arena_births: 104.
num_arena_deaths: 0.
num_vsnodes_births: 2.
num_vsnodes_deaths: 0.
num_space_committed: 67.
num_space_uncommitted: 0.
num_chunks_returned_to_freelist: 0.
num_chunks_taken_from_freelist: 221.
num_chunk_merges: 0.
num_chunk_splits: 127.
num_chunks_enlarged: 62.
num_inconsistent_stats: 0.

CodeHeap 'non-profiled nmethods': size=120000Kb used=393Kb max_used=393Kb free=119606Kb
 bounds [0x0000024e0fd50000, 0x0000024e0ffc0000, 0x0000024e17280000]
CodeHeap 'profiled nmethods': size=120000Kb used=1653Kb max_used=1653Kb free=118346Kb
 bounds [0x0000024e08280000, 0x0000024e084f0000, 0x0000024e0f7b0000]
CodeHeap 'non-nmethods': size=5760Kb used=1430Kb max_used=1474Kb free=4329Kb
 bounds [0x0000024e0f7b0000, 0x0000024e0fa20000, 0x0000024e0fd50000]
 total_blobs=1414 nmethods=948 adapters=371
 compilation: enabled
              stopped_count=0, restarted_count=0
 full_count=0

Compilation events (20 events):
Event: 0.812 Thread 0x0000024e1f80b940 nmethod 942 0x0000024e0fdb1a90 code [0x0000024e0fdb1c20, 0x0000024e0fdb1ce8]
Event: 0.812 Thread 0x0000024e1f80b940  939       3       java.util.zip.ZipUtils::CENCRC (9 bytes)
Event: 0.813 Thread 0x0000024e1f80b940 nmethod 939 0x0000024e08419b90 code [0x0000024e08419d40, 0x0000024e0841a020]
Event: 0.813 Thread 0x0000024e1f80b940  940       3       java.util.zip.ZipUtils::CENVEM_FA (8 bytes)
Event: 0.813 Thread 0x0000024e1f80b940 nmethod 940 0x0000024e0841a190 code [0x0000024e0841a320, 0x0000024e0841a498]
Event: 0.813 Thread 0x0000024e1f80b940  941       3       java.util.zip.ZipUtils::CH (8 bytes)
Event: 0.813 Thread 0x0000024e1f80b940 nmethod 941 0x0000024e0841a590 code [0x0000024e0841a720, 0x0000024e0841a838]
Event: 0.814 Thread 0x0000024e1f80b940  943       3       java.lang.invoke.MethodHandles$Lookup::isClassAccessible (53 bytes)
Event: 0.814 Thread 0x0000024e1f80b940 nmethod 943 0x0000024e0841a910 code [0x0000024e0841ab20, 0x0000024e0841b0e0]
Event: 0.817 Thread 0x0000024e1f80b940  944       3       java.lang.invoke.MethodType::changeReturnType (20 bytes)
Event: 0.817 Thread 0x0000024e1f80b940 nmethod 944 0x0000024e0841b310 code [0x0000024e0841b4c0, 0x0000024e0841b698]
Event: 0.818 Thread 0x0000024e1fc829a0 nmethod 936 0x0000024e0fdb1d90 code [0x0000024e0fdb1f20, 0x0000024e0fdb22b0]
Event: 0.819 Thread 0x0000024e1f80b940  945       3       sun.invoke.util.BytecodeDescriptor::unparse (24 bytes)
Event: 0.819 Thread 0x0000024e1f80b940 nmethod 945 0x0000024e0841b790 code [0x0000024e0841b940, 0x0000024e0841bb48]
Event: 0.819 Thread 0x0000024e1f80b940  946       3       java.lang.invoke.MethodHandles$Lookup::checkAccess (200 bytes)
Event: 0.820 Thread 0x0000024e1f80b940 nmethod 946 0x0000024e0841bc10 code [0x0000024e0841bec0, 0x0000024e0841c9e0]
Event: 0.820 Thread 0x0000024e1f80b940  947       3       java.util.zip.ZipUtils::CENATX_PERMS (9 bytes)
Event: 0.820 Thread 0x0000024e1f80b940 nmethod 947 0x0000024e0841cd90 code [0x0000024e0841cf40, 0x0000024e0841d0f0]
Event: 0.824 Thread 0x0000024e1f80b940  948       3       java.util.stream.PipelineHelper::<init> (5 bytes)
Event: 0.824 Thread 0x0000024e1f80b940 nmethod 948 0x0000024e0841d210 code [0x0000024e0841d3a0, 0x0000024e0841d508]

GC Heap History (0 events):
No events

Dll operation events (8 events):
Event: 0.050 Loaded shared library C:\Users\dotai\.jdks\openjdk-22.0.2\bin\java.dll
Event: 0.052 Loaded shared library C:\Users\dotai\.jdks\openjdk-22.0.2\bin\zip.dll
Event: 0.099 Loaded shared library C:\Users\dotai\.jdks\openjdk-22.0.2\bin\jsvml.dll
Event: 0.252 Loaded shared library C:\Users\dotai\.jdks\openjdk-22.0.2\bin\instrument.dll
Event: 0.290 Loaded shared library C:\Users\dotai\.jdks\openjdk-22.0.2\bin\net.dll
Event: 0.292 Loaded shared library C:\Users\dotai\.jdks\openjdk-22.0.2\bin\nio.dll
Event: 0.298 Loaded shared library C:\Users\dotai\.jdks\openjdk-22.0.2\bin\zip.dll
Event: 0.451 Loaded shared library C:\Users\dotai\.jdks\openjdk-22.0.2\bin\jimage.dll

Deoptimization events (20 events):
Event: 0.532 Thread 0x0000024e7e09b0a0 DEOPT PACKING pc=0x0000024e0fd78638 sp=0x000000fec77fcfc0
Event: 0.532 Thread 0x0000024e7e09b0a0 DEOPT UNPACKING pc=0x0000024e0f8046a2 sp=0x000000fec77fcf40 mode 2
Event: 0.532 Thread 0x0000024e7e09b0a0 Uncommon trap: trap_request=0xffffff45 fr.pc=0x0000024e0fd5f34c relative=0x000000000000098c
Event: 0.532 Thread 0x0000024e7e09b0a0 Uncommon trap: reason=unstable_if action=reinterpret pc=0x0000024e0fd5f34c method=java.util.HashMap.putVal(ILjava/lang/Object;Ljava/lang/Object;ZZ)Ljava/lang/Object; @ 69 c2
Event: 0.532 Thread 0x0000024e7e09b0a0 DEOPT PACKING pc=0x0000024e0fd5f34c sp=0x000000fec77fcae0
Event: 0.533 Thread 0x0000024e7e09b0a0 DEOPT UNPACKING pc=0x0000024e0f8046a2 sp=0x000000fec77fcaa0 mode 2
Event: 0.586 Thread 0x0000024e7e09b0a0 Uncommon trap: trap_request=0xffffff6e fr.pc=0x0000024e0fd87194 relative=0x0000000000000454
Event: 0.586 Thread 0x0000024e7e09b0a0 Uncommon trap: reason=loop_limit_check action=maybe_recompile pc=0x0000024e0fd87194 method=java.lang.StringLatin1.indexOf([BI[BII)I @ 37 c2
Event: 0.586 Thread 0x0000024e7e09b0a0 DEOPT PACKING pc=0x0000024e0fd87194 sp=0x000000fec77fdf80
Event: 0.586 Thread 0x0000024e7e09b0a0 DEOPT UNPACKING pc=0x0000024e0f8046a2 sp=0x000000fec77fdee0 mode 2
Event: 0.687 Thread 0x0000024e7e09b0a0 DEOPT PACKING pc=0x0000024e083badc9 sp=0x000000fec77fe840
Event: 0.687 Thread 0x0000024e7e09b0a0 DEOPT UNPACKING pc=0x0000024e0f804e42 sp=0x000000fec77fdc98 mode 1
Event: 0.687 Thread 0x0000024e7e09b0a0 DEOPT PACKING pc=0x0000024e083ba764 sp=0x000000fec77fe8d0
Event: 0.687 Thread 0x0000024e7e09b0a0 DEOPT UNPACKING pc=0x0000024e0f804e42 sp=0x000000fec77fdd78 mode 1
Event: 0.740 Thread 0x0000024e7e09b0a0 DEOPT PACKING pc=0x0000024e083badc9 sp=0x000000fec77fd9f0
Event: 0.740 Thread 0x0000024e7e09b0a0 DEOPT UNPACKING pc=0x0000024e0f804e42 sp=0x000000fec77fce48 mode 1
Event: 0.740 Thread 0x0000024e7e09b0a0 DEOPT PACKING pc=0x0000024e083ba764 sp=0x000000fec77fda80
Event: 0.740 Thread 0x0000024e7e09b0a0 DEOPT UNPACKING pc=0x0000024e0f804e42 sp=0x000000fec77fcf28 mode 1
Event: 0.792 Thread 0x0000024e7e09b0a0 DEOPT PACKING pc=0x0000024e082d04c3 sp=0x000000fec77fc710
Event: 0.792 Thread 0x0000024e7e09b0a0 DEOPT UNPACKING pc=0x0000024e0f804e42 sp=0x000000fec77fbb88 mode 0

Classes loaded (20 events):
Event: 0.820 Loading class org/springframework/boot/autoconfigure/BackgroundPreinitializer
Event: 0.820 Loading class org/springframework/boot/autoconfigure/BackgroundPreinitializer done
Event: 0.820 Loading class java/util/concurrent/CountDownLatch$Sync
Event: 0.821 Loading class java/util/concurrent/CountDownLatch$Sync done
Event: 0.821 Loading class java/lang/StackWalker$Option
Event: 0.821 Loading class java/lang/StackWalker$Option done
Event: 0.822 Loading class org/springframework/boot/SpringApplication
Event: 0.822 Loading class org/springframework/boot/SpringApplication done
Event: 0.822 Loading class java/lang/StackStreamFactory
Event: 0.822 Loading class java/lang/StackStreamFactory done
Event: 0.823 Loading class java/lang/StackWalker$ExtendedOption
Event: 0.823 Loading class java/lang/StackWalker$ExtendedOption done
Event: 0.823 Loading class java/lang/StackStreamFactory$StackFrameTraverser
Event: 0.823 Loading class java/lang/StackStreamFactory$StackFrameTraverser done
Event: 0.823 Loading class java/lang/StackStreamFactory$WalkerState
Event: 0.823 Loading class java/lang/StackStreamFactory$WalkerState done
Event: 0.823 Loading class java/lang/StackStreamFactory$StackFrameBuffer
Event: 0.823 Loading class java/lang/StackStreamFactory$FrameBuffer
Event: 0.823 Loading class java/lang/StackStreamFactory$FrameBuffer done
Event: 0.823 Loading class java/lang/StackStreamFactory$StackFrameBuffer done

Classes unloaded (0 events):
No events

Classes redefined (0 events):
No events

Internal exceptions (9 events):
Event: 0.254 Thread 0x0000024e7e09b0a0 Exception <a 'java/lang/NoSuchMethodError'{0x0000000712134d58}: 'void java.lang.invoke.DirectMethodHandle$Holder.invokeStatic(java.lang.Object, java.lang.Object, java.lang.Object)'> (0x0000000712134d58) 
thrown [s\open\src\hotspot\share\interpreter\linkResolver.cpp, line 774]
Event: 0.262 Thread 0x0000024e7e09b0a0 Exception <a 'java/lang/NoSuchMethodError'{0x000000071214c7f0}: 'java.lang.Object java.lang.invoke.Invokers$Holder.invokeExact_MT(java.lang.Object, java.lang.Object, java.lang.Object, java.lang.Object, java.lang.Object)'> (0x000000071214c7f0) 
thrown [s\open\src\hotspot\share\interpreter\linkResolver.cpp, line 774]
Event: 0.537 Thread 0x0000024e7e09b0a0 Exception <a 'java/lang/ClassNotFoundException'{0x00000007117015b8}: javax/smartcardio/CardPermission> (0x00000007117015b8) 
thrown [s\open\src\hotspot\share\classfile\systemDictionary.cpp, line 313]
Event: 0.540 Thread 0x0000024e7e09b0a0 Exception <a 'java/io/FileNotFoundException'{0x00000007117118c8}> (0x00000007117118c8) 
thrown [s\open\src\hotspot\share\prims\jni.cpp, line 520]
Event: 0.574 Thread 0x0000024e7e09b0a0 Exception <a 'java/lang/NoSuchMethodError'{0x00000007117b26a0}: 'java.lang.Object java.lang.invoke.DirectMethodHandle$Holder.invokeSpecial(java.lang.Object, java.lang.Object, java.lang.Object, long, java.lang.Object)'> (0x00000007117b26a0) 
thrown [s\open\src\hotspot\share\interpreter\linkResolver.cpp, line 774]
Event: 0.574 Thread 0x0000024e7e09b0a0 Exception <a 'java/lang/NoSuchMethodError'{0x00000007117b6000}: 'java.lang.Object java.lang.invoke.Invokers$Holder.linkToTargetMethod(java.lang.Object, long, java.lang.Object, java.lang.Object)'> (0x00000007117b6000) 
thrown [s\open\src\hotspot\share\interpreter\linkResolver.cpp, line 774]
Event: 0.694 Thread 0x0000024e7e09b0a0 Exception <a 'java/lang/NoSuchMethodError'{0x00000007112cb1c8}: 'void java.lang.invoke.DirectMethodHandle$Holder.invokeStatic(java.lang.Object, java.lang.Object, java.lang.Object, java.lang.Object)'> (0x00000007112cb1c8) 
thrown [s\open\src\hotspot\share\interpreter\linkResolver.cpp, line 774]
Event: 0.743 Thread 0x0000024e7e09b0a0 Exception <a 'java/lang/NoSuchMethodError'{0x000000071100d0c0}: 'int java.lang.invoke.DirectMethodHandle$Holder.invokeStaticInit(java.lang.Object, java.lang.Object)'> (0x000000071100d0c0) 
thrown [s\open\src\hotspot\share\interpreter\linkResolver.cpp, line 774]
Event: 0.751 Thread 0x0000024e7e09b0a0 Exception <a 'java/lang/NoSuchMethodError'{0x00000007110513f8}: 'void java.lang.invoke.DirectMethodHandle$Holder.invokeInterface(java.lang.Object, java.lang.Object, java.lang.Object, java.lang.Object)'> (0x00000007110513f8) 
thrown [s\open\src\hotspot\share\interpreter\linkResolver.cpp, line 774]

ZGC Phase Switch (0 events):
No events

VM Operations (12 events):
Event: 0.188 Executing VM operation: HandshakeAllThreads (Deoptimize)
Event: 0.188 Executing VM operation: HandshakeAllThreads (Deoptimize) done
Event: 0.250 Executing VM operation: ChangeBreakpoints
Event: 0.250 Executing VM operation: ChangeBreakpoints done
Event: 0.250 Executing VM operation: ChangeBreakpoints
Event: 0.250 Executing VM operation: ChangeBreakpoints done
Event: 0.474 Executing VM operation: HandshakeAllThreads (Deoptimize)
Event: 0.474 Executing VM operation: HandshakeAllThreads (Deoptimize) done
Event: 0.821 Executing VM operation: HandshakeAllThreads (Deoptimize)
Event: 0.821 Executing VM operation: HandshakeAllThreads (Deoptimize) done
Event: 0.821 Executing VM operation: HandshakeAllThreads (Deoptimize)
Event: 0.821 Executing VM operation: HandshakeAllThreads (Deoptimize) done

Memory protections (0 events):
No events

Nmethod flushes (0 events):
No events

Events (16 events):
Event: 0.073 Thread 0x0000024e7e09b0a0 Thread added: 0x0000024e7e09b0a0
Event: 0.095 Thread 0x0000024e7e09b0a0 Thread added: 0x0000024e1f7e97f0
Event: 0.095 Thread 0x0000024e7e09b0a0 Thread added: 0x0000024e1f7f14e0
Event: 0.096 Thread 0x0000024e7e09b0a0 Thread added: 0x0000024e1f7f43e0
Event: 0.096 Thread 0x0000024e7e09b0a0 Thread added: 0x0000024e1f7f3d50
Event: 0.096 Thread 0x0000024e7e09b0a0 Thread added: 0x0000024e1f7f5e20
Event: 0.096 Thread 0x0000024e7e09b0a0 Thread added: 0x0000024e1f7f4a70
Event: 0.096 Thread 0x0000024e7e09b0a0 Thread added: 0x0000024e1f7fc830
Event: 0.097 Thread 0x0000024e7e09b0a0 Thread added: 0x0000024e1f80b940
Event: 0.179 Thread 0x0000024e7e09b0a0 Thread added: 0x0000024e1f7f3030
Event: 0.212 Thread 0x0000024e7e09b0a0 Thread added: 0x0000024e1fb96c00
Event: 0.212 Thread 0x0000024e7e09b0a0 Thread added: 0x0000024e1fb982a0
Event: 0.212 Thread 0x0000024e1fb96c00 Thread added: 0x0000024e1fb93710
Event: 0.273 Thread 0x0000024e7e09b0a0 Thread added: 0x0000024e1f7f64b0
Event: 0.314 Thread 0x0000024e1f7fc830 Thread added: 0x0000024e1fc376e0
Event: 0.336 Thread 0x0000024e1f80b940 Thread added: 0x0000024e1fc829a0


Dynamic libraries:
0x00007ff7051d0000 - 0x00007ff7051de000 	C:\Users\dotai\.jdks\openjdk-22.0.2\bin\java.exe
0x00007ffc3a470000 - 0x00007ffc3a687000 	C:\WINDOWS\SYSTEM32\ntdll.dll
0x00007ffc392d0000 - 0x00007ffc39394000 	C:\WINDOWS\System32\KERNEL32.DLL
0x00007ffc37dc0000 - 0x00007ffc3816d000 	C:\WINDOWS\System32\KERNELBASE.dll
0x00007ffc37850000 - 0x00007ffc37961000 	C:\WINDOWS\System32\ucrtbase.dll
0x00007ffc26c10000 - 0x00007ffc26c27000 	C:\Users\dotai\.jdks\openjdk-22.0.2\bin\jli.dll
0x00007ffc26c30000 - 0x00007ffc26c4b000 	C:\Users\dotai\.jdks\openjdk-22.0.2\bin\VCRUNTIME140.dll
0x00007ffc393a0000 - 0x00007ffc3954e000 	C:\WINDOWS\System32\USER32.dll
0x00007ffc37a10000 - 0x00007ffc37a36000 	C:\WINDOWS\System32\win32u.dll
0x00007ffc39870000 - 0x00007ffc39899000 	C:\WINDOWS\System32\GDI32.dll
0x00007ffc1b000000 - 0x00007ffc1b293000 	C:\WINDOWS\WinSxS\amd64_microsoft.windows.common-controls_6595b64144ccf1df_6.0.22621.3672_none_2713b9d173822955\COMCTL32.dll
0x00007ffc37ac0000 - 0x00007ffc37bd9000 	C:\WINDOWS\System32\gdi32full.dll
0x00007ffc397c0000 - 0x00007ffc39867000 	C:\WINDOWS\System32\msvcrt.dll
0x00007ffc37970000 - 0x00007ffc37a0a000 	C:\WINDOWS\System32\msvcp_win.dll
0x00007ffc39780000 - 0x00007ffc397b1000 	C:\WINDOWS\System32\IMM32.DLL
0x00007ffc26c00000 - 0x00007ffc26c0c000 	C:\Users\dotai\.jdks\openjdk-22.0.2\bin\vcruntime140_1.dll
0x00007ffc169a0000 - 0x00007ffc16a2e000 	C:\Users\dotai\.jdks\openjdk-22.0.2\bin\msvcp140.dll
0x00007ffb8de80000 - 0x00007ffb8ebc9000 	C:\Users\dotai\.jdks\openjdk-22.0.2\bin\server\jvm.dll
0x00007ffc395b0000 - 0x00007ffc39662000 	C:\WINDOWS\System32\ADVAPI32.dll
0x00007ffc396d0000 - 0x00007ffc39779000 	C:\WINDOWS\System32\sechost.dll
0x00007ffc38170000 - 0x00007ffc38198000 	C:\WINDOWS\System32\bcrypt.dll
0x00007ffc38830000 - 0x00007ffc38944000 	C:\WINDOWS\System32\RPCRT4.dll
0x00007ffc391a0000 - 0x00007ffc39211000 	C:\WINDOWS\System32\WS2_32.dll
0x00007ffc36600000 - 0x00007ffc3664d000 	C:\WINDOWS\SYSTEM32\POWRPROF.dll
0x00007ffc32430000 - 0x00007ffc32464000 	C:\WINDOWS\SYSTEM32\WINMM.dll
0x00007ffc2f360000 - 0x00007ffc2f36a000 	C:\WINDOWS\SYSTEM32\VERSION.dll
0x00007ffc365e0000 - 0x00007ffc365f3000 	C:\WINDOWS\SYSTEM32\UMPDC.dll
0x00007ffc36890000 - 0x00007ffc368a8000 	C:\WINDOWS\SYSTEM32\kernel.appcore.dll
0x00007ffc26bf0000 - 0x00007ffc26bfa000 	C:\Users\dotai\.jdks\openjdk-22.0.2\bin\jimage.dll
0x00007ffc20b30000 - 0x00007ffc20d62000 	C:\WINDOWS\SYSTEM32\DBGHELP.DLL
0x00007ffc38490000 - 0x00007ffc3881e000 	C:\WINDOWS\System32\combase.dll
0x00007ffc3a350000 - 0x00007ffc3a427000 	C:\WINDOWS\System32\OLEAUT32.dll
0x00007ffc1f990000 - 0x00007ffc1f9c2000 	C:\WINDOWS\SYSTEM32\dbgcore.DLL
0x00007ffc37a40000 - 0x00007ffc37abb000 	C:\WINDOWS\System32\bcryptPrimitives.dll
0x00007ffc162c0000 - 0x00007ffc162fc000 	C:\Users\dotai\.jdks\openjdk-22.0.2\bin\jdwp.dll
0x00007ffc26be0000 - 0x00007ffc26bef000 	C:\Users\dotai\.jdks\openjdk-22.0.2\bin\instrument.dll
0x00007ffc26820000 - 0x00007ffc2683e000 	C:\Users\dotai\.jdks\openjdk-22.0.2\bin\java.dll
0x00007ffc39ae0000 - 0x00007ffc3a347000 	C:\WINDOWS\System32\SHELL32.dll
0x00007ffc381d0000 - 0x00007ffc38375000 	C:\WINDOWS\System32\ole32.dll
0x00007ffc25b40000 - 0x00007ffc25b57000 	C:\Users\dotai\.jdks\openjdk-22.0.2\bin\zip.dll
0x00007ffc356d0000 - 0x00007ffc35fcf000 	C:\WINDOWS\SYSTEM32\windows.storage.dll
0x00007ffc35590000 - 0x00007ffc356cf000 	C:\WINDOWS\SYSTEM32\wintypes.dll
0x00007ffc399d0000 - 0x00007ffc39ac9000 	C:\WINDOWS\System32\SHCORE.dll
0x00007ffc39670000 - 0x00007ffc396ce000 	C:\WINDOWS\System32\shlwapi.dll
0x00007ffc376c0000 - 0x00007ffc376e7000 	C:\WINDOWS\SYSTEM32\profapi.dll
0x00007ffc168c0000 - 0x00007ffc16997000 	C:\Users\dotai\.jdks\openjdk-22.0.2\bin\jsvml.dll
0x00007ffc26840000 - 0x00007ffc2684c000 	C:\Users\dotai\.jdks\openjdk-22.0.2\bin\dt_socket.dll
0x00007ffc362a0000 - 0x00007ffc362cd000 	C:\WINDOWS\SYSTEM32\IPHLPAPI.DLL
0x00007ffc36cf0000 - 0x00007ffc36d59000 	C:\WINDOWS\system32\mswsock.dll
0x00007ffc26a60000 - 0x00007ffc26a70000 	C:\Users\dotai\.jdks\openjdk-22.0.2\bin\net.dll
0x00007ffc25cf0000 - 0x00007ffc25d06000 	C:\Users\dotai\.jdks\openjdk-22.0.2\bin\nio.dll

dbghelp: loaded successfully - version: 4.0.5 - missing functions: none
symbol engine: initialized successfully - sym options: 0x614 - pdb path: .;C:\Users\dotai\.jdks\openjdk-22.0.2\bin;C:\WINDOWS\SYSTEM32;C:\WINDOWS\WinSxS\amd64_microsoft.windows.common-controls_6595b64144ccf1df_6.0.22621.3672_none_2713b9d173822955;C:\Users\dotai\.jdks\openjdk-22.0.2\bin\server

VM Arguments:
jvm_args: -agentlib:jdwp=transport=dt_socket,address=127.0.0.1:57421,suspend=y,server=n -javaagent:C:\Users\dotai\AppData\Local\JetBrains\IntelliJIdea2024.2\captureAgent\debugger-agent.jar -Dkotlinx.coroutines.debug.enable.creation.stack.trace=false -Ddebugger.agent.enable.coroutines=true -Dfile.encoding=UTF-8 -Dsun.stdout.encoding=UTF-8 -Dsun.stderr.encoding=UTF-8 
java_command: com.example.BookWeb.BookWebApplication
java_class_path (initial): C:\Users\dotai\Downloads\BookWeb\BookWeb\target\classes;C:\Users\dotai\.m2\repository\org\springframework\boot\spring-boot-starter-data-jpa\3.3.3\spring-boot-starter-data-jpa-3.3.3.jar;C:\Users\dotai\.m2\repository\org\springframework\boot\spring-boot-starter-aop\3.3.3\spring-boot-starter-aop-3.3.3.jar;C:\Users\dotai\.m2\repository\org\aspectj\aspectjweaver\1.9.22.1\aspectjweaver-1.9.22.1.jar;C:\Users\dotai\.m2\repository\org\springframework\boot\spring-boot-starter-jdbc\3.3.3\spring-boot-starter-jdbc-3.3.3.jar;C:\Users\dotai\.m2\repository\com\zaxxer\HikariCP\5.1.0\HikariCP-5.1.0.jar;C:\Users\dotai\.m2\repository\org\springframework\spring-jdbc\6.1.12\spring-jdbc-6.1.12.jar;C:\Users\dotai\.m2\repository\org\hibernate\orm\hibernate-core\6.5.2.Final\hibernate-core-6.5.2.Final.jar;C:\Users\dotai\.m2\repository\jakarta\persistence\jakarta.persistence-api\3.1.0\jakarta.persistence-api-3.1.0.jar;C:\Users\dotai\.m2\repository\jakarta\transaction\jakarta.transaction-api\2.0.1\jakarta.transaction-api-2.0.1.jar;C:\Users\dotai\.m2\repository\org\jboss\logging\jboss-logging\3.5.3.Final\jboss-logging-3.5.3.Final.jar;C:\Users\dotai\.m2\repository\org\hibernate\common\hibernate-commons-annotations\6.0.6.Final\hibernate-commons-annotations-6.0.6.Final.jar;C:\Users\dotai\.m2\repository\io\smallrye\jandex\3.1.2\jandex-3.1.2.jar;C:\Users\dotai\.m2\repository\com\fasterxml\classmate\1.7.0\classmate-1.7.0.jar;C:\Users\dotai\.m2\repository\net\bytebuddy\byte-buddy\1.14.19\byte-buddy-1.14.19.jar;C:\Users\dotai\.m2\repository\org\glassfish\jaxb\jaxb-runtime\4.0.5\jaxb-runtime-4.0.5.jar;C:\Users\dotai\.m2\repository\org\glassfish\jaxb\jaxb-core\4.0.5\jaxb-core-4.0.5.jar;C:\Users\dotai\.m2\repository\org\eclipse\angus\angus-activation\2.0.2\angus-activation-2.0.2.jar;C:\Users\dotai\.m2\repository\org\glassfish\jaxb\txw2\4.0.5\txw2-4.0.5.jar;C:\Users\dotai\.m2\repository\com\sun\istack\istack-commons-runtime\4.1.2\istack-commons-runtime-4.1.2.jar;C:\Users\dotai\.m2\repository\jakarta\inject\jakarta.inject-api\2.0.1\jakarta.inject-api-2.0.1.jar;C:\Users\dotai\.m2\repository\org\antlr\antlr4-runtime\4.13.0\antlr4-runtime-4.13.0.jar;C:\Users\dotai\.m2\repository\org\springframework\data\spring-data-jpa\3.3.3\spring-data-jpa-3.3.3.jar;C:\Users\dotai\.m2\repository\org\springframework\data\spring-data-commons\3.3.3\spring-data-commons-3.3.3.jar;C:\Users\dotai\.m2\repository\org\springframework\spring-orm\6.1.12\spring-orm-6.1.12.jar;C:\Users\dotai\.m2\repository\org\springframework\spring-context\6.1.12\spring-context-6.1.12.jar;C:\Users\dotai\.m2\repository\org\springframework\spring-tx\6.1.12\spring-tx-6.1.12.jar;C:\Users\dotai\.m2\repository\org\springframework\spring-beans\6.1.12\spring-beans-6.1.12.jar;C:\Users\dotai\.m2\repository\jakarta\annotation\jakarta.annotation-api\2.1.1\jakarta.annotation-api-2.1.1.jar;C:\Users\dotai\.m2\repository\org\slf4j\slf4j-api\2.0.16\slf4j-api-2.0.16.jar;C:\Users\dotai\.m2\repository\org\springframework\spring-aspects\6.1.12\spring-aspects-6.1.12.jar;C:\Users\dotai\.m2\repository\org\springframework\boot\spring-boot-starter-security\3.3.3\spring-boot-starter-security-3.3.3.jar;C:\Users\dotai\.m2\repository\org\springframework\boot\spring-boot-starter\3.3.3\spring-boot-starter-3.3.3.jar;C:\Users\dotai\.m2\repository\org\springframework\boot\spring-boot\3.3.3\spring-boot-3.3.3.jar;C:\Users\dotai\.m2\repository\org\springframework\boot\spring-boot-autoconfigure\3.3.3\spring-boot-autoconfigure-3.3.3.jar;C:\Users\dotai\.m2\repository\org\springframework\boot\spring-boot-starter-logging\3.3.3\spring-boot-starter-logging-3.3.3.jar;C:\Users\dotai\.m2\repository\ch\qos\logback\logback-classic\1.5.7\logback-classic-1.5.7.jar;C:\Users\dotai\.m2\repository\ch\qos\logback\logback-core\1.5.7\logback-core-1.5.7.jar;C:\Users\dotai\.m2\repository\org\apache\logging\log4j\log4j-to-slf4j\2.23.1\log4j-to-slf4j-2.23.1.jar;C:\Users\dotai\.m2\repository\org\apache\logging\log4j\log4j-api\2.23.1\log4j-api-2.23.1.jar;C:\Users\dotai\.m2\repository\org\slf4j\jul-to-slf4j\2.0.16\jul-to-slf4j-2.0.16.jar;C:\Users\dotai\.m2\repository\org\yaml\snakeyaml\2.2\snakeyaml-2.2.jar;C:\Users\dotai\.m2\repository\org\springframework\spring-aop\6.1.12\spring-aop-6.1.12.jar;C:\Users\dotai\.m2\repository\org\springframework\security\spring-security-config\6.3.3\spring-security-config-6.3.3.jar;C:\Users\dotai\.m2\repository\org\springframework\security\spring-security-web\6.3.3\spring-security-web-6.3.3.jar;C:\Users\dotai\.m2\repository\org\springframework\spring-expression\6.1.12\spring-expression-6.1.12.jar;C:\Users\dotai\.m2\repository\org\springframework\boot\spring-boot-starter-web\3.3.3\spring-boot-starter-web-3.3.3.jar;C:\Users\dotai\.m2\repository\org\springframework\boot\spring-boot-starter-json\3.3.3\spring-boot-starter-json-3.3.3.jar;C:\Users\dotai\.m2\repository\com\fasterxml\jackson\datatype\jackson-datatype-jdk8\2.17.2\jackson-datatype-jdk8-2.17.2.jar;C:\Users\dotai\.m2\repository\com\fasterxml\jackson\datatype\jackson-datatype-jsr310\2.17.2\jackson-datatype-jsr310-2.17.2.jar;C:\Users\dotai\.m2\repository\com\fasterxml\jackson\module\jackson-module-parameter-names\2.17.2\jackson-module-parameter-names-2.17.2.jar;C:\Users\dotai\.m2\repository\org\springframework\boot\spring-boot-starter-tomcat\3.3.3\spring-boot-starter-tomcat-3.3.3.jar;C:\Users\dotai\.m2\repository\org\apache\tomcat\embed\tomcat-embed-core\10.1.28\tomcat-embed-core-10.1.28.jar;C:\Users\dotai\.m2\repository\org\apache\tomcat\embed\tomcat-embed-websocket\10.1.28\tomcat-embed-websocket-10.1.28.jar;C:\Users\dotai\.m2\repository\org\springframework\spring-web\6.1.12\spring-web-6.1.12.jar;C:\Users\dotai\.m2\repository\io\micrometer\micrometer-observation\1.13.3\micrometer-observation-1.13.3.jar;C:\Users\dotai\.m2\repository\io\micrometer\micrometer-commons\1.13.3\micrometer-commons-1.13.3.jar;C:\Users\dotai\.m2\repository\org\springframework\spring-webmvc\6.1.12\spring-webmvc-6.1.12.jar;C:\Users\dotai\.m2\repository\org\postgresql\postgresql\42.7.3\postgresql-42.7.3.jar;C:\Users\dotai\.m2\repository\org\checkerframework\checker-qual\3.42.0\checker-qual-3.42.0.jar;C:\Users\dotai\.m2\repository\org\projectlombok\lombok\1.18.34\lombok-1.18.34.jar;C:\Users\dotai\.m2\repository\jakarta\xml\bind\jakarta.xml.bind-api\4.0.2\jakarta.xml.bind-api-4.0.2.jar;C:\Users\dotai\.m2\repository\jakarta\activation\jakarta.activation-api\2.1.3\jakarta.activation-api-2.1.3.jar;C:\Users\dotai\.m2\repository\org\springframework\spring-core\6.1.12\spring-core-6.1.12.jar;C:\Users\dotai\.m2\repository\org\springframework\spring-jcl\6.1.12\spring-jcl-6.1.12.jar;C:\Users\dotai\.m2\repository\org\springframework\security\spring-security-core\6.3.3\spring-security-core-6.3.3.jar;C:\Users\dotai\.m2\repository\org\springframework\security\spring-security-crypto\6.3.3\spring-security-crypto-6.3.3.jar;C:\Users\dotai\.m2\repository\org\springframework\boot\spring-boot-starter-validation\3.3.3\spring-boot-starter-validation-3.3.3.jar;C:\Users\dotai\.m2\repository\org\apache\tomcat\embed\tomcat-embed-el\10.1.28\tomcat-embed-el-10.1.28.jar;C:\Users\dotai\.m2\repository\org\hibernate\validator\hibernate-validator\8.0.1.Final\hibernate-validator-8.0.1.Final.jar;C:\Users\dotai\.m2\repository\jakarta\validation\jakarta.validation-api\3.0.2\jakarta.validation-api-3.0.2.jar;C:\Users\dotai\.m2\repository\org\mapstruct\mapstruct\1.6.0.Beta1\mapstruct-1.6.0.Beta1.jar;C:\Users\dotai\.m2\repository\io\jsonwebtoken\jjwt-api\0.12.5\jjwt-api-0.12.5.jar;C:\Users\dotai\.m2\repository\io\jsonwebtoken\jjwt-impl\0.12.5\jjwt-impl-0.12.5.jar;C:\Users\dotai\.m2\repository\io\jsonwebtoken\jjwt-jackson\0.12.5\jjwt-jackson-0.12.5.jar;C:\Users\dotai\.m2\repository\com\fasterxml\jackson\core\jackson-databind\2.17.2\jackson-databind-2.17.2.jar;C:\Users\dotai\.m2\repository\com\fasterxml\jackson\core\jackson-annotations\2.17.2\jackson-annotations-2.17.2.jar;C:\Users\dotai\.m2\repository\com\fasterxml\jackson\core\jackson-core\2.17.2\jackson-core-2.17.2.jar;C:\Program Files\JetBrains\IntelliJ IDEA 2024.2.0.2\lib\idea_rt.jar
Launcher Type: SUN_STANDARD

[Global flags]
     intx CICompilerCount                          = 4                                         {product} {ergonomic}
     uint ConcGCThreads                            = 3                                         {product} {ergonomic}
     uint G1ConcRefinementThreads                  = 10                                        {product} {ergonomic}
   size_t G1HeapRegionSize                         = 2097152                                   {product} {ergonomic}
   size_t InitialHeapSize                          = 266338304                                 {product} {ergonomic}
   size_t MarkStackSize                            = 4194304                                   {product} {ergonomic}
   size_t MaxHeapSize                              = 4255121408                                {product} {ergonomic}
   size_t MaxNewSize                               = 2552233984                                {product} {ergonomic}
   size_t MinHeapDeltaBytes                        = 2097152                                   {product} {ergonomic}
   size_t MinHeapSize                              = 8388608                                   {product} {ergonomic}
    uintx NonNMethodCodeHeapSize                   = 5839372                                {pd product} {ergonomic}
    uintx NonProfiledCodeHeapSize                  = 122909434                              {pd product} {ergonomic}
    uintx ProfiledCodeHeapSize                     = 122909434                              {pd product} {ergonomic}
    uintx ReservedCodeCacheSize                    = 251658240                              {pd product} {ergonomic}
     bool SegmentedCodeCache                       = true                                      {product} {ergonomic}
   size_t SoftMaxHeapSize                          = 4255121408                             {manageable} {ergonomic}
     bool UseCompressedOops                        = true                           {product lp64_product} {ergonomic}
     bool UseG1GC                                  = true                                      {product} {ergonomic}
     bool UseLargePagesIndividualAllocation        = false                                  {pd product} {ergonomic}

Logging:
Log output configuration:
 #0: stdout all=warning uptime,level,tags foldmultilines=false
 #1: stderr all=off uptime,level,tags foldmultilines=false

Environment Variables:
JAVA_HOME=C:\Program Files\Java\jdk-22
PATH=C:\Program Files\apache-maven-3.9.8\bin;C:\WINDOWS;C:\WINDOWS\System32\Wbem;C:\WINDOWS\System32\WindowsPowerShell\v1.0\;C:\WINDOWS\System32\OpenSSH\;C:\Program Files\Docker\Docker\resources\bin;C:\Program Files\Java\jdk-22\bin;C:\Users\dotai\AppData\Local\Microsoft\WindowsApps;;C:\Program Files\JetBrains\IntelliJ IDEA Community Edition 2024.1.4\bin;;C:\Users\dotai\AppData\Local\Programs\Microsoft VS Code\bin
USERNAME=dotai
OS=Windows_NT
PROCESSOR_IDENTIFIER=Intel64 Family 6 Model 158 Stepping 10, GenuineIntel
TMP=C:\Users\dotai\AppData\Local\Temp
TEMP=C:\Users\dotai\AppData\Local\Temp




Periodic native trim disabled

---------------  S Y S T E M  ---------------

OS:
 Windows 11 , 64 bit Build 22621 (10.0.22621.3958)
OS uptime: 0 days 7:39 hours
Hyper-V role detected

CPU: total 12 (initial active 12) (6 cores per cpu, 2 threads per core) family 6 model 158 stepping 10 microcode 0xde, cx8, cmov, fxsr, ht, mmx, 3dnowpref, sse, sse2, sse3, ssse3, sse4.1, sse4.2, popcnt, lzcnt, tsc, tscinvbit, avx, avx2, aes, erms, clmul, bmi1, bmi2, adx, fma, vzeroupper, clflush, clflushopt, hv, rdtscp, f16c
Processor Information for all 12 processors :
  Max Mhz: 2201, Current Mhz: 2201, Mhz Limit: 2201

Memory: 4k page, system-wide physical 16227M (3243M free)
TotalPageFile size 26998M (AvailPageFile size 4311M)
current process WorkingSet (physical memory assigned to process): 73M, peak: 73M
current process commit charge ("private bytes"): 358M, peak: 358M

vm_info: OpenJDK 64-Bit Server VM (22.0.2+9-70) for windows-amd64 JRE (22.0.2+9-70), built on 2024-06-04T16:52:23Z by "mach5one" with MS VC++ 17.6 (VS2022)

END.
